ARM GAS  /tmp/ccwVglUs.s 			page 1


   1              		.syntax unified
   2              		.cpu cortex-m4
   3              		.eabi_attribute 27, 1
   4              		.eabi_attribute 28, 1
   5              		.fpu fpv4-sp-d16
   6              		.eabi_attribute 20, 1
   7              		.eabi_attribute 21, 1
   8              		.eabi_attribute 23, 3
   9              		.eabi_attribute 24, 1
  10              		.eabi_attribute 25, 1
  11              		.eabi_attribute 26, 1
  12              		.eabi_attribute 30, 2
  13              		.eabi_attribute 34, 1
  14              		.eabi_attribute 18, 4
  15              		.thumb
  16              		.file	"hal.c"
  17              		.text
  18              	.Ltext0:
  19              		.cfi_sections	.debug_frame
  20              		.section	.text.halInit,"ax",%progbits
  21              		.align	2
  22              		.p2align 4,,15
  23              		.global	halInit
  24              		.thumb
  25              		.thumb_func
  26              		.type	halInit, %function
  27              	halInit:
  28              	.LFB256:
  29              		.file 1 "ChibiOS_3.0.2/os/hal/src/hal.c"
  30              		.loc 1 56 0
  31              		.cfi_startproc
  32              		@ args = 0, pretend = 0, frame = 0
  33              		@ frame_needed = 0, uses_anonymous_args = 0
  34 0000 08B5     		push	{r3, lr}
  35              		.cfi_def_cfa_offset 8
  36              		.cfi_offset 3, -8
  37              		.cfi_offset 14, -4
  38              		.loc 1 62 0
  39 0002 FFF7FEFF 		bl	hal_lld_init
  40              	.LVL0:
  41              		.loc 1 65 0
  42 0006 0B48     		ldr	r0, .L3
  43 0008 FFF7FEFF 		bl	_pal_lld_init
  44              	.LVL1:
  45              		.loc 1 71 0
  46 000c FFF7FEFF 		bl	canInit
  47              	.LVL2:
  48              		.loc 1 83 0
  49 0010 FFF7FEFF 		bl	i2cInit
  50              	.LVL3:
  51              		.loc 1 89 0
  52 0014 FFF7FEFF 		bl	icuInit
  53              	.LVL4:
  54              		.loc 1 104 0
  55 0018 FFF7FEFF 		bl	spiInit
  56              	.LVL5:
  57              		.loc 1 107 0
ARM GAS  /tmp/ccwVglUs.s 			page 2


  58 001c FFF7FEFF 		bl	uartInit
  59              	.LVL6:
  60              		.loc 1 110 0
  61 0020 FFF7FEFF 		bl	usbInit
  62              	.LVL7:
  63              		.loc 1 116 0
  64 0024 FFF7FEFF 		bl	sduInit
  65              	.LVL8:
  66              		.loc 1 130 0
  67 0028 FFF7FEFF 		bl	boardInit
  68              	.LVL9:
  69              		.loc 1 139 0
  70 002c BDE80840 		pop	{r3, lr}
  71              		.cfi_restore 14
  72              		.cfi_restore 3
  73              		.cfi_def_cfa_offset 0
  74              		.loc 1 137 0
  75 0030 FFF7FEBF 		b	stInit
  76              	.LVL10:
  77              	.L4:
  78              		.align	2
  79              	.L3:
  80 0034 00000000 		.word	pal_default_config
  81              		.cfi_endproc
  82              	.LFE256:
  83              		.size	halInit, .-halInit
  84              		.text
  85              	.Letext0:
  86              		.file 2 "/usr/arm-none-eabi/include/machine/_default_types.h"
  87              		.file 3 "/usr/arm-none-eabi/include/sys/_stdint.h"
  88              		.file 4 "ChibiOS_3.0.2/os/rt/ports/ARMCMx/compilers/GCC/chtypes.h"
  89              		.file 5 "ChibiOS_3.0.2/os/rt/include/chsystypes.h"
  90              		.file 6 "ChibiOS_3.0.2/os/rt/include/chschd.h"
  91              		.file 7 "ChibiOS_3.0.2/os/rt/ports/ARMCMx/chcore.h"
  92              		.file 8 "ChibiOS_3.0.2/os/rt/ports/ARMCMx/chcore_v7m.h"
  93              		.file 9 "ChibiOS_3.0.2/os/rt/include/chtm.h"
  94              		.file 10 "ChibiOS_3.0.2/os/rt/include/chsem.h"
  95              		.file 11 "ChibiOS_3.0.2/os/rt/include/chmtx.h"
  96              		.file 12 "ChibiOS_3.0.2/os/hal/ports/STM32/LLD/GPIOv2/pal_lld.h"
  97              		.file 13 "ChibiOS_3.0.2/os/ext/CMSIS/include/core_cm4.h"
  98              		.file 14 "ChibiOS_3.0.2/os/hal/ports/STM32/STM32F4xx/hal_lld.h"
  99              		.file 15 "ChibiOS_3.0.2/os/hal/include/can.h"
 100              		.file 16 "ChibiOS_3.0.2/os/hal/include/i2c.h"
 101              		.file 17 "ChibiOS_3.0.2/os/hal/include/icu.h"
 102              		.file 18 "ChibiOS_3.0.2/os/hal/include/spi.h"
 103              		.file 19 "ChibiOS_3.0.2/os/hal/include/uart.h"
 104              		.file 20 "ChibiOS_3.0.2/os/hal/include/usb.h"
 105              		.file 21 "ChibiOS_3.0.2/os/hal/include/serial_usb.h"
 106              		.file 22 "ChibiOS_3.0.2/os/hal/boards/ST_STM32F4_DISCOVERY/board.h"
 107              		.file 23 "ChibiOS_3.0.2/os/hal/include/st.h"
 108              		.file 24 "ChibiOS_3.0.2/os/hal/osal/rt/osal.h"
 109              		.section	.debug_info,"",%progbits
 110              	.Ldebug_info0:
 111 0000 01090000 		.4byte	0x901
 112 0004 0400     		.2byte	0x4
 113 0006 00000000 		.4byte	.Ldebug_abbrev0
 114 000a 04       		.byte	0x4
ARM GAS  /tmp/ccwVglUs.s 			page 3


 115 000b 01       		.uleb128 0x1
 116 000c 69040000 		.4byte	.LASF134
 117 0010 01       		.byte	0x1
 118 0011 E0020000 		.4byte	.LASF135
 119 0015 6A000000 		.4byte	.LASF136
 120 0019 00000000 		.4byte	.Ldebug_ranges0+0
 121 001d 00000000 		.4byte	0
 122 0021 00000000 		.4byte	.Ldebug_line0
 123 0025 02       		.uleb128 0x2
 124 0026 04       		.byte	0x4
 125 0027 05       		.byte	0x5
 126 0028 696E7400 		.ascii	"int\000"
 127 002c 03       		.uleb128 0x3
 128 002d 04       		.byte	0x4
 129 002e 07       		.byte	0x7
 130 002f BC010000 		.4byte	.LASF0
 131 0033 03       		.uleb128 0x3
 132 0034 01       		.byte	0x1
 133 0035 06       		.byte	0x6
 134 0036 10010000 		.4byte	.LASF1
 135 003a 04       		.uleb128 0x4
 136 003b 45000000 		.4byte	.LASF5
 137 003f 02       		.byte	0x2
 138 0040 1D       		.byte	0x1d
 139 0041 45000000 		.4byte	0x45
 140 0045 03       		.uleb128 0x3
 141 0046 01       		.byte	0x1
 142 0047 08       		.byte	0x8
 143 0048 87030000 		.4byte	.LASF2
 144 004c 03       		.uleb128 0x3
 145 004d 02       		.byte	0x2
 146 004e 05       		.byte	0x5
 147 004f B2030000 		.4byte	.LASF3
 148 0053 03       		.uleb128 0x3
 149 0054 02       		.byte	0x2
 150 0055 07       		.byte	0x7
 151 0056 0A020000 		.4byte	.LASF4
 152 005a 04       		.uleb128 0x4
 153 005b 62020000 		.4byte	.LASF6
 154 005f 02       		.byte	0x2
 155 0060 3F       		.byte	0x3f
 156 0061 65000000 		.4byte	0x65
 157 0065 03       		.uleb128 0x3
 158 0066 04       		.byte	0x4
 159 0067 05       		.byte	0x5
 160 0068 4F010000 		.4byte	.LASF7
 161 006c 04       		.uleb128 0x4
 162 006d B2050000 		.4byte	.LASF8
 163 0071 02       		.byte	0x2
 164 0072 41       		.byte	0x41
 165 0073 77000000 		.4byte	0x77
 166 0077 03       		.uleb128 0x3
 167 0078 04       		.byte	0x4
 168 0079 07       		.byte	0x7
 169 007a 4A040000 		.4byte	.LASF9
 170 007e 03       		.uleb128 0x3
 171 007f 08       		.byte	0x8
ARM GAS  /tmp/ccwVglUs.s 			page 4


 172 0080 05       		.byte	0x5
 173 0081 02010000 		.4byte	.LASF10
 174 0085 04       		.uleb128 0x4
 175 0086 2E030000 		.4byte	.LASF11
 176 008a 02       		.byte	0x2
 177 008b 5B       		.byte	0x5b
 178 008c 90000000 		.4byte	0x90
 179 0090 03       		.uleb128 0x3
 180 0091 08       		.byte	0x8
 181 0092 07       		.byte	0x7
 182 0093 96000000 		.4byte	.LASF12
 183 0097 04       		.uleb128 0x4
 184 0098 39060000 		.4byte	.LASF13
 185 009c 03       		.byte	0x3
 186 009d 14       		.byte	0x14
 187 009e 3A000000 		.4byte	0x3a
 188 00a2 04       		.uleb128 0x4
 189 00a3 7F030000 		.4byte	.LASF14
 190 00a7 03       		.byte	0x3
 191 00a8 1F       		.byte	0x1f
 192 00a9 5A000000 		.4byte	0x5a
 193 00ad 04       		.uleb128 0x4
 194 00ae 22040000 		.4byte	.LASF15
 195 00b2 03       		.byte	0x3
 196 00b3 20       		.byte	0x20
 197 00b4 6C000000 		.4byte	0x6c
 198 00b8 04       		.uleb128 0x4
 199 00b9 3C000000 		.4byte	.LASF16
 200 00bd 03       		.byte	0x3
 201 00be 26       		.byte	0x26
 202 00bf 85000000 		.4byte	0x85
 203 00c3 05       		.uleb128 0x5
 204 00c4 A2000000 		.4byte	0xa2
 205 00c8 04       		.uleb128 0x4
 206 00c9 E3050000 		.4byte	.LASF17
 207 00cd 04       		.byte	0x4
 208 00ce 45       		.byte	0x45
 209 00cf AD000000 		.4byte	0xad
 210 00d3 04       		.uleb128 0x4
 211 00d4 40020000 		.4byte	.LASF18
 212 00d8 04       		.byte	0x4
 213 00d9 48       		.byte	0x48
 214 00da 97000000 		.4byte	0x97
 215 00de 04       		.uleb128 0x4
 216 00df 5F010000 		.4byte	.LASF19
 217 00e3 04       		.byte	0x4
 218 00e4 49       		.byte	0x49
 219 00e5 97000000 		.4byte	0x97
 220 00e9 04       		.uleb128 0x4
 221 00ea 39030000 		.4byte	.LASF20
 222 00ee 04       		.byte	0x4
 223 00ef 4A       		.byte	0x4a
 224 00f0 97000000 		.4byte	0x97
 225 00f4 04       		.uleb128 0x4
 226 00f5 3B010000 		.4byte	.LASF21
 227 00f9 04       		.byte	0x4
 228 00fa 4B       		.byte	0x4b
ARM GAS  /tmp/ccwVglUs.s 			page 5


 229 00fb 97000000 		.4byte	0x97
 230 00ff 04       		.uleb128 0x4
 231 0100 61030000 		.4byte	.LASF22
 232 0104 04       		.byte	0x4
 233 0105 4C       		.byte	0x4c
 234 0106 AD000000 		.4byte	0xad
 235 010a 04       		.uleb128 0x4
 236 010b 2E020000 		.4byte	.LASF23
 237 010f 04       		.byte	0x4
 238 0110 4D       		.byte	0x4d
 239 0111 A2000000 		.4byte	0xa2
 240 0115 04       		.uleb128 0x4
 241 0116 56020000 		.4byte	.LASF24
 242 011a 04       		.byte	0x4
 243 011b 4F       		.byte	0x4f
 244 011c AD000000 		.4byte	0xad
 245 0120 04       		.uleb128 0x4
 246 0121 B6010000 		.4byte	.LASF25
 247 0125 04       		.byte	0x4
 248 0126 51       		.byte	0x51
 249 0127 A2000000 		.4byte	0xa2
 250 012b 04       		.uleb128 0x4
 251 012c 94050000 		.4byte	.LASF26
 252 0130 05       		.byte	0x5
 253 0131 33       		.byte	0x33
 254 0132 AD000000 		.4byte	0xad
 255 0136 04       		.uleb128 0x4
 256 0137 20060000 		.4byte	.LASF27
 257 013b 05       		.byte	0x5
 258 013c 3F       		.byte	0x3f
 259 013d 41010000 		.4byte	0x141
 260 0141 06       		.uleb128 0x6
 261 0142 24020000 		.4byte	.LASF49
 262 0146 48       		.byte	0x48
 263 0147 06       		.byte	0x6
 264 0148 C2       		.byte	0xc2
 265 0149 46020000 		.4byte	0x246
 266 014d 07       		.uleb128 0x7
 267 014e E3030000 		.4byte	.LASF28
 268 0152 06       		.byte	0x6
 269 0153 C3       		.byte	0xc3
 270 0154 51020000 		.4byte	0x251
 271 0158 00       		.byte	0
 272 0159 07       		.uleb128 0x7
 273 015a 51030000 		.4byte	.LASF29
 274 015e 06       		.byte	0x6
 275 015f C5       		.byte	0xc5
 276 0160 51020000 		.4byte	0x251
 277 0164 04       		.byte	0x4
 278 0165 07       		.uleb128 0x7
 279 0166 FB000000 		.4byte	.LASF30
 280 016a 06       		.byte	0x6
 281 016b C7       		.byte	0xc7
 282 016c FF000000 		.4byte	0xff
 283 0170 08       		.byte	0x8
 284 0171 07       		.uleb128 0x7
 285 0172 94060000 		.4byte	.LASF31
ARM GAS  /tmp/ccwVglUs.s 			page 6


 286 0176 06       		.byte	0x6
 287 0177 C8       		.byte	0xc8
 288 0178 81040000 		.4byte	0x481
 289 017c 0C       		.byte	0xc
 290 017d 07       		.uleb128 0x7
 291 017e 68010000 		.4byte	.LASF32
 292 0182 06       		.byte	0x6
 293 0183 CA       		.byte	0xca
 294 0184 51020000 		.4byte	0x251
 295 0188 10       		.byte	0x10
 296 0189 07       		.uleb128 0x7
 297 018a D2020000 		.4byte	.LASF33
 298 018e 06       		.byte	0x6
 299 018f CB       		.byte	0xcb
 300 0190 51020000 		.4byte	0x251
 301 0194 14       		.byte	0x14
 302 0195 07       		.uleb128 0x7
 303 0196 48060000 		.4byte	.LASF34
 304 019a 06       		.byte	0x6
 305 019b D2       		.byte	0xd2
 306 019c C6060000 		.4byte	0x6c6
 307 01a0 18       		.byte	0x18
 308 01a1 07       		.uleb128 0x7
 309 01a2 BC030000 		.4byte	.LASF35
 310 01a6 06       		.byte	0x6
 311 01a7 DD       		.byte	0xdd
 312 01a8 DE000000 		.4byte	0xde
 313 01ac 1C       		.byte	0x1c
 314 01ad 07       		.uleb128 0x7
 315 01ae EA030000 		.4byte	.LASF36
 316 01b2 06       		.byte	0x6
 317 01b3 E1       		.byte	0xe1
 318 01b4 D3000000 		.4byte	0xd3
 319 01b8 1D       		.byte	0x1d
 320 01b9 07       		.uleb128 0x7
 321 01ba 0B060000 		.4byte	.LASF37
 322 01be 06       		.byte	0x6
 323 01bf E6       		.byte	0xe6
 324 01c0 E9000000 		.4byte	0xe9
 325 01c4 1E       		.byte	0x1e
 326 01c5 07       		.uleb128 0x7
 327 01c6 C4030000 		.4byte	.LASF38
 328 01ca 06       		.byte	0x6
 329 01cb EC       		.byte	0xec
 330 01cc F4000000 		.4byte	0xf4
 331 01d0 1F       		.byte	0x1f
 332 01d1 07       		.uleb128 0x7
 333 01d2 D1010000 		.4byte	.LASF39
 334 01d6 06       		.byte	0x6
 335 01d7 F3       		.byte	0xf3
 336 01d8 D8060000 		.4byte	0x6d8
 337 01dc 20       		.byte	0x20
 338 01dd 08       		.uleb128 0x8
 339 01de 705F7500 		.ascii	"p_u\000"
 340 01e2 06       		.byte	0x6
 341 01e3 3101     		.2byte	0x131
 342 01e5 01060000 		.4byte	0x601
ARM GAS  /tmp/ccwVglUs.s 			page 7


 343 01e9 24       		.byte	0x24
 344 01ea 09       		.uleb128 0x9
 345 01eb 95020000 		.4byte	.LASF40
 346 01ef 06       		.byte	0x6
 347 01f0 3601     		.2byte	0x136
 348 01f2 57020000 		.4byte	0x257
 349 01f6 28       		.byte	0x28
 350 01f7 09       		.uleb128 0x9
 351 01f8 E8010000 		.4byte	.LASF41
 352 01fc 06       		.byte	0x6
 353 01fd 3C01     		.2byte	0x13c
 354 01ff 7B020000 		.4byte	0x27b
 355 0203 2C       		.byte	0x2c
 356 0204 09       		.uleb128 0x9
 357 0205 69060000 		.4byte	.LASF42
 358 0209 06       		.byte	0x6
 359 020a 4001     		.2byte	0x140
 360 020c 0A010000 		.4byte	0x10a
 361 0210 34       		.byte	0x34
 362 0211 09       		.uleb128 0x9
 363 0212 17040000 		.4byte	.LASF43
 364 0216 06       		.byte	0x6
 365 0217 4601     		.2byte	0x146
 366 0219 15010000 		.4byte	0x115
 367 021d 38       		.byte	0x38
 368 021e 09       		.uleb128 0x9
 369 021f A8030000 		.4byte	.LASF44
 370 0223 06       		.byte	0x6
 371 0224 4D01     		.2byte	0x14d
 372 0226 C0060000 		.4byte	0x6c0
 373 022a 3C       		.byte	0x3c
 374 022b 09       		.uleb128 0x9
 375 022c 9E050000 		.4byte	.LASF45
 376 0230 06       		.byte	0x6
 377 0231 5101     		.2byte	0x151
 378 0233 FF000000 		.4byte	0xff
 379 0237 40       		.byte	0x40
 380 0238 09       		.uleb128 0x9
 381 0239 25010000 		.4byte	.LASF46
 382 023d 06       		.byte	0x6
 383 023e 5801     		.2byte	0x158
 384 0240 2E030000 		.4byte	0x32e
 385 0244 44       		.byte	0x44
 386 0245 00       		.byte	0
 387 0246 04       		.uleb128 0x4
 388 0247 A8020000 		.4byte	.LASF47
 389 024b 05       		.byte	0x5
 390 024c 44       		.byte	0x44
 391 024d 51020000 		.4byte	0x251
 392 0251 0A       		.uleb128 0xa
 393 0252 04       		.byte	0x4
 394 0253 36010000 		.4byte	0x136
 395 0257 04       		.uleb128 0x4
 396 0258 86020000 		.4byte	.LASF48
 397 025c 05       		.byte	0x5
 398 025d 49       		.byte	0x49
 399 025e 62020000 		.4byte	0x262
ARM GAS  /tmp/ccwVglUs.s 			page 8


 400 0262 06       		.uleb128 0x6
 401 0263 3A040000 		.4byte	.LASF50
 402 0267 04       		.byte	0x4
 403 0268 06       		.byte	0x6
 404 0269 B0       		.byte	0xb0
 405 026a 7B020000 		.4byte	0x27b
 406 026e 07       		.uleb128 0x7
 407 026f E3030000 		.4byte	.LASF28
 408 0273 06       		.byte	0x6
 409 0274 B1       		.byte	0xb1
 410 0275 51020000 		.4byte	0x251
 411 0279 00       		.byte	0
 412 027a 00       		.byte	0
 413 027b 04       		.uleb128 0x4
 414 027c F2050000 		.4byte	.LASF51
 415 0280 05       		.byte	0x5
 416 0281 50       		.byte	0x50
 417 0282 86020000 		.4byte	0x286
 418 0286 06       		.uleb128 0x6
 419 0287 EA000000 		.4byte	.LASF52
 420 028b 08       		.byte	0x8
 421 028c 06       		.byte	0x6
 422 028d B7       		.byte	0xb7
 423 028e AB020000 		.4byte	0x2ab
 424 0292 07       		.uleb128 0x7
 425 0293 E3030000 		.4byte	.LASF28
 426 0297 06       		.byte	0x6
 427 0298 B8       		.byte	0xb8
 428 0299 51020000 		.4byte	0x251
 429 029d 00       		.byte	0
 430 029e 07       		.uleb128 0x7
 431 029f 51030000 		.4byte	.LASF29
 432 02a3 06       		.byte	0x6
 433 02a4 B9       		.byte	0xb9
 434 02a5 51020000 		.4byte	0x251
 435 02a9 04       		.byte	0x4
 436 02aa 00       		.byte	0
 437 02ab 04       		.uleb128 0x4
 438 02ac 13000000 		.4byte	.LASF53
 439 02b0 05       		.byte	0x5
 440 02b1 57       		.byte	0x57
 441 02b2 B6020000 		.4byte	0x2b6
 442 02b6 0B       		.uleb128 0xb
 443 02b7 48020000 		.4byte	.LASF54
 444 02bb 1C       		.byte	0x1c
 445 02bc 06       		.byte	0x6
 446 02bd 9001     		.2byte	0x190
 447 02bf 12030000 		.4byte	0x312
 448 02c3 09       		.uleb128 0x9
 449 02c4 32040000 		.4byte	.LASF55
 450 02c8 06       		.byte	0x6
 451 02c9 9101     		.2byte	0x191
 452 02cb 7B020000 		.4byte	0x27b
 453 02cf 00       		.byte	0
 454 02d0 09       		.uleb128 0x9
 455 02d1 CE030000 		.4byte	.LASF56
 456 02d5 06       		.byte	0x6
ARM GAS  /tmp/ccwVglUs.s 			page 9


 457 02d6 9201     		.2byte	0x192
 458 02d8 FF000000 		.4byte	0xff
 459 02dc 08       		.byte	0x8
 460 02dd 09       		.uleb128 0x9
 461 02de DA020000 		.4byte	.LASF57
 462 02e2 06       		.byte	0x6
 463 02e3 9401     		.2byte	0x194
 464 02e5 81040000 		.4byte	0x481
 465 02e9 0C       		.byte	0xc
 466 02ea 09       		.uleb128 0x9
 467 02eb 78010000 		.4byte	.LASF58
 468 02ef 06       		.byte	0x6
 469 02f0 9701     		.2byte	0x197
 470 02f2 51020000 		.4byte	0x251
 471 02f6 10       		.byte	0x10
 472 02f7 09       		.uleb128 0x9
 473 02f8 26030000 		.4byte	.LASF59
 474 02fc 06       		.byte	0x6
 475 02fd 9801     		.2byte	0x198
 476 02ff 51020000 		.4byte	0x251
 477 0303 14       		.byte	0x14
 478 0304 09       		.uleb128 0x9
 479 0305 1C030000 		.4byte	.LASF60
 480 0309 06       		.byte	0x6
 481 030a 9B01     		.2byte	0x19b
 482 030c 51020000 		.4byte	0x251
 483 0310 18       		.byte	0x18
 484 0311 00       		.byte	0
 485 0312 04       		.uleb128 0x4
 486 0313 A9050000 		.4byte	.LASF61
 487 0317 05       		.byte	0x5
 488 0318 5C       		.byte	0x5c
 489 0319 1D030000 		.4byte	0x31d
 490 031d 0A       		.uleb128 0xa
 491 031e 04       		.byte	0x4
 492 031f 23030000 		.4byte	0x323
 493 0323 0C       		.uleb128 0xc
 494 0324 2E030000 		.4byte	0x32e
 495 0328 0D       		.uleb128 0xd
 496 0329 2E030000 		.4byte	0x32e
 497 032d 00       		.byte	0
 498 032e 0E       		.uleb128 0xe
 499 032f 04       		.byte	0x4
 500 0330 04       		.uleb128 0x4
 501 0331 41030000 		.4byte	.LASF62
 502 0335 05       		.byte	0x5
 503 0336 61       		.byte	0x61
 504 0337 3B030000 		.4byte	0x33b
 505 033b 0B       		.uleb128 0xb
 506 033c F9030000 		.4byte	.LASF63
 507 0340 14       		.byte	0x14
 508 0341 06       		.byte	0x6
 509 0342 6B01     		.2byte	0x16b
 510 0344 8A030000 		.4byte	0x38a
 511 0348 09       		.uleb128 0x9
 512 0349 C9010000 		.4byte	.LASF64
 513 034d 06       		.byte	0x6
ARM GAS  /tmp/ccwVglUs.s 			page 10


 514 034e 6C01     		.2byte	0x16c
 515 0350 DD060000 		.4byte	0x6dd
 516 0354 00       		.byte	0
 517 0355 09       		.uleb128 0x9
 518 0356 89010000 		.4byte	.LASF65
 519 035a 06       		.byte	0x6
 520 035b 6D01     		.2byte	0x16d
 521 035d DD060000 		.4byte	0x6dd
 522 0361 04       		.byte	0x4
 523 0362 09       		.uleb128 0x9
 524 0363 DF010000 		.4byte	.LASF66
 525 0367 06       		.byte	0x6
 526 0368 6E01     		.2byte	0x16e
 527 036a 2B010000 		.4byte	0x12b
 528 036e 08       		.byte	0x8
 529 036f 09       		.uleb128 0x9
 530 0370 9A060000 		.4byte	.LASF67
 531 0374 06       		.byte	0x6
 532 0375 6F01     		.2byte	0x16f
 533 0377 12030000 		.4byte	0x312
 534 037b 0C       		.byte	0xc
 535 037c 09       		.uleb128 0x9
 536 037d EB050000 		.4byte	.LASF68
 537 0381 06       		.byte	0x6
 538 0382 7101     		.2byte	0x171
 539 0384 2E030000 		.4byte	0x32e
 540 0388 10       		.byte	0x10
 541 0389 00       		.byte	0
 542 038a 04       		.uleb128 0x4
 543 038b C7000000 		.4byte	.LASF69
 544 038f 05       		.byte	0x5
 545 0390 66       		.byte	0x66
 546 0391 95030000 		.4byte	0x395
 547 0395 0B       		.uleb128 0xb
 548 0396 BB020000 		.4byte	.LASF70
 549 039a 10       		.byte	0x10
 550 039b 06       		.byte	0x6
 551 039c 7B01     		.2byte	0x17b
 552 039e D7030000 		.4byte	0x3d7
 553 03a2 09       		.uleb128 0x9
 554 03a3 C9010000 		.4byte	.LASF64
 555 03a7 06       		.byte	0x6
 556 03a8 7C01     		.2byte	0x17c
 557 03aa DD060000 		.4byte	0x6dd
 558 03ae 00       		.byte	0
 559 03af 09       		.uleb128 0x9
 560 03b0 89010000 		.4byte	.LASF65
 561 03b4 06       		.byte	0x6
 562 03b5 7E01     		.2byte	0x17e
 563 03b7 DD060000 		.4byte	0x6dd
 564 03bb 04       		.byte	0x4
 565 03bc 09       		.uleb128 0x9
 566 03bd DF010000 		.4byte	.LASF66
 567 03c1 06       		.byte	0x6
 568 03c2 8001     		.2byte	0x180
 569 03c4 2B010000 		.4byte	0x12b
 570 03c8 08       		.byte	0x8
ARM GAS  /tmp/ccwVglUs.s 			page 11


 571 03c9 09       		.uleb128 0x9
 572 03ca 56060000 		.4byte	.LASF71
 573 03ce 06       		.byte	0x6
 574 03cf 8201     		.2byte	0x182
 575 03d1 D8060000 		.4byte	0x6d8
 576 03d5 0C       		.byte	0xc
 577 03d6 00       		.byte	0
 578 03d7 04       		.uleb128 0x4
 579 03d8 5B000000 		.4byte	.LASF72
 580 03dc 05       		.byte	0x5
 581 03dd 6B       		.byte	0x6b
 582 03de E2030000 		.4byte	0x3e2
 583 03e2 0B       		.uleb128 0xb
 584 03e3 69030000 		.4byte	.LASF73
 585 03e7 04       		.byte	0x4
 586 03e8 06       		.byte	0x6
 587 03e9 A201     		.2byte	0x1a2
 588 03eb FD030000 		.4byte	0x3fd
 589 03ef 09       		.uleb128 0x9
 590 03f0 BD050000 		.4byte	.LASF74
 591 03f4 06       		.byte	0x6
 592 03f5 AA01     		.2byte	0x1aa
 593 03f7 E3060000 		.4byte	0x6e3
 594 03fb 00       		.byte	0
 595 03fc 00       		.byte	0
 596 03fd 04       		.uleb128 0x4
 597 03fe 34020000 		.4byte	.LASF75
 598 0402 05       		.byte	0x5
 599 0403 70       		.byte	0x70
 600 0404 08040000 		.4byte	0x408
 601 0408 0F       		.uleb128 0xf
 602 0409 45010000 		.4byte	.LASF76
 603 040d 5802     		.2byte	0x258
 604 040f 06       		.byte	0x6
 605 0410 C201     		.2byte	0x1c2
 606 0412 64040000 		.4byte	0x464
 607 0416 09       		.uleb128 0x9
 608 0417 33060000 		.4byte	.LASF77
 609 041b 06       		.byte	0x6
 610 041c C601     		.2byte	0x1c6
 611 041e AB020000 		.4byte	0x2ab
 612 0422 00       		.byte	0
 613 0423 09       		.uleb128 0x9
 614 0424 91010000 		.4byte	.LASF78
 615 0428 06       		.byte	0x6
 616 0429 CA01     		.2byte	0x1ca
 617 042b 8A030000 		.4byte	0x38a
 618 042f 1C       		.byte	0x1c
 619 0430 08       		.uleb128 0x8
 620 0431 64626700 		.ascii	"dbg\000"
 621 0435 06       		.byte	0x6
 622 0436 CE01     		.2byte	0x1ce
 623 0438 D7030000 		.4byte	0x3d7
 624 043c 2C       		.byte	0x2c
 625 043d 09       		.uleb128 0x9
 626 043e BC000000 		.4byte	.LASF79
 627 0442 06       		.byte	0x6
ARM GAS  /tmp/ccwVglUs.s 			page 12


 628 0443 D201     		.2byte	0x1d2
 629 0445 36010000 		.4byte	0x136
 630 0449 30       		.byte	0x30
 631 044a 08       		.uleb128 0x8
 632 044b 746D00   		.ascii	"tm\000"
 633 044e 06       		.byte	0x6
 634 044f D701     		.2byte	0x1d7
 635 0451 F6050000 		.4byte	0x5f6
 636 0455 78       		.byte	0x78
 637 0456 09       		.uleb128 0x9
 638 0457 A7010000 		.4byte	.LASF80
 639 045b 06       		.byte	0x6
 640 045c E301     		.2byte	0x1e3
 641 045e E8060000 		.4byte	0x6e8
 642 0462 80       		.byte	0x80
 643 0463 00       		.byte	0
 644 0464 03       		.uleb128 0x3
 645 0465 04       		.byte	0x4
 646 0466 07       		.byte	0x7
 647 0467 9F020000 		.4byte	.LASF81
 648 046b 04       		.uleb128 0x4
 649 046c 80010000 		.4byte	.LASF82
 650 0470 07       		.byte	0x7
 651 0471 65       		.byte	0x65
 652 0472 2E030000 		.4byte	0x32e
 653 0476 04       		.uleb128 0x4
 654 0477 73020000 		.4byte	.LASF83
 655 047b 07       		.byte	0x7
 656 047c 6D       		.byte	0x6d
 657 047d B8000000 		.4byte	0xb8
 658 0481 06       		.uleb128 0x6
 659 0482 CE050000 		.4byte	.LASF84
 660 0486 04       		.byte	0x4
 661 0487 07       		.byte	0x7
 662 0488 89       		.byte	0x89
 663 0489 9A040000 		.4byte	0x49a
 664 048d 10       		.uleb128 0x10
 665 048e 72313300 		.ascii	"r13\000"
 666 0492 07       		.byte	0x7
 667 0493 8A       		.byte	0x8a
 668 0494 DB050000 		.4byte	0x5db
 669 0498 00       		.byte	0
 670 0499 00       		.byte	0
 671 049a 06       		.uleb128 0x6
 672 049b 4F000000 		.4byte	.LASF85
 673 049f 64       		.byte	0x64
 674 04a0 08       		.byte	0x8
 675 04a1 F4       		.byte	0xf4
 676 04a2 DB050000 		.4byte	0x5db
 677 04a6 10       		.uleb128 0x10
 678 04a7 73313600 		.ascii	"s16\000"
 679 04ab 08       		.byte	0x8
 680 04ac F6       		.byte	0xf6
 681 04ad 6B040000 		.4byte	0x46b
 682 04b1 00       		.byte	0
 683 04b2 10       		.uleb128 0x10
 684 04b3 73313700 		.ascii	"s17\000"
ARM GAS  /tmp/ccwVglUs.s 			page 13


 685 04b7 08       		.byte	0x8
 686 04b8 F7       		.byte	0xf7
 687 04b9 6B040000 		.4byte	0x46b
 688 04bd 04       		.byte	0x4
 689 04be 10       		.uleb128 0x10
 690 04bf 73313800 		.ascii	"s18\000"
 691 04c3 08       		.byte	0x8
 692 04c4 F8       		.byte	0xf8
 693 04c5 6B040000 		.4byte	0x46b
 694 04c9 08       		.byte	0x8
 695 04ca 10       		.uleb128 0x10
 696 04cb 73313900 		.ascii	"s19\000"
 697 04cf 08       		.byte	0x8
 698 04d0 F9       		.byte	0xf9
 699 04d1 6B040000 		.4byte	0x46b
 700 04d5 0C       		.byte	0xc
 701 04d6 10       		.uleb128 0x10
 702 04d7 73323000 		.ascii	"s20\000"
 703 04db 08       		.byte	0x8
 704 04dc FA       		.byte	0xfa
 705 04dd 6B040000 		.4byte	0x46b
 706 04e1 10       		.byte	0x10
 707 04e2 10       		.uleb128 0x10
 708 04e3 73323100 		.ascii	"s21\000"
 709 04e7 08       		.byte	0x8
 710 04e8 FB       		.byte	0xfb
 711 04e9 6B040000 		.4byte	0x46b
 712 04ed 14       		.byte	0x14
 713 04ee 10       		.uleb128 0x10
 714 04ef 73323200 		.ascii	"s22\000"
 715 04f3 08       		.byte	0x8
 716 04f4 FC       		.byte	0xfc
 717 04f5 6B040000 		.4byte	0x46b
 718 04f9 18       		.byte	0x18
 719 04fa 10       		.uleb128 0x10
 720 04fb 73323300 		.ascii	"s23\000"
 721 04ff 08       		.byte	0x8
 722 0500 FD       		.byte	0xfd
 723 0501 6B040000 		.4byte	0x46b
 724 0505 1C       		.byte	0x1c
 725 0506 10       		.uleb128 0x10
 726 0507 73323400 		.ascii	"s24\000"
 727 050b 08       		.byte	0x8
 728 050c FE       		.byte	0xfe
 729 050d 6B040000 		.4byte	0x46b
 730 0511 20       		.byte	0x20
 731 0512 10       		.uleb128 0x10
 732 0513 73323500 		.ascii	"s25\000"
 733 0517 08       		.byte	0x8
 734 0518 FF       		.byte	0xff
 735 0519 6B040000 		.4byte	0x46b
 736 051d 24       		.byte	0x24
 737 051e 08       		.uleb128 0x8
 738 051f 73323600 		.ascii	"s26\000"
 739 0523 08       		.byte	0x8
 740 0524 0001     		.2byte	0x100
 741 0526 6B040000 		.4byte	0x46b
ARM GAS  /tmp/ccwVglUs.s 			page 14


 742 052a 28       		.byte	0x28
 743 052b 08       		.uleb128 0x8
 744 052c 73323700 		.ascii	"s27\000"
 745 0530 08       		.byte	0x8
 746 0531 0101     		.2byte	0x101
 747 0533 6B040000 		.4byte	0x46b
 748 0537 2C       		.byte	0x2c
 749 0538 08       		.uleb128 0x8
 750 0539 73323800 		.ascii	"s28\000"
 751 053d 08       		.byte	0x8
 752 053e 0201     		.2byte	0x102
 753 0540 6B040000 		.4byte	0x46b
 754 0544 30       		.byte	0x30
 755 0545 08       		.uleb128 0x8
 756 0546 73323900 		.ascii	"s29\000"
 757 054a 08       		.byte	0x8
 758 054b 0301     		.2byte	0x103
 759 054d 6B040000 		.4byte	0x46b
 760 0551 34       		.byte	0x34
 761 0552 08       		.uleb128 0x8
 762 0553 73333000 		.ascii	"s30\000"
 763 0557 08       		.byte	0x8
 764 0558 0401     		.2byte	0x104
 765 055a 6B040000 		.4byte	0x46b
 766 055e 38       		.byte	0x38
 767 055f 08       		.uleb128 0x8
 768 0560 73333100 		.ascii	"s31\000"
 769 0564 08       		.byte	0x8
 770 0565 0501     		.2byte	0x105
 771 0567 6B040000 		.4byte	0x46b
 772 056b 3C       		.byte	0x3c
 773 056c 08       		.uleb128 0x8
 774 056d 723400   		.ascii	"r4\000"
 775 0570 08       		.byte	0x8
 776 0571 0701     		.2byte	0x107
 777 0573 6B040000 		.4byte	0x46b
 778 0577 40       		.byte	0x40
 779 0578 08       		.uleb128 0x8
 780 0579 723500   		.ascii	"r5\000"
 781 057c 08       		.byte	0x8
 782 057d 0801     		.2byte	0x108
 783 057f 6B040000 		.4byte	0x46b
 784 0583 44       		.byte	0x44
 785 0584 08       		.uleb128 0x8
 786 0585 723600   		.ascii	"r6\000"
 787 0588 08       		.byte	0x8
 788 0589 0901     		.2byte	0x109
 789 058b 6B040000 		.4byte	0x46b
 790 058f 48       		.byte	0x48
 791 0590 08       		.uleb128 0x8
 792 0591 723700   		.ascii	"r7\000"
 793 0594 08       		.byte	0x8
 794 0595 0A01     		.2byte	0x10a
 795 0597 6B040000 		.4byte	0x46b
 796 059b 4C       		.byte	0x4c
 797 059c 08       		.uleb128 0x8
 798 059d 723800   		.ascii	"r8\000"
ARM GAS  /tmp/ccwVglUs.s 			page 15


 799 05a0 08       		.byte	0x8
 800 05a1 0B01     		.2byte	0x10b
 801 05a3 6B040000 		.4byte	0x46b
 802 05a7 50       		.byte	0x50
 803 05a8 08       		.uleb128 0x8
 804 05a9 723900   		.ascii	"r9\000"
 805 05ac 08       		.byte	0x8
 806 05ad 0C01     		.2byte	0x10c
 807 05af 6B040000 		.4byte	0x46b
 808 05b3 54       		.byte	0x54
 809 05b4 08       		.uleb128 0x8
 810 05b5 72313000 		.ascii	"r10\000"
 811 05b9 08       		.byte	0x8
 812 05ba 0D01     		.2byte	0x10d
 813 05bc 6B040000 		.4byte	0x46b
 814 05c0 58       		.byte	0x58
 815 05c1 08       		.uleb128 0x8
 816 05c2 72313100 		.ascii	"r11\000"
 817 05c6 08       		.byte	0x8
 818 05c7 0E01     		.2byte	0x10e
 819 05c9 6B040000 		.4byte	0x46b
 820 05cd 5C       		.byte	0x5c
 821 05ce 08       		.uleb128 0x8
 822 05cf 6C7200   		.ascii	"lr\000"
 823 05d2 08       		.byte	0x8
 824 05d3 0F01     		.2byte	0x10f
 825 05d5 6B040000 		.4byte	0x46b
 826 05d9 60       		.byte	0x60
 827 05da 00       		.byte	0
 828 05db 0A       		.uleb128 0xa
 829 05dc 04       		.byte	0x4
 830 05dd 9A040000 		.4byte	0x49a
 831 05e1 11       		.uleb128 0x11
 832 05e2 04       		.byte	0x4
 833 05e3 09       		.byte	0x9
 834 05e4 38       		.byte	0x38
 835 05e5 F6050000 		.4byte	0x5f6
 836 05e9 07       		.uleb128 0x7
 837 05ea C7050000 		.4byte	.LASF86
 838 05ee 09       		.byte	0x9
 839 05ef 3C       		.byte	0x3c
 840 05f0 C8000000 		.4byte	0xc8
 841 05f4 00       		.byte	0
 842 05f5 00       		.byte	0
 843 05f6 04       		.uleb128 0x4
 844 05f7 FF020000 		.4byte	.LASF87
 845 05fb 09       		.byte	0x9
 846 05fc 3D       		.byte	0x3d
 847 05fd E1050000 		.4byte	0x5e1
 848 0601 12       		.uleb128 0x12
 849 0602 04       		.byte	0x4
 850 0603 06       		.byte	0x6
 851 0604 FA       		.byte	0xfa
 852 0605 5E060000 		.4byte	0x65e
 853 0609 13       		.uleb128 0x13
 854 060a 2D000000 		.4byte	.LASF88
 855 060e 06       		.byte	0x6
ARM GAS  /tmp/ccwVglUs.s 			page 16


 856 060f 0101     		.2byte	0x101
 857 0611 0A010000 		.4byte	0x10a
 858 0615 13       		.uleb128 0x13
 859 0616 B3000000 		.4byte	.LASF89
 860 061a 06       		.byte	0x6
 861 061b 0801     		.2byte	0x108
 862 061d 0A010000 		.4byte	0x10a
 863 0621 13       		.uleb128 0x13
 864 0622 41060000 		.4byte	.LASF90
 865 0626 06       		.byte	0x6
 866 0627 0F01     		.2byte	0x10f
 867 0629 2E030000 		.4byte	0x32e
 868 062d 13       		.uleb128 0x13
 869 062e 27000000 		.4byte	.LASF91
 870 0632 06       		.byte	0x6
 871 0633 1601     		.2byte	0x116
 872 0635 5E060000 		.4byte	0x65e
 873 0639 13       		.uleb128 0x13
 874 063a D8010000 		.4byte	.LASF92
 875 063e 06       		.byte	0x6
 876 063f 1E01     		.2byte	0x11e
 877 0641 89060000 		.4byte	0x689
 878 0645 13       		.uleb128 0x13
 879 0646 2B040000 		.4byte	.LASF93
 880 064a 06       		.byte	0x6
 881 064b 2701     		.2byte	0x127
 882 064d C0060000 		.4byte	0x6c0
 883 0651 13       		.uleb128 0x13
 884 0652 DC030000 		.4byte	.LASF94
 885 0656 06       		.byte	0x6
 886 0657 2F01     		.2byte	0x12f
 887 0659 15010000 		.4byte	0x115
 888 065d 00       		.byte	0
 889 065e 0A       		.uleb128 0xa
 890 065f 04       		.byte	0x4
 891 0660 46020000 		.4byte	0x246
 892 0664 06       		.uleb128 0x6
 893 0665 0A040000 		.4byte	.LASF95
 894 0669 0C       		.byte	0xc
 895 066a 0A       		.byte	0xa
 896 066b 34       		.byte	0x34
 897 066c 89060000 		.4byte	0x689
 898 0670 07       		.uleb128 0x7
 899 0671 70010000 		.4byte	.LASF96
 900 0675 0A       		.byte	0xa
 901 0676 35       		.byte	0x35
 902 0677 7B020000 		.4byte	0x27b
 903 067b 00       		.byte	0
 904 067c 07       		.uleb128 0x7
 905 067d A2030000 		.4byte	.LASF97
 906 0681 0A       		.byte	0xa
 907 0682 37       		.byte	0x37
 908 0683 20010000 		.4byte	0x120
 909 0687 08       		.byte	0x8
 910 0688 00       		.byte	0
 911 0689 0A       		.uleb128 0xa
 912 068a 04       		.byte	0x4
ARM GAS  /tmp/ccwVglUs.s 			page 17


 913 068b 64060000 		.4byte	0x664
 914 068f 06       		.uleb128 0x6
 915 0690 02060000 		.4byte	.LASF98
 916 0694 10       		.byte	0x10
 917 0695 0B       		.byte	0xb
 918 0696 39       		.byte	0x39
 919 0697 C0060000 		.4byte	0x6c0
 920 069b 07       		.uleb128 0x7
 921 069c 2D010000 		.4byte	.LASF99
 922 06a0 0B       		.byte	0xb
 923 06a1 3A       		.byte	0x3a
 924 06a2 7B020000 		.4byte	0x27b
 925 06a6 00       		.byte	0
 926 06a7 07       		.uleb128 0x7
 927 06a8 79060000 		.4byte	.LASF100
 928 06ac 0B       		.byte	0xb
 929 06ad 3C       		.byte	0x3c
 930 06ae 51020000 		.4byte	0x251
 931 06b2 08       		.byte	0x8
 932 06b3 07       		.uleb128 0x7
 933 06b4 8D050000 		.4byte	.LASF101
 934 06b8 0B       		.byte	0xb
 935 06b9 3E       		.byte	0x3e
 936 06ba 03070000 		.4byte	0x703
 937 06be 0C       		.byte	0xc
 938 06bf 00       		.byte	0
 939 06c0 0A       		.uleb128 0xa
 940 06c1 04       		.byte	0x4
 941 06c2 8F060000 		.4byte	0x68f
 942 06c6 0A       		.uleb128 0xa
 943 06c7 04       		.byte	0x4
 944 06c8 CC060000 		.4byte	0x6cc
 945 06cc 14       		.uleb128 0x14
 946 06cd D1060000 		.4byte	0x6d1
 947 06d1 03       		.uleb128 0x3
 948 06d2 01       		.byte	0x1
 949 06d3 08       		.byte	0x8
 950 06d4 5C040000 		.4byte	.LASF102
 951 06d8 05       		.uleb128 0x5
 952 06d9 2B010000 		.4byte	0x12b
 953 06dd 0A       		.uleb128 0xa
 954 06de 04       		.byte	0x4
 955 06df 30030000 		.4byte	0x330
 956 06e3 05       		.uleb128 0x5
 957 06e4 C6060000 		.4byte	0x6c6
 958 06e8 15       		.uleb128 0x15
 959 06e9 76040000 		.4byte	0x476
 960 06ed F8060000 		.4byte	0x6f8
 961 06f1 16       		.uleb128 0x16
 962 06f2 64040000 		.4byte	0x464
 963 06f6 3A       		.byte	0x3a
 964 06f7 00       		.byte	0
 965 06f8 04       		.uleb128 0x4
 966 06f9 98010000 		.4byte	.LASF103
 967 06fd 0B       		.byte	0xb
 968 06fe 34       		.byte	0x34
 969 06ff 8F060000 		.4byte	0x68f
ARM GAS  /tmp/ccwVglUs.s 			page 18


 970 0703 0A       		.uleb128 0xa
 971 0704 04       		.byte	0x4
 972 0705 F8060000 		.4byte	0x6f8
 973 0709 03       		.uleb128 0x3
 974 070a 01       		.byte	0x1
 975 070b 02       		.byte	0x2
 976 070c 79030000 		.4byte	.LASF104
 977 0710 11       		.uleb128 0x11
 978 0711 1C       		.byte	0x1c
 979 0712 0C       		.byte	0xc
 980 0713 C1       		.byte	0xc1
 981 0714 6D070000 		.4byte	0x76d
 982 0718 07       		.uleb128 0x7
 983 0719 35010000 		.4byte	.LASF105
 984 071d 0C       		.byte	0xc
 985 071e C3       		.byte	0xc3
 986 071f AD000000 		.4byte	0xad
 987 0723 00       		.byte	0
 988 0724 07       		.uleb128 0x7
 989 0725 03020000 		.4byte	.LASF106
 990 0729 0C       		.byte	0xc
 991 072a C5       		.byte	0xc5
 992 072b AD000000 		.4byte	0xad
 993 072f 04       		.byte	0x4
 994 0730 07       		.uleb128 0x7
 995 0731 FB010000 		.4byte	.LASF107
 996 0735 0C       		.byte	0xc
 997 0736 C7       		.byte	0xc7
 998 0737 AD000000 		.4byte	0xad
 999 073b 08       		.byte	0x8
 1000 073c 07       		.uleb128 0x7
 1001 073d AD000000 		.4byte	.LASF108
 1002 0741 0C       		.byte	0xc
 1003 0742 C9       		.byte	0xc9
 1004 0743 AD000000 		.4byte	0xad
 1005 0747 0C       		.byte	0xc
 1006 0748 10       		.uleb128 0x10
 1007 0749 6F647200 		.ascii	"odr\000"
 1008 074d 0C       		.byte	0xc
 1009 074e CB       		.byte	0xcb
 1010 074f AD000000 		.4byte	0xad
 1011 0753 10       		.byte	0x10
 1012 0754 07       		.uleb128 0x7
 1013 0755 9D030000 		.4byte	.LASF109
 1014 0759 0C       		.byte	0xc
 1015 075a CD       		.byte	0xcd
 1016 075b AD000000 		.4byte	0xad
 1017 075f 14       		.byte	0x14
 1018 0760 07       		.uleb128 0x7
 1019 0761 10030000 		.4byte	.LASF110
 1020 0765 0C       		.byte	0xc
 1021 0766 CF       		.byte	0xcf
 1022 0767 AD000000 		.4byte	0xad
 1023 076b 18       		.byte	0x18
 1024 076c 00       		.byte	0
 1025 076d 04       		.uleb128 0x4
 1026 076e 00000000 		.4byte	.LASF111
ARM GAS  /tmp/ccwVglUs.s 			page 19


 1027 0772 0C       		.byte	0xc
 1028 0773 D0       		.byte	0xd0
 1029 0774 10070000 		.4byte	0x710
 1030 0778 11       		.uleb128 0x11
 1031 0779 FC       		.byte	0xfc
 1032 077a 0C       		.byte	0xc
 1033 077b D9       		.byte	0xd9
 1034 077c ED070000 		.4byte	0x7ed
 1035 0780 07       		.uleb128 0x7
 1036 0781 D5030000 		.4byte	.LASF112
 1037 0785 0C       		.byte	0xc
 1038 0786 DC       		.byte	0xdc
 1039 0787 6D070000 		.4byte	0x76d
 1040 078b 00       		.byte	0
 1041 078c 07       		.uleb128 0x7
 1042 078d A0010000 		.4byte	.LASF113
 1043 0791 0C       		.byte	0xc
 1044 0792 E0       		.byte	0xe0
 1045 0793 6D070000 		.4byte	0x76d
 1046 0797 1C       		.byte	0x1c
 1047 0798 07       		.uleb128 0x7
 1048 0799 4F060000 		.4byte	.LASF114
 1049 079d 0C       		.byte	0xc
 1050 079e E4       		.byte	0xe4
 1051 079f 6D070000 		.4byte	0x76d
 1052 07a3 38       		.byte	0x38
 1053 07a4 07       		.uleb128 0x7
 1054 07a5 15030000 		.4byte	.LASF115
 1055 07a9 0C       		.byte	0xc
 1056 07aa E8       		.byte	0xe8
 1057 07ab 6D070000 		.4byte	0x76d
 1058 07af 54       		.byte	0x54
 1059 07b0 07       		.uleb128 0x7
 1060 07b1 58010000 		.4byte	.LASF116
 1061 07b5 0C       		.byte	0xc
 1062 07b6 EC       		.byte	0xec
 1063 07b7 6D070000 		.4byte	0x76d
 1064 07bb 70       		.byte	0x70
 1065 07bc 07       		.uleb128 0x7
 1066 07bd 1D020000 		.4byte	.LASF117
 1067 07c1 0C       		.byte	0xc
 1068 07c2 F0       		.byte	0xf0
 1069 07c3 6D070000 		.4byte	0x76d
 1070 07c7 8C       		.byte	0x8c
 1071 07c8 07       		.uleb128 0x7
 1072 07c9 6C020000 		.4byte	.LASF118
 1073 07cd 0C       		.byte	0xc
 1074 07ce F4       		.byte	0xf4
 1075 07cf 6D070000 		.4byte	0x76d
 1076 07d3 A8       		.byte	0xa8
 1077 07d4 07       		.uleb128 0x7
 1078 07d5 8F000000 		.4byte	.LASF119
 1079 07d9 0C       		.byte	0xc
 1080 07da F8       		.byte	0xf8
 1081 07db 6D070000 		.4byte	0x76d
 1082 07df C4       		.byte	0xc4
 1083 07e0 07       		.uleb128 0x7
ARM GAS  /tmp/ccwVglUs.s 			page 20


 1084 07e1 F2030000 		.4byte	.LASF120
 1085 07e5 0C       		.byte	0xc
 1086 07e6 FC       		.byte	0xfc
 1087 07e7 6D070000 		.4byte	0x76d
 1088 07eb E0       		.byte	0xe0
 1089 07ec 00       		.byte	0
 1090 07ed 04       		.uleb128 0x4
 1091 07ee 6F060000 		.4byte	.LASF121
 1092 07f2 0C       		.byte	0xc
 1093 07f3 FE       		.byte	0xfe
 1094 07f4 78070000 		.4byte	0x778
 1095 07f8 17       		.uleb128 0x17
 1096 07f9 58030000 		.4byte	.LASF137
 1097 07fd 18       		.byte	0x18
 1098 07fe C101     		.2byte	0x1c1
 1099 0800 03       		.byte	0x3
 1100 0801 18       		.uleb128 0x18
 1101 0802 F3010000 		.4byte	.LASF138
 1102 0806 01       		.byte	0x1
 1103 0807 38       		.byte	0x38
 1104 0808 00000000 		.4byte	.LFB256
 1105 080c 38000000 		.4byte	.LFE256-.LFB256
 1106 0810 01       		.uleb128 0x1
 1107 0811 9C       		.byte	0x9c
 1108 0812 7A080000 		.4byte	0x87a
 1109 0816 19       		.uleb128 0x19
 1110 0817 06000000 		.4byte	.LVL0
 1111 081b A2080000 		.4byte	0x8a2
 1112 081f 19       		.uleb128 0x19
 1113 0820 0C000000 		.4byte	.LVL1
 1114 0824 AA080000 		.4byte	0x8aa
 1115 0828 19       		.uleb128 0x19
 1116 0829 10000000 		.4byte	.LVL2
 1117 082d C2080000 		.4byte	0x8c2
 1118 0831 19       		.uleb128 0x19
 1119 0832 14000000 		.4byte	.LVL3
 1120 0836 C9080000 		.4byte	0x8c9
 1121 083a 19       		.uleb128 0x19
 1122 083b 18000000 		.4byte	.LVL4
 1123 083f D0080000 		.4byte	0x8d0
 1124 0843 19       		.uleb128 0x19
 1125 0844 1C000000 		.4byte	.LVL5
 1126 0848 D7080000 		.4byte	0x8d7
 1127 084c 19       		.uleb128 0x19
 1128 084d 20000000 		.4byte	.LVL6
 1129 0851 DF080000 		.4byte	0x8df
 1130 0855 19       		.uleb128 0x19
 1131 0856 24000000 		.4byte	.LVL7
 1132 085a E6080000 		.4byte	0x8e6
 1133 085e 19       		.uleb128 0x19
 1134 085f 28000000 		.4byte	.LVL8
 1135 0863 EE080000 		.4byte	0x8ee
 1136 0867 19       		.uleb128 0x19
 1137 0868 2C000000 		.4byte	.LVL9
 1138 086c F5080000 		.4byte	0x8f5
 1139 0870 1A       		.uleb128 0x1a
 1140 0871 34000000 		.4byte	.LVL10
ARM GAS  /tmp/ccwVglUs.s 			page 21


 1141 0875 FD080000 		.4byte	0x8fd
 1142 0879 00       		.byte	0
 1143 087a 1B       		.uleb128 0x1b
 1144 087b DD000000 		.4byte	.LASF122
 1145 087f 0D       		.byte	0xd
 1146 0880 A706     		.2byte	0x6a7
 1147 0882 C3000000 		.4byte	0xc3
 1148 0886 1C       		.uleb128 0x1c
 1149 0887 636800   		.ascii	"ch\000"
 1150 088a 06       		.byte	0x6
 1151 088b 0902     		.2byte	0x209
 1152 088d FD030000 		.4byte	0x3fd
 1153 0891 1B       		.uleb128 0x1b
 1154 0892 81060000 		.4byte	.LASF123
 1155 0896 0C       		.byte	0xc
 1156 0897 DA01     		.2byte	0x1da
 1157 0899 9D080000 		.4byte	0x89d
 1158 089d 14       		.uleb128 0x14
 1159 089e ED070000 		.4byte	0x7ed
 1160 08a2 1D       		.uleb128 0x1d
 1161 08a3 D6050000 		.4byte	.LASF124
 1162 08a7 0E       		.byte	0xe
 1163 08a8 1206     		.2byte	0x612
 1164 08aa 1E       		.uleb128 0x1e
 1165 08ab 12060000 		.4byte	.LASF139
 1166 08af 0C       		.byte	0xc
 1167 08b0 DF01     		.2byte	0x1df
 1168 08b2 BC080000 		.4byte	0x8bc
 1169 08b6 0D       		.uleb128 0xd
 1170 08b7 BC080000 		.4byte	0x8bc
 1171 08bb 00       		.byte	0
 1172 08bc 0A       		.uleb128 0xa
 1173 08bd 04       		.byte	0x4
 1174 08be 9D080000 		.4byte	0x89d
 1175 08c2 1F       		.uleb128 0x1f
 1176 08c3 34000000 		.4byte	.LASF125
 1177 08c7 0F       		.byte	0xf
 1178 08c8 7E       		.byte	0x7e
 1179 08c9 1F       		.uleb128 0x1f
 1180 08ca 61060000 		.4byte	.LASF126
 1181 08ce 10       		.byte	0x10
 1182 08cf 8B       		.byte	0x8b
 1183 08d0 1F       		.uleb128 0x1f
 1184 08d1 87000000 		.4byte	.LASF127
 1185 08d5 11       		.byte	0x11
 1186 08d6 DD       		.byte	0xdd
 1187 08d7 1D       		.uleb128 0x1d
 1188 08d8 7E020000 		.4byte	.LASF128
 1189 08dc 12       		.byte	0x12
 1190 08dd 0601     		.2byte	0x106
 1191 08df 1F       		.uleb128 0x1f
 1192 08e0 1C010000 		.4byte	.LASF129
 1193 08e4 13       		.byte	0x13
 1194 08e5 62       		.byte	0x62
 1195 08e6 1D       		.uleb128 0x1d
 1196 08e7 61040000 		.4byte	.LASF130
 1197 08eb 14       		.byte	0x14
ARM GAS  /tmp/ccwVglUs.s 			page 22


 1198 08ec 3502     		.2byte	0x235
 1199 08ee 1F       		.uleb128 0x1f
 1200 08ef 95030000 		.4byte	.LASF131
 1201 08f3 15       		.byte	0x15
 1202 08f4 F6       		.byte	0xf6
 1203 08f5 1D       		.uleb128 0x1d
 1204 08f6 29060000 		.4byte	.LASF132
 1205 08fa 16       		.byte	0x16
 1206 08fb 0A05     		.2byte	0x50a
 1207 08fd 1F       		.uleb128 0x1f
 1208 08fe 20000000 		.4byte	.LASF133
 1209 0902 17       		.byte	0x17
 1210 0903 56       		.byte	0x56
 1211 0904 00       		.byte	0
 1212              		.section	.debug_abbrev,"",%progbits
 1213              	.Ldebug_abbrev0:
 1214 0000 01       		.uleb128 0x1
 1215 0001 11       		.uleb128 0x11
 1216 0002 01       		.byte	0x1
 1217 0003 25       		.uleb128 0x25
 1218 0004 0E       		.uleb128 0xe
 1219 0005 13       		.uleb128 0x13
 1220 0006 0B       		.uleb128 0xb
 1221 0007 03       		.uleb128 0x3
 1222 0008 0E       		.uleb128 0xe
 1223 0009 1B       		.uleb128 0x1b
 1224 000a 0E       		.uleb128 0xe
 1225 000b 55       		.uleb128 0x55
 1226 000c 17       		.uleb128 0x17
 1227 000d 11       		.uleb128 0x11
 1228 000e 01       		.uleb128 0x1
 1229 000f 10       		.uleb128 0x10
 1230 0010 17       		.uleb128 0x17
 1231 0011 00       		.byte	0
 1232 0012 00       		.byte	0
 1233 0013 02       		.uleb128 0x2
 1234 0014 24       		.uleb128 0x24
 1235 0015 00       		.byte	0
 1236 0016 0B       		.uleb128 0xb
 1237 0017 0B       		.uleb128 0xb
 1238 0018 3E       		.uleb128 0x3e
 1239 0019 0B       		.uleb128 0xb
 1240 001a 03       		.uleb128 0x3
 1241 001b 08       		.uleb128 0x8
 1242 001c 00       		.byte	0
 1243 001d 00       		.byte	0
 1244 001e 03       		.uleb128 0x3
 1245 001f 24       		.uleb128 0x24
 1246 0020 00       		.byte	0
 1247 0021 0B       		.uleb128 0xb
 1248 0022 0B       		.uleb128 0xb
 1249 0023 3E       		.uleb128 0x3e
 1250 0024 0B       		.uleb128 0xb
 1251 0025 03       		.uleb128 0x3
 1252 0026 0E       		.uleb128 0xe
 1253 0027 00       		.byte	0
 1254 0028 00       		.byte	0
ARM GAS  /tmp/ccwVglUs.s 			page 23


 1255 0029 04       		.uleb128 0x4
 1256 002a 16       		.uleb128 0x16
 1257 002b 00       		.byte	0
 1258 002c 03       		.uleb128 0x3
 1259 002d 0E       		.uleb128 0xe
 1260 002e 3A       		.uleb128 0x3a
 1261 002f 0B       		.uleb128 0xb
 1262 0030 3B       		.uleb128 0x3b
 1263 0031 0B       		.uleb128 0xb
 1264 0032 49       		.uleb128 0x49
 1265 0033 13       		.uleb128 0x13
 1266 0034 00       		.byte	0
 1267 0035 00       		.byte	0
 1268 0036 05       		.uleb128 0x5
 1269 0037 35       		.uleb128 0x35
 1270 0038 00       		.byte	0
 1271 0039 49       		.uleb128 0x49
 1272 003a 13       		.uleb128 0x13
 1273 003b 00       		.byte	0
 1274 003c 00       		.byte	0
 1275 003d 06       		.uleb128 0x6
 1276 003e 13       		.uleb128 0x13
 1277 003f 01       		.byte	0x1
 1278 0040 03       		.uleb128 0x3
 1279 0041 0E       		.uleb128 0xe
 1280 0042 0B       		.uleb128 0xb
 1281 0043 0B       		.uleb128 0xb
 1282 0044 3A       		.uleb128 0x3a
 1283 0045 0B       		.uleb128 0xb
 1284 0046 3B       		.uleb128 0x3b
 1285 0047 0B       		.uleb128 0xb
 1286 0048 01       		.uleb128 0x1
 1287 0049 13       		.uleb128 0x13
 1288 004a 00       		.byte	0
 1289 004b 00       		.byte	0
 1290 004c 07       		.uleb128 0x7
 1291 004d 0D       		.uleb128 0xd
 1292 004e 00       		.byte	0
 1293 004f 03       		.uleb128 0x3
 1294 0050 0E       		.uleb128 0xe
 1295 0051 3A       		.uleb128 0x3a
 1296 0052 0B       		.uleb128 0xb
 1297 0053 3B       		.uleb128 0x3b
 1298 0054 0B       		.uleb128 0xb
 1299 0055 49       		.uleb128 0x49
 1300 0056 13       		.uleb128 0x13
 1301 0057 38       		.uleb128 0x38
 1302 0058 0B       		.uleb128 0xb
 1303 0059 00       		.byte	0
 1304 005a 00       		.byte	0
 1305 005b 08       		.uleb128 0x8
 1306 005c 0D       		.uleb128 0xd
 1307 005d 00       		.byte	0
 1308 005e 03       		.uleb128 0x3
 1309 005f 08       		.uleb128 0x8
 1310 0060 3A       		.uleb128 0x3a
 1311 0061 0B       		.uleb128 0xb
ARM GAS  /tmp/ccwVglUs.s 			page 24


 1312 0062 3B       		.uleb128 0x3b
 1313 0063 05       		.uleb128 0x5
 1314 0064 49       		.uleb128 0x49
 1315 0065 13       		.uleb128 0x13
 1316 0066 38       		.uleb128 0x38
 1317 0067 0B       		.uleb128 0xb
 1318 0068 00       		.byte	0
 1319 0069 00       		.byte	0
 1320 006a 09       		.uleb128 0x9
 1321 006b 0D       		.uleb128 0xd
 1322 006c 00       		.byte	0
 1323 006d 03       		.uleb128 0x3
 1324 006e 0E       		.uleb128 0xe
 1325 006f 3A       		.uleb128 0x3a
 1326 0070 0B       		.uleb128 0xb
 1327 0071 3B       		.uleb128 0x3b
 1328 0072 05       		.uleb128 0x5
 1329 0073 49       		.uleb128 0x49
 1330 0074 13       		.uleb128 0x13
 1331 0075 38       		.uleb128 0x38
 1332 0076 0B       		.uleb128 0xb
 1333 0077 00       		.byte	0
 1334 0078 00       		.byte	0
 1335 0079 0A       		.uleb128 0xa
 1336 007a 0F       		.uleb128 0xf
 1337 007b 00       		.byte	0
 1338 007c 0B       		.uleb128 0xb
 1339 007d 0B       		.uleb128 0xb
 1340 007e 49       		.uleb128 0x49
 1341 007f 13       		.uleb128 0x13
 1342 0080 00       		.byte	0
 1343 0081 00       		.byte	0
 1344 0082 0B       		.uleb128 0xb
 1345 0083 13       		.uleb128 0x13
 1346 0084 01       		.byte	0x1
 1347 0085 03       		.uleb128 0x3
 1348 0086 0E       		.uleb128 0xe
 1349 0087 0B       		.uleb128 0xb
 1350 0088 0B       		.uleb128 0xb
 1351 0089 3A       		.uleb128 0x3a
 1352 008a 0B       		.uleb128 0xb
 1353 008b 3B       		.uleb128 0x3b
 1354 008c 05       		.uleb128 0x5
 1355 008d 01       		.uleb128 0x1
 1356 008e 13       		.uleb128 0x13
 1357 008f 00       		.byte	0
 1358 0090 00       		.byte	0
 1359 0091 0C       		.uleb128 0xc
 1360 0092 15       		.uleb128 0x15
 1361 0093 01       		.byte	0x1
 1362 0094 27       		.uleb128 0x27
 1363 0095 19       		.uleb128 0x19
 1364 0096 01       		.uleb128 0x1
 1365 0097 13       		.uleb128 0x13
 1366 0098 00       		.byte	0
 1367 0099 00       		.byte	0
 1368 009a 0D       		.uleb128 0xd
ARM GAS  /tmp/ccwVglUs.s 			page 25


 1369 009b 05       		.uleb128 0x5
 1370 009c 00       		.byte	0
 1371 009d 49       		.uleb128 0x49
 1372 009e 13       		.uleb128 0x13
 1373 009f 00       		.byte	0
 1374 00a0 00       		.byte	0
 1375 00a1 0E       		.uleb128 0xe
 1376 00a2 0F       		.uleb128 0xf
 1377 00a3 00       		.byte	0
 1378 00a4 0B       		.uleb128 0xb
 1379 00a5 0B       		.uleb128 0xb
 1380 00a6 00       		.byte	0
 1381 00a7 00       		.byte	0
 1382 00a8 0F       		.uleb128 0xf
 1383 00a9 13       		.uleb128 0x13
 1384 00aa 01       		.byte	0x1
 1385 00ab 03       		.uleb128 0x3
 1386 00ac 0E       		.uleb128 0xe
 1387 00ad 0B       		.uleb128 0xb
 1388 00ae 05       		.uleb128 0x5
 1389 00af 3A       		.uleb128 0x3a
 1390 00b0 0B       		.uleb128 0xb
 1391 00b1 3B       		.uleb128 0x3b
 1392 00b2 05       		.uleb128 0x5
 1393 00b3 01       		.uleb128 0x1
 1394 00b4 13       		.uleb128 0x13
 1395 00b5 00       		.byte	0
 1396 00b6 00       		.byte	0
 1397 00b7 10       		.uleb128 0x10
 1398 00b8 0D       		.uleb128 0xd
 1399 00b9 00       		.byte	0
 1400 00ba 03       		.uleb128 0x3
 1401 00bb 08       		.uleb128 0x8
 1402 00bc 3A       		.uleb128 0x3a
 1403 00bd 0B       		.uleb128 0xb
 1404 00be 3B       		.uleb128 0x3b
 1405 00bf 0B       		.uleb128 0xb
 1406 00c0 49       		.uleb128 0x49
 1407 00c1 13       		.uleb128 0x13
 1408 00c2 38       		.uleb128 0x38
 1409 00c3 0B       		.uleb128 0xb
 1410 00c4 00       		.byte	0
 1411 00c5 00       		.byte	0
 1412 00c6 11       		.uleb128 0x11
 1413 00c7 13       		.uleb128 0x13
 1414 00c8 01       		.byte	0x1
 1415 00c9 0B       		.uleb128 0xb
 1416 00ca 0B       		.uleb128 0xb
 1417 00cb 3A       		.uleb128 0x3a
 1418 00cc 0B       		.uleb128 0xb
 1419 00cd 3B       		.uleb128 0x3b
 1420 00ce 0B       		.uleb128 0xb
 1421 00cf 01       		.uleb128 0x1
 1422 00d0 13       		.uleb128 0x13
 1423 00d1 00       		.byte	0
 1424 00d2 00       		.byte	0
 1425 00d3 12       		.uleb128 0x12
ARM GAS  /tmp/ccwVglUs.s 			page 26


 1426 00d4 17       		.uleb128 0x17
 1427 00d5 01       		.byte	0x1
 1428 00d6 0B       		.uleb128 0xb
 1429 00d7 0B       		.uleb128 0xb
 1430 00d8 3A       		.uleb128 0x3a
 1431 00d9 0B       		.uleb128 0xb
 1432 00da 3B       		.uleb128 0x3b
 1433 00db 0B       		.uleb128 0xb
 1434 00dc 01       		.uleb128 0x1
 1435 00dd 13       		.uleb128 0x13
 1436 00de 00       		.byte	0
 1437 00df 00       		.byte	0
 1438 00e0 13       		.uleb128 0x13
 1439 00e1 0D       		.uleb128 0xd
 1440 00e2 00       		.byte	0
 1441 00e3 03       		.uleb128 0x3
 1442 00e4 0E       		.uleb128 0xe
 1443 00e5 3A       		.uleb128 0x3a
 1444 00e6 0B       		.uleb128 0xb
 1445 00e7 3B       		.uleb128 0x3b
 1446 00e8 05       		.uleb128 0x5
 1447 00e9 49       		.uleb128 0x49
 1448 00ea 13       		.uleb128 0x13
 1449 00eb 00       		.byte	0
 1450 00ec 00       		.byte	0
 1451 00ed 14       		.uleb128 0x14
 1452 00ee 26       		.uleb128 0x26
 1453 00ef 00       		.byte	0
 1454 00f0 49       		.uleb128 0x49
 1455 00f1 13       		.uleb128 0x13
 1456 00f2 00       		.byte	0
 1457 00f3 00       		.byte	0
 1458 00f4 15       		.uleb128 0x15
 1459 00f5 01       		.uleb128 0x1
 1460 00f6 01       		.byte	0x1
 1461 00f7 49       		.uleb128 0x49
 1462 00f8 13       		.uleb128 0x13
 1463 00f9 01       		.uleb128 0x1
 1464 00fa 13       		.uleb128 0x13
 1465 00fb 00       		.byte	0
 1466 00fc 00       		.byte	0
 1467 00fd 16       		.uleb128 0x16
 1468 00fe 21       		.uleb128 0x21
 1469 00ff 00       		.byte	0
 1470 0100 49       		.uleb128 0x49
 1471 0101 13       		.uleb128 0x13
 1472 0102 2F       		.uleb128 0x2f
 1473 0103 0B       		.uleb128 0xb
 1474 0104 00       		.byte	0
 1475 0105 00       		.byte	0
 1476 0106 17       		.uleb128 0x17
 1477 0107 2E       		.uleb128 0x2e
 1478 0108 00       		.byte	0
 1479 0109 03       		.uleb128 0x3
 1480 010a 0E       		.uleb128 0xe
 1481 010b 3A       		.uleb128 0x3a
 1482 010c 0B       		.uleb128 0xb
ARM GAS  /tmp/ccwVglUs.s 			page 27


 1483 010d 3B       		.uleb128 0x3b
 1484 010e 05       		.uleb128 0x5
 1485 010f 27       		.uleb128 0x27
 1486 0110 19       		.uleb128 0x19
 1487 0111 20       		.uleb128 0x20
 1488 0112 0B       		.uleb128 0xb
 1489 0113 00       		.byte	0
 1490 0114 00       		.byte	0
 1491 0115 18       		.uleb128 0x18
 1492 0116 2E       		.uleb128 0x2e
 1493 0117 01       		.byte	0x1
 1494 0118 3F       		.uleb128 0x3f
 1495 0119 19       		.uleb128 0x19
 1496 011a 03       		.uleb128 0x3
 1497 011b 0E       		.uleb128 0xe
 1498 011c 3A       		.uleb128 0x3a
 1499 011d 0B       		.uleb128 0xb
 1500 011e 3B       		.uleb128 0x3b
 1501 011f 0B       		.uleb128 0xb
 1502 0120 27       		.uleb128 0x27
 1503 0121 19       		.uleb128 0x19
 1504 0122 11       		.uleb128 0x11
 1505 0123 01       		.uleb128 0x1
 1506 0124 12       		.uleb128 0x12
 1507 0125 06       		.uleb128 0x6
 1508 0126 40       		.uleb128 0x40
 1509 0127 18       		.uleb128 0x18
 1510 0128 9742     		.uleb128 0x2117
 1511 012a 19       		.uleb128 0x19
 1512 012b 01       		.uleb128 0x1
 1513 012c 13       		.uleb128 0x13
 1514 012d 00       		.byte	0
 1515 012e 00       		.byte	0
 1516 012f 19       		.uleb128 0x19
 1517 0130 898201   		.uleb128 0x4109
 1518 0133 00       		.byte	0
 1519 0134 11       		.uleb128 0x11
 1520 0135 01       		.uleb128 0x1
 1521 0136 31       		.uleb128 0x31
 1522 0137 13       		.uleb128 0x13
 1523 0138 00       		.byte	0
 1524 0139 00       		.byte	0
 1525 013a 1A       		.uleb128 0x1a
 1526 013b 898201   		.uleb128 0x4109
 1527 013e 00       		.byte	0
 1528 013f 11       		.uleb128 0x11
 1529 0140 01       		.uleb128 0x1
 1530 0141 9542     		.uleb128 0x2115
 1531 0143 19       		.uleb128 0x19
 1532 0144 31       		.uleb128 0x31
 1533 0145 13       		.uleb128 0x13
 1534 0146 00       		.byte	0
 1535 0147 00       		.byte	0
 1536 0148 1B       		.uleb128 0x1b
 1537 0149 34       		.uleb128 0x34
 1538 014a 00       		.byte	0
 1539 014b 03       		.uleb128 0x3
ARM GAS  /tmp/ccwVglUs.s 			page 28


 1540 014c 0E       		.uleb128 0xe
 1541 014d 3A       		.uleb128 0x3a
 1542 014e 0B       		.uleb128 0xb
 1543 014f 3B       		.uleb128 0x3b
 1544 0150 05       		.uleb128 0x5
 1545 0151 49       		.uleb128 0x49
 1546 0152 13       		.uleb128 0x13
 1547 0153 3F       		.uleb128 0x3f
 1548 0154 19       		.uleb128 0x19
 1549 0155 3C       		.uleb128 0x3c
 1550 0156 19       		.uleb128 0x19
 1551 0157 00       		.byte	0
 1552 0158 00       		.byte	0
 1553 0159 1C       		.uleb128 0x1c
 1554 015a 34       		.uleb128 0x34
 1555 015b 00       		.byte	0
 1556 015c 03       		.uleb128 0x3
 1557 015d 08       		.uleb128 0x8
 1558 015e 3A       		.uleb128 0x3a
 1559 015f 0B       		.uleb128 0xb
 1560 0160 3B       		.uleb128 0x3b
 1561 0161 05       		.uleb128 0x5
 1562 0162 49       		.uleb128 0x49
 1563 0163 13       		.uleb128 0x13
 1564 0164 3F       		.uleb128 0x3f
 1565 0165 19       		.uleb128 0x19
 1566 0166 3C       		.uleb128 0x3c
 1567 0167 19       		.uleb128 0x19
 1568 0168 00       		.byte	0
 1569 0169 00       		.byte	0
 1570 016a 1D       		.uleb128 0x1d
 1571 016b 2E       		.uleb128 0x2e
 1572 016c 00       		.byte	0
 1573 016d 3F       		.uleb128 0x3f
 1574 016e 19       		.uleb128 0x19
 1575 016f 03       		.uleb128 0x3
 1576 0170 0E       		.uleb128 0xe
 1577 0171 3A       		.uleb128 0x3a
 1578 0172 0B       		.uleb128 0xb
 1579 0173 3B       		.uleb128 0x3b
 1580 0174 05       		.uleb128 0x5
 1581 0175 27       		.uleb128 0x27
 1582 0176 19       		.uleb128 0x19
 1583 0177 3C       		.uleb128 0x3c
 1584 0178 19       		.uleb128 0x19
 1585 0179 00       		.byte	0
 1586 017a 00       		.byte	0
 1587 017b 1E       		.uleb128 0x1e
 1588 017c 2E       		.uleb128 0x2e
 1589 017d 01       		.byte	0x1
 1590 017e 3F       		.uleb128 0x3f
 1591 017f 19       		.uleb128 0x19
 1592 0180 03       		.uleb128 0x3
 1593 0181 0E       		.uleb128 0xe
 1594 0182 3A       		.uleb128 0x3a
 1595 0183 0B       		.uleb128 0xb
 1596 0184 3B       		.uleb128 0x3b
ARM GAS  /tmp/ccwVglUs.s 			page 29


 1597 0185 05       		.uleb128 0x5
 1598 0186 27       		.uleb128 0x27
 1599 0187 19       		.uleb128 0x19
 1600 0188 3C       		.uleb128 0x3c
 1601 0189 19       		.uleb128 0x19
 1602 018a 01       		.uleb128 0x1
 1603 018b 13       		.uleb128 0x13
 1604 018c 00       		.byte	0
 1605 018d 00       		.byte	0
 1606 018e 1F       		.uleb128 0x1f
 1607 018f 2E       		.uleb128 0x2e
 1608 0190 00       		.byte	0
 1609 0191 3F       		.uleb128 0x3f
 1610 0192 19       		.uleb128 0x19
 1611 0193 03       		.uleb128 0x3
 1612 0194 0E       		.uleb128 0xe
 1613 0195 3A       		.uleb128 0x3a
 1614 0196 0B       		.uleb128 0xb
 1615 0197 3B       		.uleb128 0x3b
 1616 0198 0B       		.uleb128 0xb
 1617 0199 27       		.uleb128 0x27
 1618 019a 19       		.uleb128 0x19
 1619 019b 3C       		.uleb128 0x3c
 1620 019c 19       		.uleb128 0x19
 1621 019d 00       		.byte	0
 1622 019e 00       		.byte	0
 1623 019f 00       		.byte	0
 1624              		.section	.debug_aranges,"",%progbits
 1625 0000 1C000000 		.4byte	0x1c
 1626 0004 0200     		.2byte	0x2
 1627 0006 00000000 		.4byte	.Ldebug_info0
 1628 000a 04       		.byte	0x4
 1629 000b 00       		.byte	0
 1630 000c 0000     		.2byte	0
 1631 000e 0000     		.2byte	0
 1632 0010 00000000 		.4byte	.LFB256
 1633 0014 38000000 		.4byte	.LFE256-.LFB256
 1634 0018 00000000 		.4byte	0
 1635 001c 00000000 		.4byte	0
 1636              		.section	.debug_ranges,"",%progbits
 1637              	.Ldebug_ranges0:
 1638 0000 00000000 		.4byte	.LFB256
 1639 0004 38000000 		.4byte	.LFE256
 1640 0008 00000000 		.4byte	0
 1641 000c 00000000 		.4byte	0
 1642              		.section	.debug_line,"",%progbits
 1643              	.Ldebug_line0:
 1644 0000 03030000 		.section	.debug_str,"MS",%progbits,1
 1644      0200DA02 
 1644      00000201 
 1644      FB0E0D00 
 1644      01010101 
 1645              	.LASF111:
 1646 0000 73746D33 		.ascii	"stm32_gpio_setup_t\000"
 1646      325F6770 
 1646      696F5F73 
 1646      65747570 
ARM GAS  /tmp/ccwVglUs.s 			page 30


 1646      5F7400
 1647              	.LASF53:
 1648 0013 72656164 		.ascii	"ready_list_t\000"
 1648      795F6C69 
 1648      73745F74 
 1648      00
 1649              	.LASF133:
 1650 0020 7374496E 		.ascii	"stInit\000"
 1650      697400
 1651              	.LASF91:
 1652 0027 77747472 		.ascii	"wttrp\000"
 1652      7000
 1653              	.LASF88:
 1654 002d 7264796D 		.ascii	"rdymsg\000"
 1654      736700
 1655              	.LASF125:
 1656 0034 63616E49 		.ascii	"canInit\000"
 1656      6E697400 
 1657              	.LASF16:
 1658 003c 75696E74 		.ascii	"uint64_t\000"
 1658      36345F74 
 1658      00
 1659              	.LASF5:
 1660 0045 5F5F7569 		.ascii	"__uint8_t\000"
 1660      6E74385F 
 1660      7400
 1661              	.LASF85:
 1662 004f 706F7274 		.ascii	"port_intctx\000"
 1662      5F696E74 
 1662      63747800 
 1663              	.LASF72:
 1664 005b 73797374 		.ascii	"system_debug_t\000"
 1664      656D5F64 
 1664      65627567 
 1664      5F7400
 1665              	.LASF136:
 1666 006a 2F686F6D 		.ascii	"/home/isc/BLDC/bldc-firmware\000"
 1666      652F6973 
 1666      632F424C 
 1666      44432F62 
 1666      6C64632D 
 1667              	.LASF127:
 1668 0087 69637549 		.ascii	"icuInit\000"
 1668      6E697400 
 1669              	.LASF119:
 1670 008f 50484461 		.ascii	"PHData\000"
 1670      746100
 1671              	.LASF12:
 1672 0096 6C6F6E67 		.ascii	"long long unsigned int\000"
 1672      206C6F6E 
 1672      6720756E 
 1672      7369676E 
 1672      65642069 
 1673              	.LASF108:
 1674 00ad 70757064 		.ascii	"pupdr\000"
 1674      7200
 1675              	.LASF89:
ARM GAS  /tmp/ccwVglUs.s 			page 31


 1676 00b3 65786974 		.ascii	"exitcode\000"
 1676      636F6465 
 1676      00
 1677              	.LASF79:
 1678 00bc 6D61696E 		.ascii	"mainthread\000"
 1678      74687265 
 1678      616400
 1679              	.LASF69:
 1680 00c7 76697274 		.ascii	"virtual_timers_list_t\000"
 1680      75616C5F 
 1680      74696D65 
 1680      72735F6C 
 1680      6973745F 
 1681              	.LASF122:
 1682 00dd 49544D5F 		.ascii	"ITM_RxBuffer\000"
 1682      52784275 
 1682      66666572 
 1682      00
 1683              	.LASF52:
 1684 00ea 63685F74 		.ascii	"ch_threads_queue\000"
 1684      68726561 
 1684      64735F71 
 1684      75657565 
 1684      00
 1685              	.LASF30:
 1686 00fb 705F7072 		.ascii	"p_prio\000"
 1686      696F00
 1687              	.LASF10:
 1688 0102 6C6F6E67 		.ascii	"long long int\000"
 1688      206C6F6E 
 1688      6720696E 
 1688      7400
 1689              	.LASF1:
 1690 0110 7369676E 		.ascii	"signed char\000"
 1690      65642063 
 1690      68617200 
 1691              	.LASF129:
 1692 011c 75617274 		.ascii	"uartInit\000"
 1692      496E6974 
 1692      00
 1693              	.LASF46:
 1694 0125 705F6D70 		.ascii	"p_mpool\000"
 1694      6F6F6C00 
 1695              	.LASF99:
 1696 012d 6D5F7175 		.ascii	"m_queue\000"
 1696      65756500 
 1697              	.LASF105:
 1698 0135 6D6F6465 		.ascii	"moder\000"
 1698      7200
 1699              	.LASF21:
 1700 013b 74736C69 		.ascii	"tslices_t\000"
 1700      6365735F 
 1700      7400
 1701              	.LASF76:
 1702 0145 63685F73 		.ascii	"ch_system\000"
 1702      79737465 
 1702      6D00
ARM GAS  /tmp/ccwVglUs.s 			page 32


 1703              	.LASF7:
 1704 014f 6C6F6E67 		.ascii	"long int\000"
 1704      20696E74 
 1704      00
 1705              	.LASF116:
 1706 0158 50454461 		.ascii	"PEData\000"
 1706      746100
 1707              	.LASF19:
 1708 015f 74737461 		.ascii	"tstate_t\000"
 1708      74655F74 
 1708      00
 1709              	.LASF32:
 1710 0168 705F6E65 		.ascii	"p_newer\000"
 1710      77657200 
 1711              	.LASF96:
 1712 0170 735F7175 		.ascii	"s_queue\000"
 1712      65756500 
 1713              	.LASF58:
 1714 0178 725F6E65 		.ascii	"r_newer\000"
 1714      77657200 
 1715              	.LASF82:
 1716 0180 72656761 		.ascii	"regarm_t\000"
 1716      726D5F74 
 1716      00
 1717              	.LASF65:
 1718 0189 76745F70 		.ascii	"vt_prev\000"
 1718      72657600 
 1719              	.LASF78:
 1720 0191 76746C69 		.ascii	"vtlist\000"
 1720      737400
 1721              	.LASF103:
 1722 0198 6D757465 		.ascii	"mutex_t\000"
 1722      785F7400 
 1723              	.LASF113:
 1724 01a0 50424461 		.ascii	"PBData\000"
 1724      746100
 1725              	.LASF80:
 1726 01a7 69646C65 		.ascii	"idle_thread_wa\000"
 1726      5F746872 
 1726      6561645F 
 1726      776100
 1727              	.LASF25:
 1728 01b6 636E745F 		.ascii	"cnt_t\000"
 1728      7400
 1729              	.LASF0:
 1730 01bc 756E7369 		.ascii	"unsigned int\000"
 1730      676E6564 
 1730      20696E74 
 1730      00
 1731              	.LASF64:
 1732 01c9 76745F6E 		.ascii	"vt_next\000"
 1732      65787400 
 1733              	.LASF39:
 1734 01d1 705F7469 		.ascii	"p_time\000"
 1734      6D6500
 1735              	.LASF92:
 1736 01d8 77747365 		.ascii	"wtsemp\000"
ARM GAS  /tmp/ccwVglUs.s 			page 33


 1736      6D7000
 1737              	.LASF66:
 1738 01df 76745F64 		.ascii	"vt_delta\000"
 1738      656C7461 
 1738      00
 1739              	.LASF41:
 1740 01e8 705F6D73 		.ascii	"p_msgqueue\000"
 1740      67717565 
 1740      756500
 1741              	.LASF138:
 1742 01f3 68616C49 		.ascii	"halInit\000"
 1742      6E697400 
 1743              	.LASF107:
 1744 01fb 6F737065 		.ascii	"ospeedr\000"
 1744      65647200 
 1745              	.LASF106:
 1746 0203 6F747970 		.ascii	"otyper\000"
 1746      657200
 1747              	.LASF4:
 1748 020a 73686F72 		.ascii	"short unsigned int\000"
 1748      7420756E 
 1748      7369676E 
 1748      65642069 
 1748      6E7400
 1749              	.LASF117:
 1750 021d 50464461 		.ascii	"PFData\000"
 1750      746100
 1751              	.LASF49:
 1752 0224 63685F74 		.ascii	"ch_thread\000"
 1752      68726561 
 1752      6400
 1753              	.LASF23:
 1754 022e 6D73675F 		.ascii	"msg_t\000"
 1754      7400
 1755              	.LASF75:
 1756 0234 63685F73 		.ascii	"ch_system_t\000"
 1756      79737465 
 1756      6D5F7400 
 1757              	.LASF18:
 1758 0240 746D6F64 		.ascii	"tmode_t\000"
 1758      655F7400 
 1759              	.LASF54:
 1760 0248 63685F72 		.ascii	"ch_ready_list\000"
 1760      65616479 
 1760      5F6C6973 
 1760      7400
 1761              	.LASF24:
 1762 0256 6576656E 		.ascii	"eventmask_t\000"
 1762      746D6173 
 1762      6B5F7400 
 1763              	.LASF6:
 1764 0262 5F5F696E 		.ascii	"__int32_t\000"
 1764      7433325F 
 1764      7400
 1765              	.LASF118:
 1766 026c 50474461 		.ascii	"PGData\000"
 1766      746100
ARM GAS  /tmp/ccwVglUs.s 			page 34


 1767              	.LASF83:
 1768 0273 73746B61 		.ascii	"stkalign_t\000"
 1768      6C69676E 
 1768      5F7400
 1769              	.LASF128:
 1770 027e 73706949 		.ascii	"spiInit\000"
 1770      6E697400 
 1771              	.LASF48:
 1772 0286 74687265 		.ascii	"threads_list_t\000"
 1772      6164735F 
 1772      6C697374 
 1772      5F7400
 1773              	.LASF40:
 1774 0295 705F7761 		.ascii	"p_waiting\000"
 1774      6974696E 
 1774      6700
 1775              	.LASF81:
 1776 029f 73697A65 		.ascii	"sizetype\000"
 1776      74797065 
 1776      00
 1777              	.LASF47:
 1778 02a8 74687265 		.ascii	"thread_reference_t\000"
 1778      61645F72 
 1778      65666572 
 1778      656E6365 
 1778      5F7400
 1779              	.LASF70:
 1780 02bb 63685F76 		.ascii	"ch_virtual_timers_list\000"
 1780      69727475 
 1780      616C5F74 
 1780      696D6572 
 1780      735F6C69 
 1781              	.LASF33:
 1782 02d2 705F6F6C 		.ascii	"p_older\000"
 1782      64657200 
 1783              	.LASF57:
 1784 02da 725F6374 		.ascii	"r_ctx\000"
 1784      7800
 1785              	.LASF135:
 1786 02e0 43686962 		.ascii	"ChibiOS_3.0.2/os/hal/src/hal.c\000"
 1786      694F535F 
 1786      332E302E 
 1786      322F6F73 
 1786      2F68616C 
 1787              	.LASF87:
 1788 02ff 746D5F63 		.ascii	"tm_calibration_t\000"
 1788      616C6962 
 1788      72617469 
 1788      6F6E5F74 
 1788      00
 1789              	.LASF110:
 1790 0310 61667268 		.ascii	"afrh\000"
 1790      00
 1791              	.LASF115:
 1792 0315 50444461 		.ascii	"PDData\000"
 1792      746100
 1793              	.LASF60:
ARM GAS  /tmp/ccwVglUs.s 			page 35


 1794 031c 725F6375 		.ascii	"r_current\000"
 1794      7272656E 
 1794      7400
 1795              	.LASF59:
 1796 0326 725F6F6C 		.ascii	"r_older\000"
 1796      64657200 
 1797              	.LASF11:
 1798 032e 5F5F7569 		.ascii	"__uint64_t\000"
 1798      6E743634 
 1798      5F7400
 1799              	.LASF20:
 1800 0339 74726566 		.ascii	"trefs_t\000"
 1800      735F7400 
 1801              	.LASF62:
 1802 0341 76697274 		.ascii	"virtual_timer_t\000"
 1802      75616C5F 
 1802      74696D65 
 1802      725F7400 
 1803              	.LASF29:
 1804 0351 705F7072 		.ascii	"p_prev\000"
 1804      657600
 1805              	.LASF137:
 1806 0358 6F73616C 		.ascii	"osalInit\000"
 1806      496E6974 
 1806      00
 1807              	.LASF22:
 1808 0361 74707269 		.ascii	"tprio_t\000"
 1808      6F5F7400 
 1809              	.LASF73:
 1810 0369 63685F73 		.ascii	"ch_system_debug\000"
 1810      79737465 
 1810      6D5F6465 
 1810      62756700 
 1811              	.LASF104:
 1812 0379 5F426F6F 		.ascii	"_Bool\000"
 1812      6C00
 1813              	.LASF14:
 1814 037f 696E7433 		.ascii	"int32_t\000"
 1814      325F7400 
 1815              	.LASF2:
 1816 0387 756E7369 		.ascii	"unsigned char\000"
 1816      676E6564 
 1816      20636861 
 1816      7200
 1817              	.LASF131:
 1818 0395 73647549 		.ascii	"sduInit\000"
 1818      6E697400 
 1819              	.LASF109:
 1820 039d 6166726C 		.ascii	"afrl\000"
 1820      00
 1821              	.LASF97:
 1822 03a2 735F636E 		.ascii	"s_cnt\000"
 1822      7400
 1823              	.LASF44:
 1824 03a8 705F6D74 		.ascii	"p_mtxlist\000"
 1824      786C6973 
 1824      7400
ARM GAS  /tmp/ccwVglUs.s 			page 36


 1825              	.LASF3:
 1826 03b2 73686F72 		.ascii	"short int\000"
 1826      7420696E 
 1826      7400
 1827              	.LASF35:
 1828 03bc 705F7374 		.ascii	"p_state\000"
 1828      61746500 
 1829              	.LASF38:
 1830 03c4 705F7072 		.ascii	"p_preempt\000"
 1830      65656D70 
 1830      7400
 1831              	.LASF56:
 1832 03ce 725F7072 		.ascii	"r_prio\000"
 1832      696F00
 1833              	.LASF112:
 1834 03d5 50414461 		.ascii	"PAData\000"
 1834      746100
 1835              	.LASF94:
 1836 03dc 65776D61 		.ascii	"ewmask\000"
 1836      736B00
 1837              	.LASF28:
 1838 03e3 705F6E65 		.ascii	"p_next\000"
 1838      787400
 1839              	.LASF36:
 1840 03ea 705F666C 		.ascii	"p_flags\000"
 1840      61677300 
 1841              	.LASF120:
 1842 03f2 50494461 		.ascii	"PIData\000"
 1842      746100
 1843              	.LASF63:
 1844 03f9 63685F76 		.ascii	"ch_virtual_timer\000"
 1844      69727475 
 1844      616C5F74 
 1844      696D6572 
 1844      00
 1845              	.LASF95:
 1846 040a 63685F73 		.ascii	"ch_semaphore\000"
 1846      656D6170 
 1846      686F7265 
 1846      00
 1847              	.LASF43:
 1848 0417 705F6570 		.ascii	"p_epending\000"
 1848      656E6469 
 1848      6E6700
 1849              	.LASF15:
 1850 0422 75696E74 		.ascii	"uint32_t\000"
 1850      33325F74 
 1850      00
 1851              	.LASF93:
 1852 042b 77746D74 		.ascii	"wtmtxp\000"
 1852      787000
 1853              	.LASF55:
 1854 0432 725F7175 		.ascii	"r_queue\000"
 1854      65756500 
 1855              	.LASF50:
 1856 043a 63685F74 		.ascii	"ch_threads_list\000"
 1856      68726561 
ARM GAS  /tmp/ccwVglUs.s 			page 37


 1856      64735F6C 
 1856      69737400 
 1857              	.LASF9:
 1858 044a 6C6F6E67 		.ascii	"long unsigned int\000"
 1858      20756E73 
 1858      69676E65 
 1858      6420696E 
 1858      7400
 1859              	.LASF102:
 1860 045c 63686172 		.ascii	"char\000"
 1860      00
 1861              	.LASF130:
 1862 0461 75736249 		.ascii	"usbInit\000"
 1862      6E697400 
 1863              	.LASF134:
 1864 0469 474E5520 		.ascii	"GNU C 4.9.3 20150529 (release) [ARM/embedded-4_9-br"
 1864      4320342E 
 1864      392E3320 
 1864      32303135 
 1864      30353239 
 1865 049c 616E6368 		.ascii	"anch revision 227977] -mcpu=cortex-m4 -mfloat-abi=h"
 1865      20726576 
 1865      6973696F 
 1865      6E203232 
 1865      37393737 
 1866 04cf 61726420 		.ascii	"ard -mfpu=fpv4-sp-d16 -mno-thumb-interwork -mthumb "
 1866      2D6D6670 
 1866      753D6670 
 1866      76342D73 
 1866      702D6431 
 1867 0502 2D676764 		.ascii	"-ggdb -O2 -std=gnu99 -fomit-frame-pointer -falign-f"
 1867      62202D4F 
 1867      32202D73 
 1867      74643D67 
 1867      6E753939 
 1868 0535 756E6374 		.ascii	"unctions=16 -ffunction-sections -fdata-sections -fn"
 1868      696F6E73 
 1868      3D313620 
 1868      2D666675 
 1868      6E637469 
 1869 0568 6F2D636F 		.ascii	"o-common -fsingle-precision-constant\000"
 1869      6D6D6F6E 
 1869      202D6673 
 1869      696E676C 
 1869      652D7072 
 1870              	.LASF101:
 1871 058d 6D5F6E65 		.ascii	"m_next\000"
 1871      787400
 1872              	.LASF26:
 1873 0594 73797374 		.ascii	"systime_t\000"
 1873      696D655F 
 1873      7400
 1874              	.LASF45:
 1875 059e 705F7265 		.ascii	"p_realprio\000"
 1875      616C7072 
 1875      696F00
 1876              	.LASF61:
ARM GAS  /tmp/ccwVglUs.s 			page 38


 1877 05a9 76746675 		.ascii	"vtfunc_t\000"
 1877      6E635F74 
 1877      00
 1878              	.LASF8:
 1879 05b2 5F5F7569 		.ascii	"__uint32_t\000"
 1879      6E743332 
 1879      5F7400
 1880              	.LASF74:
 1881 05bd 70616E69 		.ascii	"panic_msg\000"
 1881      635F6D73 
 1881      6700
 1882              	.LASF86:
 1883 05c7 6F666673 		.ascii	"offset\000"
 1883      657400
 1884              	.LASF84:
 1885 05ce 636F6E74 		.ascii	"context\000"
 1885      65787400 
 1886              	.LASF124:
 1887 05d6 68616C5F 		.ascii	"hal_lld_init\000"
 1887      6C6C645F 
 1887      696E6974 
 1887      00
 1888              	.LASF17:
 1889 05e3 7274636E 		.ascii	"rtcnt_t\000"
 1889      745F7400 
 1890              	.LASF68:
 1891 05eb 76745F70 		.ascii	"vt_par\000"
 1891      617200
 1892              	.LASF51:
 1893 05f2 74687265 		.ascii	"threads_queue_t\000"
 1893      6164735F 
 1893      71756575 
 1893      655F7400 
 1894              	.LASF98:
 1895 0602 63685F6D 		.ascii	"ch_mutex\000"
 1895      75746578 
 1895      00
 1896              	.LASF37:
 1897 060b 705F7265 		.ascii	"p_refs\000"
 1897      667300
 1898              	.LASF139:
 1899 0612 5F70616C 		.ascii	"_pal_lld_init\000"
 1899      5F6C6C64 
 1899      5F696E69 
 1899      7400
 1900              	.LASF27:
 1901 0620 74687265 		.ascii	"thread_t\000"
 1901      61645F74 
 1901      00
 1902              	.LASF132:
 1903 0629 626F6172 		.ascii	"boardInit\000"
 1903      64496E69 
 1903      7400
 1904              	.LASF77:
 1905 0633 726C6973 		.ascii	"rlist\000"
 1905      7400
 1906              	.LASF13:
ARM GAS  /tmp/ccwVglUs.s 			page 39


 1907 0639 75696E74 		.ascii	"uint8_t\000"
 1907      385F7400 
 1908              	.LASF90:
 1909 0641 77746F62 		.ascii	"wtobjp\000"
 1909      6A7000
 1910              	.LASF34:
 1911 0648 705F6E61 		.ascii	"p_name\000"
 1911      6D6500
 1912              	.LASF114:
 1913 064f 50434461 		.ascii	"PCData\000"
 1913      746100
 1914              	.LASF71:
 1915 0656 76745F73 		.ascii	"vt_systime\000"
 1915      79737469 
 1915      6D6500
 1916              	.LASF126:
 1917 0661 69326349 		.ascii	"i2cInit\000"
 1917      6E697400 
 1918              	.LASF42:
 1919 0669 705F6D73 		.ascii	"p_msg\000"
 1919      6700
 1920              	.LASF121:
 1921 066f 50414C43 		.ascii	"PALConfig\000"
 1921      6F6E6669 
 1921      6700
 1922              	.LASF100:
 1923 0679 6D5F6F77 		.ascii	"m_owner\000"
 1923      6E657200 
 1924              	.LASF123:
 1925 0681 70616C5F 		.ascii	"pal_default_config\000"
 1925      64656661 
 1925      756C745F 
 1925      636F6E66 
 1925      696700
 1926              	.LASF31:
 1927 0694 705F6374 		.ascii	"p_ctx\000"
 1927      7800
 1928              	.LASF67:
 1929 069a 76745F66 		.ascii	"vt_func\000"
 1929      756E6300 
 1930              		.ident	"GCC: (GNU Tools for ARM Embedded Processors) 4.9.3 20150529 (release) [ARM/embedded-4_9-br
ARM GAS  /tmp/ccwVglUs.s 			page 40


DEFINED SYMBOLS
                            *ABS*:0000000000000000 hal.c
     /tmp/ccwVglUs.s:21     .text.halInit:0000000000000000 $t
     /tmp/ccwVglUs.s:27     .text.halInit:0000000000000000 halInit
     /tmp/ccwVglUs.s:80     .text.halInit:0000000000000034 $d
                     .debug_frame:0000000000000010 $d

UNDEFINED SYMBOLS
hal_lld_init
_pal_lld_init
canInit
i2cInit
icuInit
spiInit
uartInit
usbInit
sduInit
boardInit
stInit
pal_default_config
