ARM GAS  /tmp/ccPdPQHS.s 			page 1


   1              		.syntax unified
   2              		.cpu cortex-m4
   3              		.eabi_attribute 27, 1
   4              		.eabi_attribute 28, 1
   5              		.fpu fpv4-sp-d16
   6              		.eabi_attribute 20, 1
   7              		.eabi_attribute 21, 1
   8              		.eabi_attribute 23, 3
   9              		.eabi_attribute 24, 1
  10              		.eabi_attribute 25, 1
  11              		.eabi_attribute 26, 1
  12              		.eabi_attribute 30, 2
  13              		.eabi_attribute 34, 1
  14              		.eabi_attribute 18, 4
  15              		.thumb
  16              		.file	"irq_handlers.c"
  17              		.text
  18              	.Ltext0:
  19              		.cfi_sections	.debug_frame
  20              		.section	.text.Vector88,"ax",%progbits
  21              		.align	2
  22              		.p2align 4,,15
  23              		.global	Vector88
  24              		.thumb
  25              		.thumb_func
  26              		.type	Vector88, %function
  27              	Vector88:
  28              	.LFB256:
  29              		.file 1 "irq_handlers.c"
  30              		.loc 1 36 0
  31              		.cfi_startproc
  32              		@ args = 0, pretend = 0, frame = 0
  33              		@ frame_needed = 0, uses_anonymous_args = 0
  34 0000 08B5     		push	{r3, lr}
  35              		.cfi_def_cfa_offset 8
  36              		.cfi_offset 3, -8
  37              		.cfi_offset 14, -4
  38              		.loc 1 38 0
  39 0002 0548     		ldr	r0, .L3
  40 0004 40F20741 		movw	r1, #1031
  41 0008 FFF7FEFF 		bl	ADC_ClearITPendingBit
  42              	.LVL0:
  43              		.loc 1 39 0
  44 000c FFF7FEFF 		bl	mc_interface_adc_inj_int_handler
  45              	.LVL1:
  46              		.loc 1 41 0
  47 0010 BDE80840 		pop	{r3, lr}
  48              		.cfi_restore 14
  49              		.cfi_restore 3
  50              		.cfi_def_cfa_offset 0
  51              		.loc 1 40 0
  52 0014 FFF7FEBF 		b	_port_irq_epilogue
  53              	.LVL2:
  54              	.L4:
  55              		.align	2
  56              	.L3:
  57 0018 00200140 		.word	1073815552
ARM GAS  /tmp/ccPdPQHS.s 			page 2


  58              		.cfi_endproc
  59              	.LFE256:
  60              		.size	Vector88, .-Vector88
  61              		.section	.text.VectorE0,"ax",%progbits
  62              		.align	2
  63              		.p2align 4,,15
  64              		.global	VectorE0
  65              		.thumb
  66              		.thumb_func
  67              		.type	VectorE0, %function
  68              	VectorE0:
  69              	.LFB257:
  70              		.loc 1 43 0
  71              		.cfi_startproc
  72              		@ args = 0, pretend = 0, frame = 0
  73              		@ frame_needed = 0, uses_anonymous_args = 0
  74 0000 08B5     		push	{r3, lr}
  75              		.cfi_def_cfa_offset 8
  76              		.cfi_offset 3, -8
  77              		.cfi_offset 14, -4
  78              		.loc 1 44 0
  79 0002 4FF40060 		mov	r0, #2048
  80 0006 FFF7FEFF 		bl	EXTI_GetITStatus
  81              	.LVL3:
  82 000a 00B9     		cbnz	r0, .L9
  83 000c 08BD     		pop	{r3, pc}
  84              	.L9:
  85              		.loc 1 45 0
  86 000e FFF7FEFF 		bl	encoder_reset
  87              	.LVL4:
  88              		.loc 1 48 0
  89 0012 4FF40060 		mov	r0, #2048
  90              		.loc 1 50 0
  91 0016 BDE80840 		pop	{r3, lr}
  92              		.cfi_restore 14
  93              		.cfi_restore 3
  94              		.cfi_def_cfa_offset 0
  95              		.loc 1 48 0
  96 001a FFF7FEBF 		b	EXTI_ClearITPendingBit
  97              	.LVL5:
  98              		.cfi_endproc
  99              	.LFE257:
 100              		.size	VectorE0, .-VectorE0
 101 001e 00BF     		.section	.text.VectorB8,"ax",%progbits
 102              		.align	2
 103              		.p2align 4,,15
 104              		.global	VectorB8
 105              		.thumb
 106              		.thumb_func
 107              		.type	VectorB8, %function
 108              	VectorB8:
 109              	.LFB258:
 110              		.loc 1 52 0
 111              		.cfi_startproc
 112              		@ args = 0, pretend = 0, frame = 0
 113              		@ frame_needed = 0, uses_anonymous_args = 0
 114 0000 08B5     		push	{r3, lr}
ARM GAS  /tmp/ccPdPQHS.s 			page 3


 115              		.cfi_def_cfa_offset 8
 116              		.cfi_offset 3, -8
 117              		.cfi_offset 14, -4
 118              		.loc 1 53 0
 119 0002 0748     		ldr	r0, .L14
 120 0004 0121     		movs	r1, #1
 121 0006 FFF7FEFF 		bl	TIM_GetITStatus
 122              	.LVL6:
 123 000a 00B9     		cbnz	r0, .L13
 124 000c 08BD     		pop	{r3, pc}
 125              	.L13:
 126              		.loc 1 54 0
 127 000e FFF7FEFF 		bl	encoder_tim_isr
 128              	.LVL7:
 129              		.loc 1 57 0
 130 0012 0348     		ldr	r0, .L14
 131 0014 0121     		movs	r1, #1
 132              		.loc 1 59 0
 133 0016 BDE80840 		pop	{r3, lr}
 134              		.cfi_restore 14
 135              		.cfi_restore 3
 136              		.cfi_def_cfa_offset 0
 137              		.loc 1 57 0
 138 001a FFF7FEBF 		b	TIM_ClearITPendingBit
 139              	.LVL8:
 140              	.L15:
 141 001e 00BF     		.align	2
 142              	.L14:
 143 0020 00080040 		.word	1073743872
 144              		.cfi_endproc
 145              	.LFE258:
 146              		.size	VectorB8, .-VectorB8
 147              		.text
 148              	.Letext0:
 149              		.file 2 "/usr/arm-none-eabi/include/machine/_default_types.h"
 150              		.file 3 "/usr/arm-none-eabi/include/sys/_stdint.h"
 151              		.file 4 "ChibiOS_3.0.2/os/rt/ports/ARMCMx/compilers/GCC/chtypes.h"
 152              		.file 5 "ChibiOS_3.0.2/os/rt/include/chsystypes.h"
 153              		.file 6 "ChibiOS_3.0.2/os/rt/include/chschd.h"
 154              		.file 7 "ChibiOS_3.0.2/os/ext/CMSIS/ST/stm32f407xx.h"
 155              		.file 8 "ChibiOS_3.0.2/os/ext/CMSIS/ST/stm32f4xx.h"
 156              		.file 9 "ChibiOS_3.0.2/os/rt/ports/ARMCMx/chcore.h"
 157              		.file 10 "ChibiOS_3.0.2/os/rt/ports/ARMCMx/chcore_v7m.h"
 158              		.file 11 "ChibiOS_3.0.2/os/rt/include/chtm.h"
 159              		.file 12 "ChibiOS_3.0.2/os/rt/include/chsem.h"
 160              		.file 13 "ChibiOS_3.0.2/os/rt/include/chmtx.h"
 161              		.file 14 "mc_interface.h"
 162              		.file 15 "encoder.h"
 163              		.file 16 "ChibiOS_3.0.2/ext/stdperiph_stm32f4/inc/stm32f4xx_adc.h"
 164              		.file 17 "ChibiOS_3.0.2/ext/stdperiph_stm32f4/inc/stm32f4xx_exti.h"
 165              		.file 18 "ChibiOS_3.0.2/ext/stdperiph_stm32f4/inc/stm32f4xx_tim.h"
 166              		.file 19 "ChibiOS_3.0.2/os/ext/CMSIS/include/core_cm4.h"
 167              		.section	.debug_info,"",%progbits
 168              	.Ldebug_info0:
 169 0000 FF0A0000 		.4byte	0xaff
 170 0004 0400     		.2byte	0x4
 171 0006 00000000 		.4byte	.Ldebug_abbrev0
ARM GAS  /tmp/ccPdPQHS.s 			page 4


 172 000a 04       		.byte	0x4
 173 000b 01       		.uleb128 0x1
 174 000c 32000000 		.4byte	.LASF149
 175 0010 01       		.byte	0x1
 176 0011 B7060000 		.4byte	.LASF150
 177 0015 6F010000 		.4byte	.LASF151
 178 0019 00000000 		.4byte	.Ldebug_ranges0+0
 179 001d 00000000 		.4byte	0
 180 0021 00000000 		.4byte	.Ldebug_line0
 181 0025 02       		.uleb128 0x2
 182 0026 04       		.byte	0x4
 183 0027 05       		.byte	0x5
 184 0028 696E7400 		.ascii	"int\000"
 185 002c 03       		.uleb128 0x3
 186 002d 04       		.byte	0x4
 187 002e 07       		.byte	0x7
 188 002f 28030000 		.4byte	.LASF0
 189 0033 03       		.uleb128 0x3
 190 0034 01       		.byte	0x1
 191 0035 06       		.byte	0x6
 192 0036 21020000 		.4byte	.LASF1
 193 003a 04       		.uleb128 0x4
 194 003b 28000000 		.4byte	.LASF4
 195 003f 02       		.byte	0x2
 196 0040 1D       		.byte	0x1d
 197 0041 45000000 		.4byte	0x45
 198 0045 03       		.uleb128 0x3
 199 0046 01       		.byte	0x1
 200 0047 08       		.byte	0x8
 201 0048 0C050000 		.4byte	.LASF2
 202 004c 03       		.uleb128 0x3
 203 004d 02       		.byte	0x2
 204 004e 05       		.byte	0x5
 205 004f 24050000 		.4byte	.LASF3
 206 0053 04       		.uleb128 0x4
 207 0054 D4050000 		.4byte	.LASF5
 208 0058 02       		.byte	0x2
 209 0059 2B       		.byte	0x2b
 210 005a 5E000000 		.4byte	0x5e
 211 005e 03       		.uleb128 0x3
 212 005f 02       		.byte	0x2
 213 0060 07       		.byte	0x7
 214 0061 6A030000 		.4byte	.LASF6
 215 0065 04       		.uleb128 0x4
 216 0066 BB030000 		.4byte	.LASF7
 217 006a 02       		.byte	0x2
 218 006b 3F       		.byte	0x3f
 219 006c 70000000 		.4byte	0x70
 220 0070 03       		.uleb128 0x3
 221 0071 04       		.byte	0x4
 222 0072 05       		.byte	0x5
 223 0073 72020000 		.4byte	.LASF8
 224 0077 04       		.uleb128 0x4
 225 0078 12060000 		.4byte	.LASF9
 226 007c 02       		.byte	0x2
 227 007d 41       		.byte	0x41
 228 007e 82000000 		.4byte	0x82
ARM GAS  /tmp/ccPdPQHS.s 			page 5


 229 0082 03       		.uleb128 0x3
 230 0083 04       		.byte	0x4
 231 0084 07       		.byte	0x7
 232 0085 B8050000 		.4byte	.LASF10
 233 0089 03       		.uleb128 0x3
 234 008a 08       		.byte	0x8
 235 008b 05       		.byte	0x5
 236 008c 13020000 		.4byte	.LASF11
 237 0090 04       		.uleb128 0x4
 238 0091 9A040000 		.4byte	.LASF12
 239 0095 02       		.byte	0x2
 240 0096 5B       		.byte	0x5b
 241 0097 9B000000 		.4byte	0x9b
 242 009b 03       		.uleb128 0x3
 243 009c 08       		.byte	0x8
 244 009d 07       		.byte	0x7
 245 009e 98010000 		.4byte	.LASF13
 246 00a2 04       		.uleb128 0x4
 247 00a3 AF060000 		.4byte	.LASF14
 248 00a7 03       		.byte	0x3
 249 00a8 14       		.byte	0x14
 250 00a9 3A000000 		.4byte	0x3a
 251 00ad 04       		.uleb128 0x4
 252 00ae 9A020000 		.4byte	.LASF15
 253 00b2 03       		.byte	0x3
 254 00b3 1A       		.byte	0x1a
 255 00b4 53000000 		.4byte	0x53
 256 00b8 04       		.uleb128 0x4
 257 00b9 04050000 		.4byte	.LASF16
 258 00bd 03       		.byte	0x3
 259 00be 1F       		.byte	0x1f
 260 00bf 65000000 		.4byte	0x65
 261 00c3 04       		.uleb128 0x4
 262 00c4 85050000 		.4byte	.LASF17
 263 00c8 03       		.byte	0x3
 264 00c9 20       		.byte	0x20
 265 00ca 77000000 		.4byte	0x77
 266 00ce 04       		.uleb128 0x4
 267 00cf 1F000000 		.4byte	.LASF18
 268 00d3 03       		.byte	0x3
 269 00d4 26       		.byte	0x26
 270 00d5 90000000 		.4byte	0x90
 271 00d9 05       		.uleb128 0x5
 272 00da B8000000 		.4byte	0xb8
 273 00de 05       		.uleb128 0x5
 274 00df C3000000 		.4byte	0xc3
 275 00e3 04       		.uleb128 0x4
 276 00e4 E8030000 		.4byte	.LASF19
 277 00e8 04       		.byte	0x4
 278 00e9 45       		.byte	0x45
 279 00ea C3000000 		.4byte	0xc3
 280 00ee 04       		.uleb128 0x4
 281 00ef 99030000 		.4byte	.LASF20
 282 00f3 04       		.byte	0x4
 283 00f4 48       		.byte	0x48
 284 00f5 A2000000 		.4byte	0xa2
 285 00f9 04       		.uleb128 0x4
ARM GAS  /tmp/ccPdPQHS.s 			page 6


 286 00fa 91020000 		.4byte	.LASF21
 287 00fe 04       		.byte	0x4
 288 00ff 49       		.byte	0x49
 289 0100 A2000000 		.4byte	0xa2
 290 0104 04       		.uleb128 0x4
 291 0105 C1040000 		.4byte	.LASF22
 292 0109 04       		.byte	0x4
 293 010a 4A       		.byte	0x4a
 294 010b A2000000 		.4byte	0xa2
 295 010f 04       		.uleb128 0x4
 296 0110 55020000 		.4byte	.LASF23
 297 0114 04       		.byte	0x4
 298 0115 4B       		.byte	0x4b
 299 0116 A2000000 		.4byte	0xa2
 300 011a 04       		.uleb128 0x4
 301 011b E6040000 		.4byte	.LASF24
 302 011f 04       		.byte	0x4
 303 0120 4C       		.byte	0x4c
 304 0121 C3000000 		.4byte	0xc3
 305 0125 04       		.uleb128 0x4
 306 0126 87030000 		.4byte	.LASF25
 307 012a 04       		.byte	0x4
 308 012b 4D       		.byte	0x4d
 309 012c B8000000 		.4byte	0xb8
 310 0130 04       		.uleb128 0x4
 311 0131 AF030000 		.4byte	.LASF26
 312 0135 04       		.byte	0x4
 313 0136 4F       		.byte	0x4f
 314 0137 C3000000 		.4byte	0xc3
 315 013b 04       		.uleb128 0x4
 316 013c 22040000 		.4byte	.LASF27
 317 0140 04       		.byte	0x4
 318 0141 51       		.byte	0x51
 319 0142 B8000000 		.4byte	0xb8
 320 0146 04       		.uleb128 0x4
 321 0147 F4050000 		.4byte	.LASF28
 322 014b 05       		.byte	0x5
 323 014c 33       		.byte	0x33
 324 014d C3000000 		.4byte	0xc3
 325 0151 04       		.uleb128 0x4
 326 0152 DF050000 		.4byte	.LASF29
 327 0156 05       		.byte	0x5
 328 0157 3F       		.byte	0x3f
 329 0158 5C010000 		.4byte	0x15c
 330 015c 06       		.uleb128 0x6
 331 015d 7D030000 		.4byte	.LASF51
 332 0161 48       		.byte	0x48
 333 0162 06       		.byte	0x6
 334 0163 C2       		.byte	0xc2
 335 0164 61020000 		.4byte	0x261
 336 0168 07       		.uleb128 0x7
 337 0169 4E050000 		.4byte	.LASF30
 338 016d 06       		.byte	0x6
 339 016e C3       		.byte	0xc3
 340 016f 6C020000 		.4byte	0x26c
 341 0173 00       		.byte	0
 342 0174 07       		.uleb128 0x7
ARM GAS  /tmp/ccPdPQHS.s 			page 7


 343 0175 D9040000 		.4byte	.LASF31
 344 0179 06       		.byte	0x6
 345 017a C5       		.byte	0xc5
 346 017b 6C020000 		.4byte	0x26c
 347 017f 04       		.byte	0x4
 348 0180 07       		.uleb128 0x7
 349 0181 F3010000 		.4byte	.LASF32
 350 0185 06       		.byte	0x6
 351 0186 C7       		.byte	0xc7
 352 0187 1A010000 		.4byte	0x11a
 353 018b 08       		.byte	0x8
 354 018c 07       		.uleb128 0x7
 355 018d 0F070000 		.4byte	.LASF33
 356 0191 06       		.byte	0x6
 357 0192 C8       		.byte	0xc8
 358 0193 E3060000 		.4byte	0x6e3
 359 0197 0C       		.byte	0xc
 360 0198 07       		.uleb128 0x7
 361 0199 BF020000 		.4byte	.LASF34
 362 019d 06       		.byte	0x6
 363 019e CA       		.byte	0xca
 364 019f 6C020000 		.4byte	0x26c
 365 01a3 10       		.byte	0x10
 366 01a4 07       		.uleb128 0x7
 367 01a5 43040000 		.4byte	.LASF35
 368 01a9 06       		.byte	0x6
 369 01aa CB       		.byte	0xcb
 370 01ab 6C020000 		.4byte	0x26c
 371 01af 14       		.byte	0x14
 372 01b0 07       		.uleb128 0x7
 373 01b1 E2060000 		.4byte	.LASF36
 374 01b5 06       		.byte	0x6
 375 01b6 D2       		.byte	0xd2
 376 01b7 28090000 		.4byte	0x928
 377 01bb 18       		.byte	0x18
 378 01bc 07       		.uleb128 0x7
 379 01bd 2E050000 		.4byte	.LASF37
 380 01c1 06       		.byte	0x6
 381 01c2 DD       		.byte	0xdd
 382 01c3 F9000000 		.4byte	0xf9
 383 01c7 1C       		.byte	0x1c
 384 01c8 07       		.uleb128 0x7
 385 01c9 55050000 		.4byte	.LASF38
 386 01cd 06       		.byte	0x6
 387 01ce E1       		.byte	0xe1
 388 01cf EE000000 		.4byte	0xee
 389 01d3 1D       		.byte	0x1d
 390 01d4 07       		.uleb128 0x7
 391 01d5 6D040000 		.4byte	.LASF39
 392 01d9 06       		.byte	0x6
 393 01da E6       		.byte	0xe6
 394 01db 04010000 		.4byte	0x104
 395 01df 1E       		.byte	0x1e
 396 01e0 07       		.uleb128 0x7
 397 01e1 36050000 		.4byte	.LASF40
 398 01e5 06       		.byte	0x6
 399 01e6 EC       		.byte	0xec
ARM GAS  /tmp/ccPdPQHS.s 			page 8


 400 01e7 0F010000 		.4byte	0x10f
 401 01eb 1F       		.byte	0x1f
 402 01ec 07       		.uleb128 0x7
 403 01ed 2E060000 		.4byte	.LASF41
 404 01f1 06       		.byte	0x6
 405 01f2 F3       		.byte	0xf3
 406 01f3 3A090000 		.4byte	0x93a
 407 01f7 20       		.byte	0x20
 408 01f8 08       		.uleb128 0x8
 409 01f9 705F7500 		.ascii	"p_u\000"
 410 01fd 06       		.byte	0x6
 411 01fe 3101     		.2byte	0x131
 412 0200 63080000 		.4byte	0x863
 413 0204 24       		.byte	0x24
 414 0205 09       		.uleb128 0x9
 415 0206 15070000 		.4byte	.LASF42
 416 020a 06       		.byte	0x6
 417 020b 3601     		.2byte	0x136
 418 020d 72020000 		.4byte	0x272
 419 0211 28       		.byte	0x28
 420 0212 09       		.uleb128 0x9
 421 0213 46060000 		.4byte	.LASF43
 422 0217 06       		.byte	0x6
 423 0218 3C01     		.2byte	0x13c
 424 021a 96020000 		.4byte	0x296
 425 021e 2C       		.byte	0x2c
 426 021f 09       		.uleb128 0x9
 427 0220 F8060000 		.4byte	.LASF44
 428 0224 06       		.byte	0x6
 429 0225 4001     		.2byte	0x140
 430 0227 25010000 		.4byte	0x125
 431 022b 34       		.byte	0x34
 432 022c 09       		.uleb128 0x9
 433 022d 7A050000 		.4byte	.LASF45
 434 0231 06       		.byte	0x6
 435 0232 4601     		.2byte	0x146
 436 0234 30010000 		.4byte	0x130
 437 0238 38       		.byte	0x38
 438 0239 09       		.uleb128 0x9
 439 023a 1A050000 		.4byte	.LASF46
 440 023e 06       		.byte	0x6
 441 023f 4D01     		.2byte	0x14d
 442 0241 22090000 		.4byte	0x922
 443 0245 3C       		.byte	0x3c
 444 0246 09       		.uleb128 0x9
 445 0247 FE050000 		.4byte	.LASF47
 446 024b 06       		.byte	0x6
 447 024c 5101     		.2byte	0x151
 448 024e 1A010000 		.4byte	0x11a
 449 0252 40       		.byte	0x40
 450 0253 09       		.uleb128 0x9
 451 0254 2D020000 		.4byte	.LASF48
 452 0258 06       		.byte	0x6
 453 0259 5801     		.2byte	0x158
 454 025b 49030000 		.4byte	0x349
 455 025f 44       		.byte	0x44
 456 0260 00       		.byte	0
ARM GAS  /tmp/ccPdPQHS.s 			page 9


 457 0261 04       		.uleb128 0x4
 458 0262 F0030000 		.4byte	.LASF49
 459 0266 05       		.byte	0x5
 460 0267 44       		.byte	0x44
 461 0268 6C020000 		.4byte	0x26c
 462 026c 0A       		.uleb128 0xa
 463 026d 04       		.byte	0x4
 464 026e 51010000 		.4byte	0x151
 465 0272 04       		.uleb128 0x4
 466 0273 E9060000 		.4byte	.LASF50
 467 0277 05       		.byte	0x5
 468 0278 49       		.byte	0x49
 469 0279 7D020000 		.4byte	0x27d
 470 027d 06       		.uleb128 0x6
 471 027e A8050000 		.4byte	.LASF52
 472 0282 04       		.byte	0x4
 473 0283 06       		.byte	0x6
 474 0284 B0       		.byte	0xb0
 475 0285 96020000 		.4byte	0x296
 476 0289 07       		.uleb128 0x7
 477 028a 4E050000 		.4byte	.LASF30
 478 028e 06       		.byte	0x6
 479 028f B1       		.byte	0xb1
 480 0290 6C020000 		.4byte	0x26c
 481 0294 00       		.byte	0
 482 0295 00       		.byte	0
 483 0296 04       		.uleb128 0x4
 484 0297 5D050000 		.4byte	.LASF53
 485 029b 05       		.byte	0x5
 486 029c 50       		.byte	0x50
 487 029d A1020000 		.4byte	0x2a1
 488 02a1 06       		.uleb128 0x6
 489 02a2 E2010000 		.4byte	.LASF54
 490 02a6 08       		.byte	0x8
 491 02a7 06       		.byte	0x6
 492 02a8 B7       		.byte	0xb7
 493 02a9 C6020000 		.4byte	0x2c6
 494 02ad 07       		.uleb128 0x7
 495 02ae 4E050000 		.4byte	.LASF30
 496 02b2 06       		.byte	0x6
 497 02b3 B8       		.byte	0xb8
 498 02b4 6C020000 		.4byte	0x26c
 499 02b8 00       		.byte	0
 500 02b9 07       		.uleb128 0x7
 501 02ba D9040000 		.4byte	.LASF31
 502 02be 06       		.byte	0x6
 503 02bf B9       		.byte	0xb9
 504 02c0 6C020000 		.4byte	0x26c
 505 02c4 04       		.byte	0x4
 506 02c5 00       		.byte	0
 507 02c6 04       		.uleb128 0x4
 508 02c7 00000000 		.4byte	.LASF55
 509 02cb 05       		.byte	0x5
 510 02cc 57       		.byte	0x57
 511 02cd D1020000 		.4byte	0x2d1
 512 02d1 0B       		.uleb128 0xb
 513 02d2 A1030000 		.4byte	.LASF56
ARM GAS  /tmp/ccPdPQHS.s 			page 10


 514 02d6 1C       		.byte	0x1c
 515 02d7 06       		.byte	0x6
 516 02d8 9001     		.2byte	0x190
 517 02da 2D030000 		.4byte	0x32d
 518 02de 09       		.uleb128 0x9
 519 02df 95050000 		.4byte	.LASF57
 520 02e3 06       		.byte	0x6
 521 02e4 9101     		.2byte	0x191
 522 02e6 96020000 		.4byte	0x296
 523 02ea 00       		.byte	0
 524 02eb 09       		.uleb128 0x9
 525 02ec 40050000 		.4byte	.LASF58
 526 02f0 06       		.byte	0x6
 527 02f1 9201     		.2byte	0x192
 528 02f3 1A010000 		.4byte	0x11a
 529 02f7 08       		.byte	0x8
 530 02f8 09       		.uleb128 0x9
 531 02f9 4B040000 		.4byte	.LASF59
 532 02fd 06       		.byte	0x6
 533 02fe 9401     		.2byte	0x194
 534 0300 E3060000 		.4byte	0x6e3
 535 0304 0C       		.byte	0xc
 536 0305 09       		.uleb128 0x9
 537 0306 D8020000 		.4byte	.LASF60
 538 030a 06       		.byte	0x6
 539 030b 9701     		.2byte	0x197
 540 030d 6C020000 		.4byte	0x26c
 541 0311 10       		.byte	0x10
 542 0312 09       		.uleb128 0x9
 543 0313 7E040000 		.4byte	.LASF61
 544 0317 06       		.byte	0x6
 545 0318 9801     		.2byte	0x198
 546 031a 6C020000 		.4byte	0x26c
 547 031e 14       		.byte	0x14
 548 031f 09       		.uleb128 0x9
 549 0320 74040000 		.4byte	.LASF62
 550 0324 06       		.byte	0x6
 551 0325 9B01     		.2byte	0x19b
 552 0327 6C020000 		.4byte	0x26c
 553 032b 18       		.byte	0x18
 554 032c 00       		.byte	0
 555 032d 04       		.uleb128 0x4
 556 032e 09060000 		.4byte	.LASF63
 557 0332 05       		.byte	0x5
 558 0333 5C       		.byte	0x5c
 559 0334 38030000 		.4byte	0x338
 560 0338 0A       		.uleb128 0xa
 561 0339 04       		.byte	0x4
 562 033a 3E030000 		.4byte	0x33e
 563 033e 0C       		.uleb128 0xc
 564 033f 49030000 		.4byte	0x349
 565 0343 0D       		.uleb128 0xd
 566 0344 49030000 		.4byte	0x349
 567 0348 00       		.byte	0
 568 0349 0E       		.uleb128 0xe
 569 034a 04       		.byte	0x4
 570 034b 04       		.uleb128 0x4
ARM GAS  /tmp/ccPdPQHS.s 			page 11


 571 034c C9040000 		.4byte	.LASF64
 572 0350 05       		.byte	0x5
 573 0351 61       		.byte	0x61
 574 0352 56030000 		.4byte	0x356
 575 0356 0B       		.uleb128 0xb
 576 0357 35060000 		.4byte	.LASF65
 577 035b 14       		.byte	0x14
 578 035c 06       		.byte	0x6
 579 035d 6B01     		.2byte	0x16b
 580 035f A5030000 		.4byte	0x3a5
 581 0363 09       		.uleb128 0x9
 582 0364 35030000 		.4byte	.LASF66
 583 0368 06       		.byte	0x6
 584 0369 6C01     		.2byte	0x16c
 585 036b 3F090000 		.4byte	0x93f
 586 036f 00       		.byte	0
 587 0370 09       		.uleb128 0x9
 588 0371 E9020000 		.4byte	.LASF67
 589 0375 06       		.byte	0x6
 590 0376 6D01     		.2byte	0x16d
 591 0378 3F090000 		.4byte	0x93f
 592 037c 04       		.byte	0x4
 593 037d 09       		.uleb128 0x9
 594 037e 44030000 		.4byte	.LASF68
 595 0382 06       		.byte	0x6
 596 0383 6E01     		.2byte	0x16e
 597 0385 46010000 		.4byte	0x146
 598 0389 08       		.byte	0x8
 599 038a 09       		.uleb128 0x9
 600 038b 1A040000 		.4byte	.LASF69
 601 038f 06       		.byte	0x6
 602 0390 6F01     		.2byte	0x16f
 603 0392 2D030000 		.4byte	0x32d
 604 0396 0C       		.byte	0xc
 605 0397 09       		.uleb128 0x9
 606 0398 51060000 		.4byte	.LASF70
 607 039c 06       		.byte	0x6
 608 039d 7101     		.2byte	0x171
 609 039f 49030000 		.4byte	0x349
 610 03a3 10       		.byte	0x10
 611 03a4 00       		.byte	0
 612 03a5 04       		.uleb128 0x4
 613 03a6 BA010000 		.4byte	.LASF71
 614 03aa 05       		.byte	0x5
 615 03ab 66       		.byte	0x66
 616 03ac B0030000 		.4byte	0x3b0
 617 03b0 0B       		.uleb128 0xb
 618 03b1 03040000 		.4byte	.LASF72
 619 03b5 10       		.byte	0x10
 620 03b6 06       		.byte	0x6
 621 03b7 7B01     		.2byte	0x17b
 622 03b9 F2030000 		.4byte	0x3f2
 623 03bd 09       		.uleb128 0x9
 624 03be 35030000 		.4byte	.LASF66
 625 03c2 06       		.byte	0x6
 626 03c3 7C01     		.2byte	0x17c
 627 03c5 3F090000 		.4byte	0x93f
ARM GAS  /tmp/ccPdPQHS.s 			page 12


 628 03c9 00       		.byte	0
 629 03ca 09       		.uleb128 0x9
 630 03cb E9020000 		.4byte	.LASF67
 631 03cf 06       		.byte	0x6
 632 03d0 7E01     		.2byte	0x17e
 633 03d2 3F090000 		.4byte	0x93f
 634 03d6 04       		.byte	0x4
 635 03d7 09       		.uleb128 0x9
 636 03d8 44030000 		.4byte	.LASF68
 637 03dc 06       		.byte	0x6
 638 03dd 8001     		.2byte	0x180
 639 03df 46010000 		.4byte	0x146
 640 03e3 08       		.byte	0x8
 641 03e4 09       		.uleb128 0x9
 642 03e5 9D050000 		.4byte	.LASF73
 643 03e9 06       		.byte	0x6
 644 03ea 8201     		.2byte	0x182
 645 03ec 3A090000 		.4byte	0x93a
 646 03f0 0C       		.byte	0xc
 647 03f1 00       		.byte	0
 648 03f2 04       		.uleb128 0x4
 649 03f3 4D030000 		.4byte	.LASF74
 650 03f7 05       		.byte	0x5
 651 03f8 6B       		.byte	0x6b
 652 03f9 FD030000 		.4byte	0x3fd
 653 03fd 0B       		.uleb128 0xb
 654 03fe EE040000 		.4byte	.LASF75
 655 0402 04       		.byte	0x4
 656 0403 06       		.byte	0x6
 657 0404 A201     		.2byte	0x1a2
 658 0406 18040000 		.4byte	0x418
 659 040a 09       		.uleb128 0x9
 660 040b 1D060000 		.4byte	.LASF76
 661 040f 06       		.byte	0x6
 662 0410 AA01     		.2byte	0x1aa
 663 0412 45090000 		.4byte	0x945
 664 0416 00       		.byte	0
 665 0417 00       		.byte	0
 666 0418 04       		.uleb128 0x4
 667 0419 8D030000 		.4byte	.LASF77
 668 041d 05       		.byte	0x5
 669 041e 70       		.byte	0x70
 670 041f 23040000 		.4byte	0x423
 671 0423 0F       		.uleb128 0xf
 672 0424 68020000 		.4byte	.LASF78
 673 0428 5802     		.2byte	0x258
 674 042a 06       		.byte	0x6
 675 042b C201     		.2byte	0x1c2
 676 042d 7F040000 		.4byte	0x47f
 677 0431 09       		.uleb128 0x9
 678 0432 A9060000 		.4byte	.LASF79
 679 0436 06       		.byte	0x6
 680 0437 C601     		.2byte	0x1c6
 681 0439 C6020000 		.4byte	0x2c6
 682 043d 00       		.byte	0
 683 043e 09       		.uleb128 0x9
 684 043f 62010000 		.4byte	.LASF80
ARM GAS  /tmp/ccPdPQHS.s 			page 13


 685 0443 06       		.byte	0x6
 686 0444 CA01     		.2byte	0x1ca
 687 0446 A5030000 		.4byte	0x3a5
 688 044a 1C       		.byte	0x1c
 689 044b 08       		.uleb128 0x8
 690 044c 64626700 		.ascii	"dbg\000"
 691 0450 06       		.byte	0x6
 692 0451 CE01     		.2byte	0x1ce
 693 0453 F2030000 		.4byte	0x3f2
 694 0457 2C       		.byte	0x2c
 695 0458 09       		.uleb128 0x9
 696 0459 AF010000 		.4byte	.LASF81
 697 045d 06       		.byte	0x6
 698 045e D201     		.2byte	0x1d2
 699 0460 51010000 		.4byte	0x151
 700 0464 30       		.byte	0x30
 701 0465 08       		.uleb128 0x8
 702 0466 746D00   		.ascii	"tm\000"
 703 0469 06       		.byte	0x6
 704 046a D701     		.2byte	0x1d7
 705 046c 58080000 		.4byte	0x858
 706 0470 78       		.byte	0x78
 707 0471 09       		.uleb128 0x9
 708 0472 02030000 		.4byte	.LASF82
 709 0476 06       		.byte	0x6
 710 0477 E301     		.2byte	0x1e3
 711 0479 4A090000 		.4byte	0x94a
 712 047d 80       		.byte	0x80
 713 047e 00       		.byte	0
 714 047f 03       		.uleb128 0x3
 715 0480 04       		.byte	0x4
 716 0481 07       		.byte	0x7
 717 0482 C6060000 		.4byte	.LASF83
 718 0486 10       		.uleb128 0x10
 719 0487 50       		.byte	0x50
 720 0488 07       		.byte	0x7
 721 0489 C4       		.byte	0xc4
 722 048a 7D050000 		.4byte	0x57d
 723 048e 11       		.uleb128 0x11
 724 048f 535200   		.ascii	"SR\000"
 725 0492 07       		.byte	0x7
 726 0493 C6       		.byte	0xc6
 727 0494 DE000000 		.4byte	0xde
 728 0498 00       		.byte	0
 729 0499 11       		.uleb128 0x11
 730 049a 43523100 		.ascii	"CR1\000"
 731 049e 07       		.byte	0x7
 732 049f C7       		.byte	0xc7
 733 04a0 DE000000 		.4byte	0xde
 734 04a4 04       		.byte	0x4
 735 04a5 11       		.uleb128 0x11
 736 04a6 43523200 		.ascii	"CR2\000"
 737 04aa 07       		.byte	0x7
 738 04ab C8       		.byte	0xc8
 739 04ac DE000000 		.4byte	0xde
 740 04b0 08       		.byte	0x8
 741 04b1 07       		.uleb128 0x7
ARM GAS  /tmp/ccPdPQHS.s 			page 14


 742 04b2 51040000 		.4byte	.LASF84
 743 04b6 07       		.byte	0x7
 744 04b7 C9       		.byte	0xc9
 745 04b8 DE000000 		.4byte	0xde
 746 04bc 0C       		.byte	0xc
 747 04bd 07       		.uleb128 0x7
 748 04be 57040000 		.4byte	.LASF85
 749 04c2 07       		.byte	0x7
 750 04c3 CA       		.byte	0xca
 751 04c4 DE000000 		.4byte	0xde
 752 04c8 10       		.byte	0x10
 753 04c9 07       		.uleb128 0x7
 754 04ca D0030000 		.4byte	.LASF86
 755 04ce 07       		.byte	0x7
 756 04cf CB       		.byte	0xcb
 757 04d0 DE000000 		.4byte	0xde
 758 04d4 14       		.byte	0x14
 759 04d5 07       		.uleb128 0x7
 760 04d6 D6030000 		.4byte	.LASF87
 761 04da 07       		.byte	0x7
 762 04db CC       		.byte	0xcc
 763 04dc DE000000 		.4byte	0xde
 764 04e0 18       		.byte	0x18
 765 04e1 07       		.uleb128 0x7
 766 04e2 DC030000 		.4byte	.LASF88
 767 04e6 07       		.byte	0x7
 768 04e7 CD       		.byte	0xcd
 769 04e8 DE000000 		.4byte	0xde
 770 04ec 1C       		.byte	0x1c
 771 04ed 07       		.uleb128 0x7
 772 04ee E2030000 		.4byte	.LASF89
 773 04f2 07       		.byte	0x7
 774 04f3 CE       		.byte	0xce
 775 04f4 DE000000 		.4byte	0xde
 776 04f8 20       		.byte	0x20
 777 04f9 11       		.uleb128 0x11
 778 04fa 48545200 		.ascii	"HTR\000"
 779 04fe 07       		.byte	0x7
 780 04ff CF       		.byte	0xcf
 781 0500 DE000000 		.4byte	0xde
 782 0504 24       		.byte	0x24
 783 0505 11       		.uleb128 0x11
 784 0506 4C545200 		.ascii	"LTR\000"
 785 050a 07       		.byte	0x7
 786 050b D0       		.byte	0xd0
 787 050c DE000000 		.4byte	0xde
 788 0510 28       		.byte	0x28
 789 0511 07       		.uleb128 0x7
 790 0512 8B040000 		.4byte	.LASF90
 791 0516 07       		.byte	0x7
 792 0517 D1       		.byte	0xd1
 793 0518 DE000000 		.4byte	0xde
 794 051c 2C       		.byte	0x2c
 795 051d 07       		.uleb128 0x7
 796 051e 90040000 		.4byte	.LASF91
 797 0522 07       		.byte	0x7
 798 0523 D2       		.byte	0xd2
ARM GAS  /tmp/ccPdPQHS.s 			page 15


 799 0524 DE000000 		.4byte	0xde
 800 0528 30       		.byte	0x30
 801 0529 07       		.uleb128 0x7
 802 052a 95040000 		.4byte	.LASF92
 803 052e 07       		.byte	0x7
 804 052f D3       		.byte	0xd3
 805 0530 DE000000 		.4byte	0xde
 806 0534 34       		.byte	0x34
 807 0535 07       		.uleb128 0x7
 808 0536 FA010000 		.4byte	.LASF93
 809 053a 07       		.byte	0x7
 810 053b D4       		.byte	0xd4
 811 053c DE000000 		.4byte	0xde
 812 0540 38       		.byte	0x38
 813 0541 07       		.uleb128 0x7
 814 0542 39040000 		.4byte	.LASF94
 815 0546 07       		.byte	0x7
 816 0547 D5       		.byte	0xd5
 817 0548 DE000000 		.4byte	0xde
 818 054c 3C       		.byte	0x3c
 819 054d 07       		.uleb128 0x7
 820 054e 3E040000 		.4byte	.LASF95
 821 0552 07       		.byte	0x7
 822 0553 D6       		.byte	0xd6
 823 0554 DE000000 		.4byte	0xde
 824 0558 40       		.byte	0x40
 825 0559 07       		.uleb128 0x7
 826 055a CF060000 		.4byte	.LASF96
 827 055e 07       		.byte	0x7
 828 055f D7       		.byte	0xd7
 829 0560 DE000000 		.4byte	0xde
 830 0564 44       		.byte	0x44
 831 0565 07       		.uleb128 0x7
 832 0566 D4060000 		.4byte	.LASF97
 833 056a 07       		.byte	0x7
 834 056b D8       		.byte	0xd8
 835 056c DE000000 		.4byte	0xde
 836 0570 48       		.byte	0x48
 837 0571 11       		.uleb128 0x11
 838 0572 445200   		.ascii	"DR\000"
 839 0575 07       		.byte	0x7
 840 0576 D9       		.byte	0xd9
 841 0577 DE000000 		.4byte	0xde
 842 057b 4C       		.byte	0x4c
 843 057c 00       		.byte	0
 844 057d 04       		.uleb128 0x4
 845 057e A3020000 		.4byte	.LASF98
 846 0582 07       		.byte	0x7
 847 0583 DA       		.byte	0xda
 848 0584 86040000 		.4byte	0x486
 849 0588 12       		.uleb128 0x12
 850 0589 54       		.byte	0x54
 851 058a 07       		.byte	0x7
 852 058b EC02     		.2byte	0x2ec
 853 058d A1060000 		.4byte	0x6a1
 854 0591 08       		.uleb128 0x8
 855 0592 43523100 		.ascii	"CR1\000"
ARM GAS  /tmp/ccPdPQHS.s 			page 16


 856 0596 07       		.byte	0x7
 857 0597 EE02     		.2byte	0x2ee
 858 0599 DE000000 		.4byte	0xde
 859 059d 00       		.byte	0
 860 059e 08       		.uleb128 0x8
 861 059f 43523200 		.ascii	"CR2\000"
 862 05a3 07       		.byte	0x7
 863 05a4 EF02     		.2byte	0x2ef
 864 05a6 DE000000 		.4byte	0xde
 865 05aa 04       		.byte	0x4
 866 05ab 09       		.uleb128 0x9
 867 05ac CF050000 		.4byte	.LASF99
 868 05b0 07       		.byte	0x7
 869 05b1 F002     		.2byte	0x2f0
 870 05b3 DE000000 		.4byte	0xde
 871 05b7 08       		.byte	0x8
 872 05b8 09       		.uleb128 0x9
 873 05b9 0D000000 		.4byte	.LASF100
 874 05bd 07       		.byte	0x7
 875 05be F102     		.2byte	0x2f1
 876 05c0 DE000000 		.4byte	0xde
 877 05c4 0C       		.byte	0xc
 878 05c5 08       		.uleb128 0x8
 879 05c6 535200   		.ascii	"SR\000"
 880 05c9 07       		.byte	0x7
 881 05ca F202     		.2byte	0x2f2
 882 05cc DE000000 		.4byte	0xde
 883 05d0 10       		.byte	0x10
 884 05d1 08       		.uleb128 0x8
 885 05d2 45475200 		.ascii	"EGR\000"
 886 05d6 07       		.byte	0x7
 887 05d7 F302     		.2byte	0x2f3
 888 05d9 DE000000 		.4byte	0xde
 889 05dd 14       		.byte	0x14
 890 05de 09       		.uleb128 0x9
 891 05df FF010000 		.4byte	.LASF101
 892 05e3 07       		.byte	0x7
 893 05e4 F402     		.2byte	0x2f4
 894 05e6 DE000000 		.4byte	0xde
 895 05ea 18       		.byte	0x18
 896 05eb 09       		.uleb128 0x9
 897 05ec 69010000 		.4byte	.LASF102
 898 05f0 07       		.byte	0x7
 899 05f1 F502     		.2byte	0x2f5
 900 05f3 DE000000 		.4byte	0xde
 901 05f7 1C       		.byte	0x1c
 902 05f8 09       		.uleb128 0x9
 903 05f9 E8050000 		.4byte	.LASF103
 904 05fd 07       		.byte	0x7
 905 05fe F602     		.2byte	0x2f6
 906 0600 DE000000 		.4byte	0xde
 907 0604 20       		.byte	0x20
 908 0605 08       		.uleb128 0x8
 909 0606 434E5400 		.ascii	"CNT\000"
 910 060a 07       		.byte	0x7
 911 060b F702     		.2byte	0x2f7
 912 060d DE000000 		.4byte	0xde
ARM GAS  /tmp/ccPdPQHS.s 			page 17


 913 0611 24       		.byte	0x24
 914 0612 08       		.uleb128 0x8
 915 0613 50534300 		.ascii	"PSC\000"
 916 0617 07       		.byte	0x7
 917 0618 F802     		.2byte	0x2f8
 918 061a DE000000 		.4byte	0xde
 919 061e 28       		.byte	0x28
 920 061f 08       		.uleb128 0x8
 921 0620 41525200 		.ascii	"ARR\000"
 922 0624 07       		.byte	0x7
 923 0625 F902     		.2byte	0x2f9
 924 0627 DE000000 		.4byte	0xde
 925 062b 2C       		.byte	0x2c
 926 062c 08       		.uleb128 0x8
 927 062d 52435200 		.ascii	"RCR\000"
 928 0631 07       		.byte	0x7
 929 0632 FA02     		.2byte	0x2fa
 930 0634 DE000000 		.4byte	0xde
 931 0638 30       		.byte	0x30
 932 0639 09       		.uleb128 0x9
 933 063a 79060000 		.4byte	.LASF104
 934 063e 07       		.byte	0x7
 935 063f FB02     		.2byte	0x2fb
 936 0641 DE000000 		.4byte	0xde
 937 0645 34       		.byte	0x34
 938 0646 09       		.uleb128 0x9
 939 0647 7E060000 		.4byte	.LASF105
 940 064b 07       		.byte	0x7
 941 064c FC02     		.2byte	0x2fc
 942 064e DE000000 		.4byte	0xde
 943 0652 38       		.byte	0x38
 944 0653 09       		.uleb128 0x9
 945 0654 83060000 		.4byte	.LASF106
 946 0658 07       		.byte	0x7
 947 0659 FD02     		.2byte	0x2fd
 948 065b DE000000 		.4byte	0xde
 949 065f 3C       		.byte	0x3c
 950 0660 09       		.uleb128 0x9
 951 0661 88060000 		.4byte	.LASF107
 952 0665 07       		.byte	0x7
 953 0666 FE02     		.2byte	0x2fe
 954 0668 DE000000 		.4byte	0xde
 955 066c 40       		.byte	0x40
 956 066d 09       		.uleb128 0x9
 957 066e DD010000 		.4byte	.LASF108
 958 0672 07       		.byte	0x7
 959 0673 FF02     		.2byte	0x2ff
 960 0675 DE000000 		.4byte	0xde
 961 0679 44       		.byte	0x44
 962 067a 08       		.uleb128 0x8
 963 067b 44435200 		.ascii	"DCR\000"
 964 067f 07       		.byte	0x7
 965 0680 0003     		.2byte	0x300
 966 0682 DE000000 		.4byte	0xde
 967 0686 48       		.byte	0x48
 968 0687 09       		.uleb128 0x9
 969 0688 86040000 		.4byte	.LASF109
ARM GAS  /tmp/ccPdPQHS.s 			page 18


 970 068c 07       		.byte	0x7
 971 068d 0103     		.2byte	0x301
 972 068f DE000000 		.4byte	0xde
 973 0693 4C       		.byte	0x4c
 974 0694 08       		.uleb128 0x8
 975 0695 4F5200   		.ascii	"OR\000"
 976 0698 07       		.byte	0x7
 977 0699 0203     		.2byte	0x302
 978 069b DE000000 		.4byte	0xde
 979 069f 50       		.byte	0x50
 980 06a0 00       		.byte	0
 981 06a1 13       		.uleb128 0x13
 982 06a2 8C010000 		.4byte	.LASF110
 983 06a6 07       		.byte	0x7
 984 06a7 0303     		.2byte	0x303
 985 06a9 88050000 		.4byte	0x588
 986 06ad 14       		.uleb128 0x14
 987 06ae 01       		.byte	0x1
 988 06af 08       		.byte	0x8
 989 06b0 A2       		.byte	0xa2
 990 06b1 C2060000 		.4byte	0x6c2
 991 06b5 15       		.uleb128 0x15
 992 06b6 E0040000 		.4byte	.LASF111
 993 06ba 00       		.sleb128 0
 994 06bb 16       		.uleb128 0x16
 995 06bc 53455400 		.ascii	"SET\000"
 996 06c0 01       		.sleb128 1
 997 06c1 00       		.byte	0
 998 06c2 04       		.uleb128 0x4
 999 06c3 F9020000 		.4byte	.LASF112
 1000 06c7 08       		.byte	0x8
 1001 06c8 A5       		.byte	0xa5
 1002 06c9 AD060000 		.4byte	0x6ad
 1003 06cd 04       		.uleb128 0x4
 1004 06ce E0020000 		.4byte	.LASF113
 1005 06d2 09       		.byte	0x9
 1006 06d3 65       		.byte	0x65
 1007 06d4 49030000 		.4byte	0x349
 1008 06d8 04       		.uleb128 0x4
 1009 06d9 C5030000 		.4byte	.LASF114
 1010 06dd 09       		.byte	0x9
 1011 06de 6D       		.byte	0x6d
 1012 06df CE000000 		.4byte	0xce
 1013 06e3 06       		.uleb128 0x6
 1014 06e4 62030000 		.4byte	.LASF115
 1015 06e8 04       		.byte	0x4
 1016 06e9 09       		.byte	0x9
 1017 06ea 89       		.byte	0x89
 1018 06eb FC060000 		.4byte	0x6fc
 1019 06ef 11       		.uleb128 0x11
 1020 06f0 72313300 		.ascii	"r13\000"
 1021 06f4 09       		.byte	0x9
 1022 06f5 8A       		.byte	0x8a
 1023 06f6 3D080000 		.4byte	0x83d
 1024 06fa 00       		.byte	0
 1025 06fb 00       		.byte	0
 1026 06fc 06       		.uleb128 0x6
ARM GAS  /tmp/ccPdPQHS.s 			page 19


 1027 06fd 56010000 		.4byte	.LASF116
 1028 0701 64       		.byte	0x64
 1029 0702 0A       		.byte	0xa
 1030 0703 F4       		.byte	0xf4
 1031 0704 3D080000 		.4byte	0x83d
 1032 0708 11       		.uleb128 0x11
 1033 0709 73313600 		.ascii	"s16\000"
 1034 070d 0A       		.byte	0xa
 1035 070e F6       		.byte	0xf6
 1036 070f CD060000 		.4byte	0x6cd
 1037 0713 00       		.byte	0
 1038 0714 11       		.uleb128 0x11
 1039 0715 73313700 		.ascii	"s17\000"
 1040 0719 0A       		.byte	0xa
 1041 071a F7       		.byte	0xf7
 1042 071b CD060000 		.4byte	0x6cd
 1043 071f 04       		.byte	0x4
 1044 0720 11       		.uleb128 0x11
 1045 0721 73313800 		.ascii	"s18\000"
 1046 0725 0A       		.byte	0xa
 1047 0726 F8       		.byte	0xf8
 1048 0727 CD060000 		.4byte	0x6cd
 1049 072b 08       		.byte	0x8
 1050 072c 11       		.uleb128 0x11
 1051 072d 73313900 		.ascii	"s19\000"
 1052 0731 0A       		.byte	0xa
 1053 0732 F9       		.byte	0xf9
 1054 0733 CD060000 		.4byte	0x6cd
 1055 0737 0C       		.byte	0xc
 1056 0738 11       		.uleb128 0x11
 1057 0739 73323000 		.ascii	"s20\000"
 1058 073d 0A       		.byte	0xa
 1059 073e FA       		.byte	0xfa
 1060 073f CD060000 		.4byte	0x6cd
 1061 0743 10       		.byte	0x10
 1062 0744 11       		.uleb128 0x11
 1063 0745 73323100 		.ascii	"s21\000"
 1064 0749 0A       		.byte	0xa
 1065 074a FB       		.byte	0xfb
 1066 074b CD060000 		.4byte	0x6cd
 1067 074f 14       		.byte	0x14
 1068 0750 11       		.uleb128 0x11
 1069 0751 73323200 		.ascii	"s22\000"
 1070 0755 0A       		.byte	0xa
 1071 0756 FC       		.byte	0xfc
 1072 0757 CD060000 		.4byte	0x6cd
 1073 075b 18       		.byte	0x18
 1074 075c 11       		.uleb128 0x11
 1075 075d 73323300 		.ascii	"s23\000"
 1076 0761 0A       		.byte	0xa
 1077 0762 FD       		.byte	0xfd
 1078 0763 CD060000 		.4byte	0x6cd
 1079 0767 1C       		.byte	0x1c
 1080 0768 11       		.uleb128 0x11
 1081 0769 73323400 		.ascii	"s24\000"
 1082 076d 0A       		.byte	0xa
 1083 076e FE       		.byte	0xfe
ARM GAS  /tmp/ccPdPQHS.s 			page 20


 1084 076f CD060000 		.4byte	0x6cd
 1085 0773 20       		.byte	0x20
 1086 0774 11       		.uleb128 0x11
 1087 0775 73323500 		.ascii	"s25\000"
 1088 0779 0A       		.byte	0xa
 1089 077a FF       		.byte	0xff
 1090 077b CD060000 		.4byte	0x6cd
 1091 077f 24       		.byte	0x24
 1092 0780 08       		.uleb128 0x8
 1093 0781 73323600 		.ascii	"s26\000"
 1094 0785 0A       		.byte	0xa
 1095 0786 0001     		.2byte	0x100
 1096 0788 CD060000 		.4byte	0x6cd
 1097 078c 28       		.byte	0x28
 1098 078d 08       		.uleb128 0x8
 1099 078e 73323700 		.ascii	"s27\000"
 1100 0792 0A       		.byte	0xa
 1101 0793 0101     		.2byte	0x101
 1102 0795 CD060000 		.4byte	0x6cd
 1103 0799 2C       		.byte	0x2c
 1104 079a 08       		.uleb128 0x8
 1105 079b 73323800 		.ascii	"s28\000"
 1106 079f 0A       		.byte	0xa
 1107 07a0 0201     		.2byte	0x102
 1108 07a2 CD060000 		.4byte	0x6cd
 1109 07a6 30       		.byte	0x30
 1110 07a7 08       		.uleb128 0x8
 1111 07a8 73323900 		.ascii	"s29\000"
 1112 07ac 0A       		.byte	0xa
 1113 07ad 0301     		.2byte	0x103
 1114 07af CD060000 		.4byte	0x6cd
 1115 07b3 34       		.byte	0x34
 1116 07b4 08       		.uleb128 0x8
 1117 07b5 73333000 		.ascii	"s30\000"
 1118 07b9 0A       		.byte	0xa
 1119 07ba 0401     		.2byte	0x104
 1120 07bc CD060000 		.4byte	0x6cd
 1121 07c0 38       		.byte	0x38
 1122 07c1 08       		.uleb128 0x8
 1123 07c2 73333100 		.ascii	"s31\000"
 1124 07c6 0A       		.byte	0xa
 1125 07c7 0501     		.2byte	0x105
 1126 07c9 CD060000 		.4byte	0x6cd
 1127 07cd 3C       		.byte	0x3c
 1128 07ce 08       		.uleb128 0x8
 1129 07cf 723400   		.ascii	"r4\000"
 1130 07d2 0A       		.byte	0xa
 1131 07d3 0701     		.2byte	0x107
 1132 07d5 CD060000 		.4byte	0x6cd
 1133 07d9 40       		.byte	0x40
 1134 07da 08       		.uleb128 0x8
 1135 07db 723500   		.ascii	"r5\000"
 1136 07de 0A       		.byte	0xa
 1137 07df 0801     		.2byte	0x108
 1138 07e1 CD060000 		.4byte	0x6cd
 1139 07e5 44       		.byte	0x44
 1140 07e6 08       		.uleb128 0x8
ARM GAS  /tmp/ccPdPQHS.s 			page 21


 1141 07e7 723600   		.ascii	"r6\000"
 1142 07ea 0A       		.byte	0xa
 1143 07eb 0901     		.2byte	0x109
 1144 07ed CD060000 		.4byte	0x6cd
 1145 07f1 48       		.byte	0x48
 1146 07f2 08       		.uleb128 0x8
 1147 07f3 723700   		.ascii	"r7\000"
 1148 07f6 0A       		.byte	0xa
 1149 07f7 0A01     		.2byte	0x10a
 1150 07f9 CD060000 		.4byte	0x6cd
 1151 07fd 4C       		.byte	0x4c
 1152 07fe 08       		.uleb128 0x8
 1153 07ff 723800   		.ascii	"r8\000"
 1154 0802 0A       		.byte	0xa
 1155 0803 0B01     		.2byte	0x10b
 1156 0805 CD060000 		.4byte	0x6cd
 1157 0809 50       		.byte	0x50
 1158 080a 08       		.uleb128 0x8
 1159 080b 723900   		.ascii	"r9\000"
 1160 080e 0A       		.byte	0xa
 1161 080f 0C01     		.2byte	0x10c
 1162 0811 CD060000 		.4byte	0x6cd
 1163 0815 54       		.byte	0x54
 1164 0816 08       		.uleb128 0x8
 1165 0817 72313000 		.ascii	"r10\000"
 1166 081b 0A       		.byte	0xa
 1167 081c 0D01     		.2byte	0x10d
 1168 081e CD060000 		.4byte	0x6cd
 1169 0822 58       		.byte	0x58
 1170 0823 08       		.uleb128 0x8
 1171 0824 72313100 		.ascii	"r11\000"
 1172 0828 0A       		.byte	0xa
 1173 0829 0E01     		.2byte	0x10e
 1174 082b CD060000 		.4byte	0x6cd
 1175 082f 5C       		.byte	0x5c
 1176 0830 08       		.uleb128 0x8
 1177 0831 6C7200   		.ascii	"lr\000"
 1178 0834 0A       		.byte	0xa
 1179 0835 0F01     		.2byte	0x10f
 1180 0837 CD060000 		.4byte	0x6cd
 1181 083b 60       		.byte	0x60
 1182 083c 00       		.byte	0
 1183 083d 0A       		.uleb128 0xa
 1184 083e 04       		.byte	0x4
 1185 083f FC060000 		.4byte	0x6fc
 1186 0843 10       		.uleb128 0x10
 1187 0844 04       		.byte	0x4
 1188 0845 0B       		.byte	0xb
 1189 0846 38       		.byte	0x38
 1190 0847 58080000 		.4byte	0x858
 1191 084b 07       		.uleb128 0x7
 1192 084c 27060000 		.4byte	.LASF117
 1193 0850 0B       		.byte	0xb
 1194 0851 3C       		.byte	0x3c
 1195 0852 E3000000 		.4byte	0xe3
 1196 0856 00       		.byte	0
 1197 0857 00       		.byte	0
ARM GAS  /tmp/ccPdPQHS.s 			page 22


 1198 0858 04       		.uleb128 0x4
 1199 0859 28040000 		.4byte	.LASF118
 1200 085d 0B       		.byte	0xb
 1201 085e 3D       		.byte	0x3d
 1202 085f 43080000 		.4byte	0x843
 1203 0863 17       		.uleb128 0x17
 1204 0864 04       		.byte	0x4
 1205 0865 06       		.byte	0x6
 1206 0866 FA       		.byte	0xfa
 1207 0867 C0080000 		.4byte	0x8c0
 1208 086b 18       		.uleb128 0x18
 1209 086c 18000000 		.4byte	.LASF119
 1210 0870 06       		.byte	0x6
 1211 0871 0101     		.2byte	0x101
 1212 0873 25010000 		.4byte	0x125
 1213 0877 18       		.uleb128 0x18
 1214 0878 CF020000 		.4byte	.LASF120
 1215 087c 06       		.byte	0x6
 1216 087d 0801     		.2byte	0x108
 1217 087f 25010000 		.4byte	0x125
 1218 0883 18       		.uleb128 0x18
 1219 0884 4E020000 		.4byte	.LASF121
 1220 0888 06       		.byte	0x6
 1221 0889 0F01     		.2byte	0x10f
 1222 088b 49030000 		.4byte	0x349
 1223 088f 18       		.uleb128 0x18
 1224 0890 12000000 		.4byte	.LASF122
 1225 0894 06       		.byte	0x6
 1226 0895 1601     		.2byte	0x116
 1227 0897 C0080000 		.4byte	0x8c0
 1228 089b 18       		.uleb128 0x18
 1229 089c 3D030000 		.4byte	.LASF123
 1230 08a0 06       		.byte	0x6
 1231 08a1 1E01     		.2byte	0x11e
 1232 08a3 EB080000 		.4byte	0x8eb
 1233 08a7 18       		.uleb128 0x18
 1234 08a8 8E050000 		.4byte	.LASF124
 1235 08ac 06       		.byte	0x6
 1236 08ad 2701     		.2byte	0x127
 1237 08af 22090000 		.4byte	0x922
 1238 08b3 18       		.uleb128 0x18
 1239 08b4 47050000 		.4byte	.LASF125
 1240 08b8 06       		.byte	0x6
 1241 08b9 2F01     		.2byte	0x12f
 1242 08bb 30010000 		.4byte	0x130
 1243 08bf 00       		.byte	0
 1244 08c0 0A       		.uleb128 0xa
 1245 08c1 04       		.byte	0x4
 1246 08c2 61020000 		.4byte	0x261
 1247 08c6 06       		.uleb128 0x6
 1248 08c7 6D050000 		.4byte	.LASF126
 1249 08cb 0C       		.byte	0xc
 1250 08cc 0C       		.byte	0xc
 1251 08cd 34       		.byte	0x34
 1252 08ce EB080000 		.4byte	0x8eb
 1253 08d2 07       		.uleb128 0x7
 1254 08d3 C7020000 		.4byte	.LASF127
ARM GAS  /tmp/ccPdPQHS.s 			page 23


 1255 08d7 0C       		.byte	0xc
 1256 08d8 35       		.byte	0x35
 1257 08d9 96020000 		.4byte	0x296
 1258 08dd 00       		.byte	0
 1259 08de 07       		.uleb128 0x7
 1260 08df 5C030000 		.4byte	.LASF128
 1261 08e3 0C       		.byte	0xc
 1262 08e4 37       		.byte	0x37
 1263 08e5 3B010000 		.4byte	0x13b
 1264 08e9 08       		.byte	0x8
 1265 08ea 00       		.byte	0
 1266 08eb 0A       		.uleb128 0xa
 1267 08ec 04       		.byte	0x4
 1268 08ed C6080000 		.4byte	0x8c6
 1269 08f1 06       		.uleb128 0x6
 1270 08f2 D9060000 		.4byte	.LASF129
 1271 08f6 10       		.byte	0x10
 1272 08f7 0D       		.byte	0xd
 1273 08f8 39       		.byte	0x39
 1274 08f9 22090000 		.4byte	0x922
 1275 08fd 07       		.uleb128 0x7
 1276 08fe 35020000 		.4byte	.LASF130
 1277 0902 0D       		.byte	0xd
 1278 0903 3A       		.byte	0x3a
 1279 0904 96020000 		.4byte	0x296
 1280 0908 00       		.byte	0
 1281 0909 07       		.uleb128 0x7
 1282 090a 07070000 		.4byte	.LASF131
 1283 090e 0D       		.byte	0xd
 1284 090f 3C       		.byte	0x3c
 1285 0910 6C020000 		.4byte	0x26c
 1286 0914 08       		.byte	0x8
 1287 0915 07       		.uleb128 0x7
 1288 0916 ED050000 		.4byte	.LASF132
 1289 091a 0D       		.byte	0xd
 1290 091b 3E       		.byte	0x3e
 1291 091c 65090000 		.4byte	0x965
 1292 0920 0C       		.byte	0xc
 1293 0921 00       		.byte	0
 1294 0922 0A       		.uleb128 0xa
 1295 0923 04       		.byte	0x4
 1296 0924 F1080000 		.4byte	0x8f1
 1297 0928 0A       		.uleb128 0xa
 1298 0929 04       		.byte	0x4
 1299 092a 2E090000 		.4byte	0x92e
 1300 092e 19       		.uleb128 0x19
 1301 092f 33090000 		.4byte	0x933
 1302 0933 03       		.uleb128 0x3
 1303 0934 01       		.byte	0x1
 1304 0935 08       		.byte	0x8
 1305 0936 CA050000 		.4byte	.LASF133
 1306 093a 05       		.uleb128 0x5
 1307 093b 46010000 		.4byte	0x146
 1308 093f 0A       		.uleb128 0xa
 1309 0940 04       		.byte	0x4
 1310 0941 4B030000 		.4byte	0x34b
 1311 0945 05       		.uleb128 0x5
ARM GAS  /tmp/ccPdPQHS.s 			page 24


 1312 0946 28090000 		.4byte	0x928
 1313 094a 1A       		.uleb128 0x1a
 1314 094b D8060000 		.4byte	0x6d8
 1315 094f 5A090000 		.4byte	0x95a
 1316 0953 1B       		.uleb128 0x1b
 1317 0954 7F040000 		.4byte	0x47f
 1318 0958 3A       		.byte	0x3a
 1319 0959 00       		.byte	0
 1320 095a 04       		.uleb128 0x4
 1321 095b F1020000 		.4byte	.LASF134
 1322 095f 0D       		.byte	0xd
 1323 0960 34       		.byte	0x34
 1324 0961 F1080000 		.4byte	0x8f1
 1325 0965 0A       		.uleb128 0xa
 1326 0966 04       		.byte	0x4
 1327 0967 5A090000 		.4byte	0x95a
 1328 096b 03       		.uleb128 0x3
 1329 096c 01       		.byte	0x1
 1330 096d 02       		.byte	0x2
 1331 096e FE040000 		.4byte	.LASF135
 1332 0972 03       		.uleb128 0x3
 1333 0973 04       		.byte	0x4
 1334 0974 04       		.byte	0x4
 1335 0975 BB040000 		.4byte	.LASF136
 1336 0979 1C       		.uleb128 0x1c
 1337 097a 8D060000 		.4byte	.LASF137
 1338 097e 01       		.byte	0x1
 1339 097f 24       		.byte	0x24
 1340 0980 00000000 		.4byte	.LFB256
 1341 0984 1C000000 		.4byte	.LFE256-.LFB256
 1342 0988 01       		.uleb128 0x1
 1343 0989 9C       		.byte	0x9c
 1344 098a BF090000 		.4byte	0x9bf
 1345 098e 1D       		.uleb128 0x1d
 1346 098f 0C000000 		.4byte	.LVL0
 1347 0993 6E0A0000 		.4byte	0xa6e
 1348 0997 AC090000 		.4byte	0x9ac
 1349 099b 1E       		.uleb128 0x1e
 1350 099c 01       		.uleb128 0x1
 1351 099d 51       		.byte	0x51
 1352 099e 03       		.uleb128 0x3
 1353 099f 0A       		.byte	0xa
 1354 09a0 0704     		.2byte	0x407
 1355 09a2 1E       		.uleb128 0x1e
 1356 09a3 01       		.uleb128 0x1
 1357 09a4 50       		.byte	0x50
 1358 09a5 05       		.uleb128 0x5
 1359 09a6 0C       		.byte	0xc
 1360 09a7 00200140 		.4byte	0x40012000
 1361 09ab 00       		.byte	0
 1362 09ac 1F       		.uleb128 0x1f
 1363 09ad 10000000 		.4byte	.LVL1
 1364 09b1 8B0A0000 		.4byte	0xa8b
 1365 09b5 20       		.uleb128 0x20
 1366 09b6 18000000 		.4byte	.LVL2
 1367 09ba 920A0000 		.4byte	0xa92
 1368 09be 00       		.byte	0
ARM GAS  /tmp/ccPdPQHS.s 			page 25


 1369 09bf 1C       		.uleb128 0x1c
 1370 09c0 FE060000 		.4byte	.LASF138
 1371 09c4 01       		.byte	0x1
 1372 09c5 2B       		.byte	0x2b
 1373 09c6 00000000 		.4byte	.LFB257
 1374 09ca 1E000000 		.4byte	.LFE257-.LFB257
 1375 09ce 01       		.uleb128 0x1
 1376 09cf 9C       		.byte	0x9c
 1377 09d0 040A0000 		.4byte	0xa04
 1378 09d4 1D       		.uleb128 0x1d
 1379 09d5 0A000000 		.4byte	.LVL3
 1380 09d9 9A0A0000 		.4byte	0xa9a
 1381 09dd E9090000 		.4byte	0x9e9
 1382 09e1 1E       		.uleb128 0x1e
 1383 09e2 01       		.uleb128 0x1
 1384 09e3 50       		.byte	0x50
 1385 09e4 03       		.uleb128 0x3
 1386 09e5 0A       		.byte	0xa
 1387 09e6 0008     		.2byte	0x800
 1388 09e8 00       		.byte	0
 1389 09e9 1F       		.uleb128 0x1f
 1390 09ea 12000000 		.4byte	.LVL4
 1391 09ee AF0A0000 		.4byte	0xaaf
 1392 09f2 21       		.uleb128 0x21
 1393 09f3 1E000000 		.4byte	.LVL5
 1394 09f7 B60A0000 		.4byte	0xab6
 1395 09fb 1E       		.uleb128 0x1e
 1396 09fc 01       		.uleb128 0x1
 1397 09fd 50       		.byte	0x50
 1398 09fe 03       		.uleb128 0x3
 1399 09ff 0A       		.byte	0xa
 1400 0a00 0008     		.2byte	0x800
 1401 0a02 00       		.byte	0
 1402 0a03 00       		.byte	0
 1403 0a04 1C       		.uleb128 0x1c
 1404 0a05 5F020000 		.4byte	.LASF139
 1405 0a09 01       		.byte	0x1
 1406 0a0a 34       		.byte	0x34
 1407 0a0b 00000000 		.4byte	.LFB258
 1408 0a0f 24000000 		.4byte	.LFE258-.LFB258
 1409 0a13 01       		.uleb128 0x1
 1410 0a14 9C       		.byte	0x9c
 1411 0a15 570A0000 		.4byte	0xa57
 1412 0a19 1D       		.uleb128 0x1d
 1413 0a1a 0A000000 		.4byte	.LVL6
 1414 0a1e C70A0000 		.4byte	0xac7
 1415 0a22 350A0000 		.4byte	0xa35
 1416 0a26 1E       		.uleb128 0x1e
 1417 0a27 01       		.uleb128 0x1
 1418 0a28 51       		.byte	0x51
 1419 0a29 01       		.uleb128 0x1
 1420 0a2a 31       		.byte	0x31
 1421 0a2b 1E       		.uleb128 0x1e
 1422 0a2c 01       		.uleb128 0x1
 1423 0a2d 50       		.byte	0x50
 1424 0a2e 05       		.uleb128 0x5
 1425 0a2f 0C       		.byte	0xc
ARM GAS  /tmp/ccPdPQHS.s 			page 26


 1426 0a30 00080040 		.4byte	0x40000800
 1427 0a34 00       		.byte	0
 1428 0a35 1F       		.uleb128 0x1f
 1429 0a36 12000000 		.4byte	.LVL7
 1430 0a3a E80A0000 		.4byte	0xae8
 1431 0a3e 21       		.uleb128 0x21
 1432 0a3f 1E000000 		.4byte	.LVL8
 1433 0a43 EF0A0000 		.4byte	0xaef
 1434 0a47 1E       		.uleb128 0x1e
 1435 0a48 01       		.uleb128 0x1
 1436 0a49 51       		.byte	0x51
 1437 0a4a 01       		.uleb128 0x1
 1438 0a4b 31       		.byte	0x31
 1439 0a4c 1E       		.uleb128 0x1e
 1440 0a4d 01       		.uleb128 0x1
 1441 0a4e 50       		.byte	0x50
 1442 0a4f 05       		.uleb128 0x5
 1443 0a50 0C       		.byte	0xc
 1444 0a51 00080040 		.4byte	0x40000800
 1445 0a55 00       		.byte	0
 1446 0a56 00       		.byte	0
 1447 0a57 22       		.uleb128 0x22
 1448 0a58 D0010000 		.4byte	.LASF140
 1449 0a5c 13       		.byte	0x13
 1450 0a5d A706     		.2byte	0x6a7
 1451 0a5f D9000000 		.4byte	0xd9
 1452 0a63 23       		.uleb128 0x23
 1453 0a64 636800   		.ascii	"ch\000"
 1454 0a67 06       		.byte	0x6
 1455 0a68 0902     		.2byte	0x209
 1456 0a6a 18040000 		.4byte	0x418
 1457 0a6e 24       		.uleb128 0x24
 1458 0a6f A5040000 		.4byte	.LASF144
 1459 0a73 10       		.byte	0x10
 1460 0a74 8002     		.2byte	0x280
 1461 0a76 850A0000 		.4byte	0xa85
 1462 0a7a 0D       		.uleb128 0xd
 1463 0a7b 850A0000 		.4byte	0xa85
 1464 0a7f 0D       		.uleb128 0xd
 1465 0a80 AD000000 		.4byte	0xad
 1466 0a84 00       		.byte	0
 1467 0a85 0A       		.uleb128 0xa
 1468 0a86 04       		.byte	0x4
 1469 0a87 7D050000 		.4byte	0x57d
 1470 0a8b 25       		.uleb128 0x25
 1471 0a8c 58060000 		.4byte	.LASF141
 1472 0a90 0E       		.byte	0xe
 1473 0a91 4F       		.byte	0x4f
 1474 0a92 26       		.uleb128 0x26
 1475 0a93 96060000 		.4byte	.LASF142
 1476 0a97 0A       		.byte	0xa
 1477 0a98 6601     		.2byte	0x166
 1478 0a9a 27       		.uleb128 0x27
 1479 0a9b 3D020000 		.4byte	.LASF146
 1480 0a9f 11       		.byte	0x11
 1481 0aa0 A8       		.byte	0xa8
 1482 0aa1 C2060000 		.4byte	0x6c2
ARM GAS  /tmp/ccPdPQHS.s 			page 27


 1483 0aa5 AF0A0000 		.4byte	0xaaf
 1484 0aa9 0D       		.uleb128 0xd
 1485 0aaa C3000000 		.4byte	0xc3
 1486 0aae 00       		.byte	0
 1487 0aaf 25       		.uleb128 0x25
 1488 0ab0 05020000 		.4byte	.LASF143
 1489 0ab4 0F       		.byte	0xf
 1490 0ab5 24       		.byte	0x24
 1491 0ab6 28       		.uleb128 0x28
 1492 0ab7 11030000 		.4byte	.LASF145
 1493 0abb 11       		.byte	0x11
 1494 0abc A9       		.byte	0xa9
 1495 0abd C70A0000 		.4byte	0xac7
 1496 0ac1 0D       		.uleb128 0xd
 1497 0ac2 C3000000 		.4byte	0xc3
 1498 0ac6 00       		.byte	0
 1499 0ac7 29       		.uleb128 0x29
 1500 0ac8 5D040000 		.4byte	.LASF147
 1501 0acc 12       		.byte	0x12
 1502 0acd 5004     		.2byte	0x450
 1503 0acf C2060000 		.4byte	0x6c2
 1504 0ad3 E20A0000 		.4byte	0xae2
 1505 0ad7 0D       		.uleb128 0xd
 1506 0ad8 E20A0000 		.4byte	0xae2
 1507 0adc 0D       		.uleb128 0xd
 1508 0add AD000000 		.4byte	0xad
 1509 0ae1 00       		.byte	0
 1510 0ae2 0A       		.uleb128 0xa
 1511 0ae3 04       		.byte	0x4
 1512 0ae4 A1060000 		.4byte	0x6a1
 1513 0ae8 25       		.uleb128 0x25
 1514 0ae9 AF020000 		.4byte	.LASF148
 1515 0aed 0F       		.byte	0xf
 1516 0aee 25       		.byte	0x25
 1517 0aef 2A       		.uleb128 0x2a
 1518 0af0 7B020000 		.4byte	.LASF152
 1519 0af4 12       		.byte	0x12
 1520 0af5 5104     		.2byte	0x451
 1521 0af7 0D       		.uleb128 0xd
 1522 0af8 E20A0000 		.4byte	0xae2
 1523 0afc 0D       		.uleb128 0xd
 1524 0afd AD000000 		.4byte	0xad
 1525 0b01 00       		.byte	0
 1526 0b02 00       		.byte	0
 1527              		.section	.debug_abbrev,"",%progbits
 1528              	.Ldebug_abbrev0:
 1529 0000 01       		.uleb128 0x1
 1530 0001 11       		.uleb128 0x11
 1531 0002 01       		.byte	0x1
 1532 0003 25       		.uleb128 0x25
 1533 0004 0E       		.uleb128 0xe
 1534 0005 13       		.uleb128 0x13
 1535 0006 0B       		.uleb128 0xb
 1536 0007 03       		.uleb128 0x3
 1537 0008 0E       		.uleb128 0xe
 1538 0009 1B       		.uleb128 0x1b
 1539 000a 0E       		.uleb128 0xe
ARM GAS  /tmp/ccPdPQHS.s 			page 28


 1540 000b 55       		.uleb128 0x55
 1541 000c 17       		.uleb128 0x17
 1542 000d 11       		.uleb128 0x11
 1543 000e 01       		.uleb128 0x1
 1544 000f 10       		.uleb128 0x10
 1545 0010 17       		.uleb128 0x17
 1546 0011 00       		.byte	0
 1547 0012 00       		.byte	0
 1548 0013 02       		.uleb128 0x2
 1549 0014 24       		.uleb128 0x24
 1550 0015 00       		.byte	0
 1551 0016 0B       		.uleb128 0xb
 1552 0017 0B       		.uleb128 0xb
 1553 0018 3E       		.uleb128 0x3e
 1554 0019 0B       		.uleb128 0xb
 1555 001a 03       		.uleb128 0x3
 1556 001b 08       		.uleb128 0x8
 1557 001c 00       		.byte	0
 1558 001d 00       		.byte	0
 1559 001e 03       		.uleb128 0x3
 1560 001f 24       		.uleb128 0x24
 1561 0020 00       		.byte	0
 1562 0021 0B       		.uleb128 0xb
 1563 0022 0B       		.uleb128 0xb
 1564 0023 3E       		.uleb128 0x3e
 1565 0024 0B       		.uleb128 0xb
 1566 0025 03       		.uleb128 0x3
 1567 0026 0E       		.uleb128 0xe
 1568 0027 00       		.byte	0
 1569 0028 00       		.byte	0
 1570 0029 04       		.uleb128 0x4
 1571 002a 16       		.uleb128 0x16
 1572 002b 00       		.byte	0
 1573 002c 03       		.uleb128 0x3
 1574 002d 0E       		.uleb128 0xe
 1575 002e 3A       		.uleb128 0x3a
 1576 002f 0B       		.uleb128 0xb
 1577 0030 3B       		.uleb128 0x3b
 1578 0031 0B       		.uleb128 0xb
 1579 0032 49       		.uleb128 0x49
 1580 0033 13       		.uleb128 0x13
 1581 0034 00       		.byte	0
 1582 0035 00       		.byte	0
 1583 0036 05       		.uleb128 0x5
 1584 0037 35       		.uleb128 0x35
 1585 0038 00       		.byte	0
 1586 0039 49       		.uleb128 0x49
 1587 003a 13       		.uleb128 0x13
 1588 003b 00       		.byte	0
 1589 003c 00       		.byte	0
 1590 003d 06       		.uleb128 0x6
 1591 003e 13       		.uleb128 0x13
 1592 003f 01       		.byte	0x1
 1593 0040 03       		.uleb128 0x3
 1594 0041 0E       		.uleb128 0xe
 1595 0042 0B       		.uleb128 0xb
 1596 0043 0B       		.uleb128 0xb
ARM GAS  /tmp/ccPdPQHS.s 			page 29


 1597 0044 3A       		.uleb128 0x3a
 1598 0045 0B       		.uleb128 0xb
 1599 0046 3B       		.uleb128 0x3b
 1600 0047 0B       		.uleb128 0xb
 1601 0048 01       		.uleb128 0x1
 1602 0049 13       		.uleb128 0x13
 1603 004a 00       		.byte	0
 1604 004b 00       		.byte	0
 1605 004c 07       		.uleb128 0x7
 1606 004d 0D       		.uleb128 0xd
 1607 004e 00       		.byte	0
 1608 004f 03       		.uleb128 0x3
 1609 0050 0E       		.uleb128 0xe
 1610 0051 3A       		.uleb128 0x3a
 1611 0052 0B       		.uleb128 0xb
 1612 0053 3B       		.uleb128 0x3b
 1613 0054 0B       		.uleb128 0xb
 1614 0055 49       		.uleb128 0x49
 1615 0056 13       		.uleb128 0x13
 1616 0057 38       		.uleb128 0x38
 1617 0058 0B       		.uleb128 0xb
 1618 0059 00       		.byte	0
 1619 005a 00       		.byte	0
 1620 005b 08       		.uleb128 0x8
 1621 005c 0D       		.uleb128 0xd
 1622 005d 00       		.byte	0
 1623 005e 03       		.uleb128 0x3
 1624 005f 08       		.uleb128 0x8
 1625 0060 3A       		.uleb128 0x3a
 1626 0061 0B       		.uleb128 0xb
 1627 0062 3B       		.uleb128 0x3b
 1628 0063 05       		.uleb128 0x5
 1629 0064 49       		.uleb128 0x49
 1630 0065 13       		.uleb128 0x13
 1631 0066 38       		.uleb128 0x38
 1632 0067 0B       		.uleb128 0xb
 1633 0068 00       		.byte	0
 1634 0069 00       		.byte	0
 1635 006a 09       		.uleb128 0x9
 1636 006b 0D       		.uleb128 0xd
 1637 006c 00       		.byte	0
 1638 006d 03       		.uleb128 0x3
 1639 006e 0E       		.uleb128 0xe
 1640 006f 3A       		.uleb128 0x3a
 1641 0070 0B       		.uleb128 0xb
 1642 0071 3B       		.uleb128 0x3b
 1643 0072 05       		.uleb128 0x5
 1644 0073 49       		.uleb128 0x49
 1645 0074 13       		.uleb128 0x13
 1646 0075 38       		.uleb128 0x38
 1647 0076 0B       		.uleb128 0xb
 1648 0077 00       		.byte	0
 1649 0078 00       		.byte	0
 1650 0079 0A       		.uleb128 0xa
 1651 007a 0F       		.uleb128 0xf
 1652 007b 00       		.byte	0
 1653 007c 0B       		.uleb128 0xb
ARM GAS  /tmp/ccPdPQHS.s 			page 30


 1654 007d 0B       		.uleb128 0xb
 1655 007e 49       		.uleb128 0x49
 1656 007f 13       		.uleb128 0x13
 1657 0080 00       		.byte	0
 1658 0081 00       		.byte	0
 1659 0082 0B       		.uleb128 0xb
 1660 0083 13       		.uleb128 0x13
 1661 0084 01       		.byte	0x1
 1662 0085 03       		.uleb128 0x3
 1663 0086 0E       		.uleb128 0xe
 1664 0087 0B       		.uleb128 0xb
 1665 0088 0B       		.uleb128 0xb
 1666 0089 3A       		.uleb128 0x3a
 1667 008a 0B       		.uleb128 0xb
 1668 008b 3B       		.uleb128 0x3b
 1669 008c 05       		.uleb128 0x5
 1670 008d 01       		.uleb128 0x1
 1671 008e 13       		.uleb128 0x13
 1672 008f 00       		.byte	0
 1673 0090 00       		.byte	0
 1674 0091 0C       		.uleb128 0xc
 1675 0092 15       		.uleb128 0x15
 1676 0093 01       		.byte	0x1
 1677 0094 27       		.uleb128 0x27
 1678 0095 19       		.uleb128 0x19
 1679 0096 01       		.uleb128 0x1
 1680 0097 13       		.uleb128 0x13
 1681 0098 00       		.byte	0
 1682 0099 00       		.byte	0
 1683 009a 0D       		.uleb128 0xd
 1684 009b 05       		.uleb128 0x5
 1685 009c 00       		.byte	0
 1686 009d 49       		.uleb128 0x49
 1687 009e 13       		.uleb128 0x13
 1688 009f 00       		.byte	0
 1689 00a0 00       		.byte	0
 1690 00a1 0E       		.uleb128 0xe
 1691 00a2 0F       		.uleb128 0xf
 1692 00a3 00       		.byte	0
 1693 00a4 0B       		.uleb128 0xb
 1694 00a5 0B       		.uleb128 0xb
 1695 00a6 00       		.byte	0
 1696 00a7 00       		.byte	0
 1697 00a8 0F       		.uleb128 0xf
 1698 00a9 13       		.uleb128 0x13
 1699 00aa 01       		.byte	0x1
 1700 00ab 03       		.uleb128 0x3
 1701 00ac 0E       		.uleb128 0xe
 1702 00ad 0B       		.uleb128 0xb
 1703 00ae 05       		.uleb128 0x5
 1704 00af 3A       		.uleb128 0x3a
 1705 00b0 0B       		.uleb128 0xb
 1706 00b1 3B       		.uleb128 0x3b
 1707 00b2 05       		.uleb128 0x5
 1708 00b3 01       		.uleb128 0x1
 1709 00b4 13       		.uleb128 0x13
 1710 00b5 00       		.byte	0
ARM GAS  /tmp/ccPdPQHS.s 			page 31


 1711 00b6 00       		.byte	0
 1712 00b7 10       		.uleb128 0x10
 1713 00b8 13       		.uleb128 0x13
 1714 00b9 01       		.byte	0x1
 1715 00ba 0B       		.uleb128 0xb
 1716 00bb 0B       		.uleb128 0xb
 1717 00bc 3A       		.uleb128 0x3a
 1718 00bd 0B       		.uleb128 0xb
 1719 00be 3B       		.uleb128 0x3b
 1720 00bf 0B       		.uleb128 0xb
 1721 00c0 01       		.uleb128 0x1
 1722 00c1 13       		.uleb128 0x13
 1723 00c2 00       		.byte	0
 1724 00c3 00       		.byte	0
 1725 00c4 11       		.uleb128 0x11
 1726 00c5 0D       		.uleb128 0xd
 1727 00c6 00       		.byte	0
 1728 00c7 03       		.uleb128 0x3
 1729 00c8 08       		.uleb128 0x8
 1730 00c9 3A       		.uleb128 0x3a
 1731 00ca 0B       		.uleb128 0xb
 1732 00cb 3B       		.uleb128 0x3b
 1733 00cc 0B       		.uleb128 0xb
 1734 00cd 49       		.uleb128 0x49
 1735 00ce 13       		.uleb128 0x13
 1736 00cf 38       		.uleb128 0x38
 1737 00d0 0B       		.uleb128 0xb
 1738 00d1 00       		.byte	0
 1739 00d2 00       		.byte	0
 1740 00d3 12       		.uleb128 0x12
 1741 00d4 13       		.uleb128 0x13
 1742 00d5 01       		.byte	0x1
 1743 00d6 0B       		.uleb128 0xb
 1744 00d7 0B       		.uleb128 0xb
 1745 00d8 3A       		.uleb128 0x3a
 1746 00d9 0B       		.uleb128 0xb
 1747 00da 3B       		.uleb128 0x3b
 1748 00db 05       		.uleb128 0x5
 1749 00dc 01       		.uleb128 0x1
 1750 00dd 13       		.uleb128 0x13
 1751 00de 00       		.byte	0
 1752 00df 00       		.byte	0
 1753 00e0 13       		.uleb128 0x13
 1754 00e1 16       		.uleb128 0x16
 1755 00e2 00       		.byte	0
 1756 00e3 03       		.uleb128 0x3
 1757 00e4 0E       		.uleb128 0xe
 1758 00e5 3A       		.uleb128 0x3a
 1759 00e6 0B       		.uleb128 0xb
 1760 00e7 3B       		.uleb128 0x3b
 1761 00e8 05       		.uleb128 0x5
 1762 00e9 49       		.uleb128 0x49
 1763 00ea 13       		.uleb128 0x13
 1764 00eb 00       		.byte	0
 1765 00ec 00       		.byte	0
 1766 00ed 14       		.uleb128 0x14
 1767 00ee 04       		.uleb128 0x4
ARM GAS  /tmp/ccPdPQHS.s 			page 32


 1768 00ef 01       		.byte	0x1
 1769 00f0 0B       		.uleb128 0xb
 1770 00f1 0B       		.uleb128 0xb
 1771 00f2 3A       		.uleb128 0x3a
 1772 00f3 0B       		.uleb128 0xb
 1773 00f4 3B       		.uleb128 0x3b
 1774 00f5 0B       		.uleb128 0xb
 1775 00f6 01       		.uleb128 0x1
 1776 00f7 13       		.uleb128 0x13
 1777 00f8 00       		.byte	0
 1778 00f9 00       		.byte	0
 1779 00fa 15       		.uleb128 0x15
 1780 00fb 28       		.uleb128 0x28
 1781 00fc 00       		.byte	0
 1782 00fd 03       		.uleb128 0x3
 1783 00fe 0E       		.uleb128 0xe
 1784 00ff 1C       		.uleb128 0x1c
 1785 0100 0D       		.uleb128 0xd
 1786 0101 00       		.byte	0
 1787 0102 00       		.byte	0
 1788 0103 16       		.uleb128 0x16
 1789 0104 28       		.uleb128 0x28
 1790 0105 00       		.byte	0
 1791 0106 03       		.uleb128 0x3
 1792 0107 08       		.uleb128 0x8
 1793 0108 1C       		.uleb128 0x1c
 1794 0109 0D       		.uleb128 0xd
 1795 010a 00       		.byte	0
 1796 010b 00       		.byte	0
 1797 010c 17       		.uleb128 0x17
 1798 010d 17       		.uleb128 0x17
 1799 010e 01       		.byte	0x1
 1800 010f 0B       		.uleb128 0xb
 1801 0110 0B       		.uleb128 0xb
 1802 0111 3A       		.uleb128 0x3a
 1803 0112 0B       		.uleb128 0xb
 1804 0113 3B       		.uleb128 0x3b
 1805 0114 0B       		.uleb128 0xb
 1806 0115 01       		.uleb128 0x1
 1807 0116 13       		.uleb128 0x13
 1808 0117 00       		.byte	0
 1809 0118 00       		.byte	0
 1810 0119 18       		.uleb128 0x18
 1811 011a 0D       		.uleb128 0xd
 1812 011b 00       		.byte	0
 1813 011c 03       		.uleb128 0x3
 1814 011d 0E       		.uleb128 0xe
 1815 011e 3A       		.uleb128 0x3a
 1816 011f 0B       		.uleb128 0xb
 1817 0120 3B       		.uleb128 0x3b
 1818 0121 05       		.uleb128 0x5
 1819 0122 49       		.uleb128 0x49
 1820 0123 13       		.uleb128 0x13
 1821 0124 00       		.byte	0
 1822 0125 00       		.byte	0
 1823 0126 19       		.uleb128 0x19
 1824 0127 26       		.uleb128 0x26
ARM GAS  /tmp/ccPdPQHS.s 			page 33


 1825 0128 00       		.byte	0
 1826 0129 49       		.uleb128 0x49
 1827 012a 13       		.uleb128 0x13
 1828 012b 00       		.byte	0
 1829 012c 00       		.byte	0
 1830 012d 1A       		.uleb128 0x1a
 1831 012e 01       		.uleb128 0x1
 1832 012f 01       		.byte	0x1
 1833 0130 49       		.uleb128 0x49
 1834 0131 13       		.uleb128 0x13
 1835 0132 01       		.uleb128 0x1
 1836 0133 13       		.uleb128 0x13
 1837 0134 00       		.byte	0
 1838 0135 00       		.byte	0
 1839 0136 1B       		.uleb128 0x1b
 1840 0137 21       		.uleb128 0x21
 1841 0138 00       		.byte	0
 1842 0139 49       		.uleb128 0x49
 1843 013a 13       		.uleb128 0x13
 1844 013b 2F       		.uleb128 0x2f
 1845 013c 0B       		.uleb128 0xb
 1846 013d 00       		.byte	0
 1847 013e 00       		.byte	0
 1848 013f 1C       		.uleb128 0x1c
 1849 0140 2E       		.uleb128 0x2e
 1850 0141 01       		.byte	0x1
 1851 0142 3F       		.uleb128 0x3f
 1852 0143 19       		.uleb128 0x19
 1853 0144 03       		.uleb128 0x3
 1854 0145 0E       		.uleb128 0xe
 1855 0146 3A       		.uleb128 0x3a
 1856 0147 0B       		.uleb128 0xb
 1857 0148 3B       		.uleb128 0x3b
 1858 0149 0B       		.uleb128 0xb
 1859 014a 27       		.uleb128 0x27
 1860 014b 19       		.uleb128 0x19
 1861 014c 11       		.uleb128 0x11
 1862 014d 01       		.uleb128 0x1
 1863 014e 12       		.uleb128 0x12
 1864 014f 06       		.uleb128 0x6
 1865 0150 40       		.uleb128 0x40
 1866 0151 18       		.uleb128 0x18
 1867 0152 9742     		.uleb128 0x2117
 1868 0154 19       		.uleb128 0x19
 1869 0155 01       		.uleb128 0x1
 1870 0156 13       		.uleb128 0x13
 1871 0157 00       		.byte	0
 1872 0158 00       		.byte	0
 1873 0159 1D       		.uleb128 0x1d
 1874 015a 898201   		.uleb128 0x4109
 1875 015d 01       		.byte	0x1
 1876 015e 11       		.uleb128 0x11
 1877 015f 01       		.uleb128 0x1
 1878 0160 31       		.uleb128 0x31
 1879 0161 13       		.uleb128 0x13
 1880 0162 01       		.uleb128 0x1
 1881 0163 13       		.uleb128 0x13
ARM GAS  /tmp/ccPdPQHS.s 			page 34


 1882 0164 00       		.byte	0
 1883 0165 00       		.byte	0
 1884 0166 1E       		.uleb128 0x1e
 1885 0167 8A8201   		.uleb128 0x410a
 1886 016a 00       		.byte	0
 1887 016b 02       		.uleb128 0x2
 1888 016c 18       		.uleb128 0x18
 1889 016d 9142     		.uleb128 0x2111
 1890 016f 18       		.uleb128 0x18
 1891 0170 00       		.byte	0
 1892 0171 00       		.byte	0
 1893 0172 1F       		.uleb128 0x1f
 1894 0173 898201   		.uleb128 0x4109
 1895 0176 00       		.byte	0
 1896 0177 11       		.uleb128 0x11
 1897 0178 01       		.uleb128 0x1
 1898 0179 31       		.uleb128 0x31
 1899 017a 13       		.uleb128 0x13
 1900 017b 00       		.byte	0
 1901 017c 00       		.byte	0
 1902 017d 20       		.uleb128 0x20
 1903 017e 898201   		.uleb128 0x4109
 1904 0181 00       		.byte	0
 1905 0182 11       		.uleb128 0x11
 1906 0183 01       		.uleb128 0x1
 1907 0184 9542     		.uleb128 0x2115
 1908 0186 19       		.uleb128 0x19
 1909 0187 31       		.uleb128 0x31
 1910 0188 13       		.uleb128 0x13
 1911 0189 00       		.byte	0
 1912 018a 00       		.byte	0
 1913 018b 21       		.uleb128 0x21
 1914 018c 898201   		.uleb128 0x4109
 1915 018f 01       		.byte	0x1
 1916 0190 11       		.uleb128 0x11
 1917 0191 01       		.uleb128 0x1
 1918 0192 9542     		.uleb128 0x2115
 1919 0194 19       		.uleb128 0x19
 1920 0195 31       		.uleb128 0x31
 1921 0196 13       		.uleb128 0x13
 1922 0197 00       		.byte	0
 1923 0198 00       		.byte	0
 1924 0199 22       		.uleb128 0x22
 1925 019a 34       		.uleb128 0x34
 1926 019b 00       		.byte	0
 1927 019c 03       		.uleb128 0x3
 1928 019d 0E       		.uleb128 0xe
 1929 019e 3A       		.uleb128 0x3a
 1930 019f 0B       		.uleb128 0xb
 1931 01a0 3B       		.uleb128 0x3b
 1932 01a1 05       		.uleb128 0x5
 1933 01a2 49       		.uleb128 0x49
 1934 01a3 13       		.uleb128 0x13
 1935 01a4 3F       		.uleb128 0x3f
 1936 01a5 19       		.uleb128 0x19
 1937 01a6 3C       		.uleb128 0x3c
 1938 01a7 19       		.uleb128 0x19
ARM GAS  /tmp/ccPdPQHS.s 			page 35


 1939 01a8 00       		.byte	0
 1940 01a9 00       		.byte	0
 1941 01aa 23       		.uleb128 0x23
 1942 01ab 34       		.uleb128 0x34
 1943 01ac 00       		.byte	0
 1944 01ad 03       		.uleb128 0x3
 1945 01ae 08       		.uleb128 0x8
 1946 01af 3A       		.uleb128 0x3a
 1947 01b0 0B       		.uleb128 0xb
 1948 01b1 3B       		.uleb128 0x3b
 1949 01b2 05       		.uleb128 0x5
 1950 01b3 49       		.uleb128 0x49
 1951 01b4 13       		.uleb128 0x13
 1952 01b5 3F       		.uleb128 0x3f
 1953 01b6 19       		.uleb128 0x19
 1954 01b7 3C       		.uleb128 0x3c
 1955 01b8 19       		.uleb128 0x19
 1956 01b9 00       		.byte	0
 1957 01ba 00       		.byte	0
 1958 01bb 24       		.uleb128 0x24
 1959 01bc 2E       		.uleb128 0x2e
 1960 01bd 01       		.byte	0x1
 1961 01be 3F       		.uleb128 0x3f
 1962 01bf 19       		.uleb128 0x19
 1963 01c0 03       		.uleb128 0x3
 1964 01c1 0E       		.uleb128 0xe
 1965 01c2 3A       		.uleb128 0x3a
 1966 01c3 0B       		.uleb128 0xb
 1967 01c4 3B       		.uleb128 0x3b
 1968 01c5 05       		.uleb128 0x5
 1969 01c6 27       		.uleb128 0x27
 1970 01c7 19       		.uleb128 0x19
 1971 01c8 3C       		.uleb128 0x3c
 1972 01c9 19       		.uleb128 0x19
 1973 01ca 01       		.uleb128 0x1
 1974 01cb 13       		.uleb128 0x13
 1975 01cc 00       		.byte	0
 1976 01cd 00       		.byte	0
 1977 01ce 25       		.uleb128 0x25
 1978 01cf 2E       		.uleb128 0x2e
 1979 01d0 00       		.byte	0
 1980 01d1 3F       		.uleb128 0x3f
 1981 01d2 19       		.uleb128 0x19
 1982 01d3 03       		.uleb128 0x3
 1983 01d4 0E       		.uleb128 0xe
 1984 01d5 3A       		.uleb128 0x3a
 1985 01d6 0B       		.uleb128 0xb
 1986 01d7 3B       		.uleb128 0x3b
 1987 01d8 0B       		.uleb128 0xb
 1988 01d9 27       		.uleb128 0x27
 1989 01da 19       		.uleb128 0x19
 1990 01db 3C       		.uleb128 0x3c
 1991 01dc 19       		.uleb128 0x19
 1992 01dd 00       		.byte	0
 1993 01de 00       		.byte	0
 1994 01df 26       		.uleb128 0x26
 1995 01e0 2E       		.uleb128 0x2e
ARM GAS  /tmp/ccPdPQHS.s 			page 36


 1996 01e1 00       		.byte	0
 1997 01e2 3F       		.uleb128 0x3f
 1998 01e3 19       		.uleb128 0x19
 1999 01e4 03       		.uleb128 0x3
 2000 01e5 0E       		.uleb128 0xe
 2001 01e6 3A       		.uleb128 0x3a
 2002 01e7 0B       		.uleb128 0xb
 2003 01e8 3B       		.uleb128 0x3b
 2004 01e9 05       		.uleb128 0x5
 2005 01ea 27       		.uleb128 0x27
 2006 01eb 19       		.uleb128 0x19
 2007 01ec 3C       		.uleb128 0x3c
 2008 01ed 19       		.uleb128 0x19
 2009 01ee 00       		.byte	0
 2010 01ef 00       		.byte	0
 2011 01f0 27       		.uleb128 0x27
 2012 01f1 2E       		.uleb128 0x2e
 2013 01f2 01       		.byte	0x1
 2014 01f3 3F       		.uleb128 0x3f
 2015 01f4 19       		.uleb128 0x19
 2016 01f5 03       		.uleb128 0x3
 2017 01f6 0E       		.uleb128 0xe
 2018 01f7 3A       		.uleb128 0x3a
 2019 01f8 0B       		.uleb128 0xb
 2020 01f9 3B       		.uleb128 0x3b
 2021 01fa 0B       		.uleb128 0xb
 2022 01fb 27       		.uleb128 0x27
 2023 01fc 19       		.uleb128 0x19
 2024 01fd 49       		.uleb128 0x49
 2025 01fe 13       		.uleb128 0x13
 2026 01ff 3C       		.uleb128 0x3c
 2027 0200 19       		.uleb128 0x19
 2028 0201 01       		.uleb128 0x1
 2029 0202 13       		.uleb128 0x13
 2030 0203 00       		.byte	0
 2031 0204 00       		.byte	0
 2032 0205 28       		.uleb128 0x28
 2033 0206 2E       		.uleb128 0x2e
 2034 0207 01       		.byte	0x1
 2035 0208 3F       		.uleb128 0x3f
 2036 0209 19       		.uleb128 0x19
 2037 020a 03       		.uleb128 0x3
 2038 020b 0E       		.uleb128 0xe
 2039 020c 3A       		.uleb128 0x3a
 2040 020d 0B       		.uleb128 0xb
 2041 020e 3B       		.uleb128 0x3b
 2042 020f 0B       		.uleb128 0xb
 2043 0210 27       		.uleb128 0x27
 2044 0211 19       		.uleb128 0x19
 2045 0212 3C       		.uleb128 0x3c
 2046 0213 19       		.uleb128 0x19
 2047 0214 01       		.uleb128 0x1
 2048 0215 13       		.uleb128 0x13
 2049 0216 00       		.byte	0
 2050 0217 00       		.byte	0
 2051 0218 29       		.uleb128 0x29
 2052 0219 2E       		.uleb128 0x2e
ARM GAS  /tmp/ccPdPQHS.s 			page 37


 2053 021a 01       		.byte	0x1
 2054 021b 3F       		.uleb128 0x3f
 2055 021c 19       		.uleb128 0x19
 2056 021d 03       		.uleb128 0x3
 2057 021e 0E       		.uleb128 0xe
 2058 021f 3A       		.uleb128 0x3a
 2059 0220 0B       		.uleb128 0xb
 2060 0221 3B       		.uleb128 0x3b
 2061 0222 05       		.uleb128 0x5
 2062 0223 27       		.uleb128 0x27
 2063 0224 19       		.uleb128 0x19
 2064 0225 49       		.uleb128 0x49
 2065 0226 13       		.uleb128 0x13
 2066 0227 3C       		.uleb128 0x3c
 2067 0228 19       		.uleb128 0x19
 2068 0229 01       		.uleb128 0x1
 2069 022a 13       		.uleb128 0x13
 2070 022b 00       		.byte	0
 2071 022c 00       		.byte	0
 2072 022d 2A       		.uleb128 0x2a
 2073 022e 2E       		.uleb128 0x2e
 2074 022f 01       		.byte	0x1
 2075 0230 3F       		.uleb128 0x3f
 2076 0231 19       		.uleb128 0x19
 2077 0232 03       		.uleb128 0x3
 2078 0233 0E       		.uleb128 0xe
 2079 0234 3A       		.uleb128 0x3a
 2080 0235 0B       		.uleb128 0xb
 2081 0236 3B       		.uleb128 0x3b
 2082 0237 05       		.uleb128 0x5
 2083 0238 27       		.uleb128 0x27
 2084 0239 19       		.uleb128 0x19
 2085 023a 3C       		.uleb128 0x3c
 2086 023b 19       		.uleb128 0x19
 2087 023c 00       		.byte	0
 2088 023d 00       		.byte	0
 2089 023e 00       		.byte	0
 2090              		.section	.debug_aranges,"",%progbits
 2091 0000 2C000000 		.4byte	0x2c
 2092 0004 0200     		.2byte	0x2
 2093 0006 00000000 		.4byte	.Ldebug_info0
 2094 000a 04       		.byte	0x4
 2095 000b 00       		.byte	0
 2096 000c 0000     		.2byte	0
 2097 000e 0000     		.2byte	0
 2098 0010 00000000 		.4byte	.LFB256
 2099 0014 1C000000 		.4byte	.LFE256-.LFB256
 2100 0018 00000000 		.4byte	.LFB257
 2101 001c 1E000000 		.4byte	.LFE257-.LFB257
 2102 0020 00000000 		.4byte	.LFB258
 2103 0024 24000000 		.4byte	.LFE258-.LFB258
 2104 0028 00000000 		.4byte	0
 2105 002c 00000000 		.4byte	0
 2106              		.section	.debug_ranges,"",%progbits
 2107              	.Ldebug_ranges0:
 2108 0000 00000000 		.4byte	.LFB256
 2109 0004 1C000000 		.4byte	.LFE256
ARM GAS  /tmp/ccPdPQHS.s 			page 38


 2110 0008 00000000 		.4byte	.LFB257
 2111 000c 1E000000 		.4byte	.LFE257
 2112 0010 00000000 		.4byte	.LFB258
 2113 0014 24000000 		.4byte	.LFE258
 2114 0018 00000000 		.4byte	0
 2115 001c 00000000 		.4byte	0
 2116              		.section	.debug_line,"",%progbits
 2117              	.Ldebug_line0:
 2118 0000 8A020000 		.section	.debug_str,"MS",%progbits,1
 2118      02004902 
 2118      00000201 
 2118      FB0E0D00 
 2118      01010101 
 2119              	.LASF55:
 2120 0000 72656164 		.ascii	"ready_list_t\000"
 2120      795F6C69 
 2120      73745F74 
 2120      00
 2121              	.LASF100:
 2122 000d 44494552 		.ascii	"DIER\000"
 2122      00
 2123              	.LASF122:
 2124 0012 77747472 		.ascii	"wttrp\000"
 2124      7000
 2125              	.LASF119:
 2126 0018 7264796D 		.ascii	"rdymsg\000"
 2126      736700
 2127              	.LASF18:
 2128 001f 75696E74 		.ascii	"uint64_t\000"
 2128      36345F74 
 2128      00
 2129              	.LASF4:
 2130 0028 5F5F7569 		.ascii	"__uint8_t\000"
 2130      6E74385F 
 2130      7400
 2131              	.LASF149:
 2132 0032 474E5520 		.ascii	"GNU C 4.9.3 20150529 (release) [ARM/embedded-4_9-br"
 2132      4320342E 
 2132      392E3320 
 2132      32303135 
 2132      30353239 
 2133 0065 616E6368 		.ascii	"anch revision 227977] -mcpu=cortex-m4 -mfloat-abi=h"
 2133      20726576 
 2133      6973696F 
 2133      6E203232 
 2133      37393737 
 2134 0098 61726420 		.ascii	"ard -mfpu=fpv4-sp-d16 -mno-thumb-interwork -mthumb "
 2134      2D6D6670 
 2134      753D6670 
 2134      76342D73 
 2134      702D6431 
 2135 00cb 2D676764 		.ascii	"-ggdb -O2 -std=gnu99 -fomit-frame-pointer -falign-f"
 2135      62202D4F 
 2135      32202D73 
 2135      74643D67 
 2135      6E753939 
 2136 00fe 756E6374 		.ascii	"unctions=16 -ffunction-sections -fdata-sections -fn"
ARM GAS  /tmp/ccPdPQHS.s 			page 39


 2136      696F6E73 
 2136      3D313620 
 2136      2D666675 
 2136      6E637469 
 2137 0131 6F2D636F 		.ascii	"o-common -fsingle-precision-constant\000"
 2137      6D6D6F6E 
 2137      202D6673 
 2137      696E676C 
 2137      652D7072 
 2138              	.LASF116:
 2139 0156 706F7274 		.ascii	"port_intctx\000"
 2139      5F696E74 
 2139      63747800 
 2140              	.LASF80:
 2141 0162 76746C69 		.ascii	"vtlist\000"
 2141      737400
 2142              	.LASF102:
 2143 0169 43434D52 		.ascii	"CCMR2\000"
 2143      3200
 2144              	.LASF151:
 2145 016f 2F686F6D 		.ascii	"/home/isc/BLDC/bldc-firmware\000"
 2145      652F6973 
 2145      632F424C 
 2145      44432F62 
 2145      6C64632D 
 2146              	.LASF110:
 2147 018c 54494D5F 		.ascii	"TIM_TypeDef\000"
 2147      54797065 
 2147      44656600 
 2148              	.LASF13:
 2149 0198 6C6F6E67 		.ascii	"long long unsigned int\000"
 2149      206C6F6E 
 2149      6720756E 
 2149      7369676E 
 2149      65642069 
 2150              	.LASF81:
 2151 01af 6D61696E 		.ascii	"mainthread\000"
 2151      74687265 
 2151      616400
 2152              	.LASF71:
 2153 01ba 76697274 		.ascii	"virtual_timers_list_t\000"
 2153      75616C5F 
 2153      74696D65 
 2153      72735F6C 
 2153      6973745F 
 2154              	.LASF140:
 2155 01d0 49544D5F 		.ascii	"ITM_RxBuffer\000"
 2155      52784275 
 2155      66666572 
 2155      00
 2156              	.LASF108:
 2157 01dd 42445452 		.ascii	"BDTR\000"
 2157      00
 2158              	.LASF54:
 2159 01e2 63685F74 		.ascii	"ch_threads_queue\000"
 2159      68726561 
 2159      64735F71 
ARM GAS  /tmp/ccPdPQHS.s 			page 40


 2159      75657565 
 2159      00
 2160              	.LASF32:
 2161 01f3 705F7072 		.ascii	"p_prio\000"
 2161      696F00
 2162              	.LASF93:
 2163 01fa 4A535152 		.ascii	"JSQR\000"
 2163      00
 2164              	.LASF101:
 2165 01ff 43434D52 		.ascii	"CCMR1\000"
 2165      3100
 2166              	.LASF143:
 2167 0205 656E636F 		.ascii	"encoder_reset\000"
 2167      6465725F 
 2167      72657365 
 2167      7400
 2168              	.LASF11:
 2169 0213 6C6F6E67 		.ascii	"long long int\000"
 2169      206C6F6E 
 2169      6720696E 
 2169      7400
 2170              	.LASF1:
 2171 0221 7369676E 		.ascii	"signed char\000"
 2171      65642063 
 2171      68617200 
 2172              	.LASF48:
 2173 022d 705F6D70 		.ascii	"p_mpool\000"
 2173      6F6F6C00 
 2174              	.LASF130:
 2175 0235 6D5F7175 		.ascii	"m_queue\000"
 2175      65756500 
 2176              	.LASF146:
 2177 023d 45585449 		.ascii	"EXTI_GetITStatus\000"
 2177      5F476574 
 2177      49545374 
 2177      61747573 
 2177      00
 2178              	.LASF121:
 2179 024e 77746F62 		.ascii	"wtobjp\000"
 2179      6A7000
 2180              	.LASF23:
 2181 0255 74736C69 		.ascii	"tslices_t\000"
 2181      6365735F 
 2181      7400
 2182              	.LASF139:
 2183 025f 56656374 		.ascii	"VectorB8\000"
 2183      6F724238 
 2183      00
 2184              	.LASF78:
 2185 0268 63685F73 		.ascii	"ch_system\000"
 2185      79737465 
 2185      6D00
 2186              	.LASF8:
 2187 0272 6C6F6E67 		.ascii	"long int\000"
 2187      20696E74 
 2187      00
 2188              	.LASF152:
ARM GAS  /tmp/ccPdPQHS.s 			page 41


 2189 027b 54494D5F 		.ascii	"TIM_ClearITPendingBit\000"
 2189      436C6561 
 2189      72495450 
 2189      656E6469 
 2189      6E674269 
 2190              	.LASF21:
 2191 0291 74737461 		.ascii	"tstate_t\000"
 2191      74655F74 
 2191      00
 2192              	.LASF15:
 2193 029a 75696E74 		.ascii	"uint16_t\000"
 2193      31365F74 
 2193      00
 2194              	.LASF98:
 2195 02a3 4144435F 		.ascii	"ADC_TypeDef\000"
 2195      54797065 
 2195      44656600 
 2196              	.LASF148:
 2197 02af 656E636F 		.ascii	"encoder_tim_isr\000"
 2197      6465725F 
 2197      74696D5F 
 2197      69737200 
 2198              	.LASF34:
 2199 02bf 705F6E65 		.ascii	"p_newer\000"
 2199      77657200 
 2200              	.LASF127:
 2201 02c7 735F7175 		.ascii	"s_queue\000"
 2201      65756500 
 2202              	.LASF120:
 2203 02cf 65786974 		.ascii	"exitcode\000"
 2203      636F6465 
 2203      00
 2204              	.LASF60:
 2205 02d8 725F6E65 		.ascii	"r_newer\000"
 2205      77657200 
 2206              	.LASF113:
 2207 02e0 72656761 		.ascii	"regarm_t\000"
 2207      726D5F74 
 2207      00
 2208              	.LASF67:
 2209 02e9 76745F70 		.ascii	"vt_prev\000"
 2209      72657600 
 2210              	.LASF134:
 2211 02f1 6D757465 		.ascii	"mutex_t\000"
 2211      785F7400 
 2212              	.LASF112:
 2213 02f9 49545374 		.ascii	"ITStatus\000"
 2213      61747573 
 2213      00
 2214              	.LASF82:
 2215 0302 69646C65 		.ascii	"idle_thread_wa\000"
 2215      5F746872 
 2215      6561645F 
 2215      776100
 2216              	.LASF145:
 2217 0311 45585449 		.ascii	"EXTI_ClearITPendingBit\000"
 2217      5F436C65 
ARM GAS  /tmp/ccPdPQHS.s 			page 42


 2217      61724954 
 2217      50656E64 
 2217      696E6742 
 2218              	.LASF0:
 2219 0328 756E7369 		.ascii	"unsigned int\000"
 2219      676E6564 
 2219      20696E74 
 2219      00
 2220              	.LASF66:
 2221 0335 76745F6E 		.ascii	"vt_next\000"
 2221      65787400 
 2222              	.LASF123:
 2223 033d 77747365 		.ascii	"wtsemp\000"
 2223      6D7000
 2224              	.LASF68:
 2225 0344 76745F64 		.ascii	"vt_delta\000"
 2225      656C7461 
 2225      00
 2226              	.LASF74:
 2227 034d 73797374 		.ascii	"system_debug_t\000"
 2227      656D5F64 
 2227      65627567 
 2227      5F7400
 2228              	.LASF128:
 2229 035c 735F636E 		.ascii	"s_cnt\000"
 2229      7400
 2230              	.LASF115:
 2231 0362 636F6E74 		.ascii	"context\000"
 2231      65787400 
 2232              	.LASF6:
 2233 036a 73686F72 		.ascii	"short unsigned int\000"
 2233      7420756E 
 2233      7369676E 
 2233      65642069 
 2233      6E7400
 2234              	.LASF51:
 2235 037d 63685F74 		.ascii	"ch_thread\000"
 2235      68726561 
 2235      6400
 2236              	.LASF25:
 2237 0387 6D73675F 		.ascii	"msg_t\000"
 2237      7400
 2238              	.LASF77:
 2239 038d 63685F73 		.ascii	"ch_system_t\000"
 2239      79737465 
 2239      6D5F7400 
 2240              	.LASF20:
 2241 0399 746D6F64 		.ascii	"tmode_t\000"
 2241      655F7400 
 2242              	.LASF56:
 2243 03a1 63685F72 		.ascii	"ch_ready_list\000"
 2243      65616479 
 2243      5F6C6973 
 2243      7400
 2244              	.LASF26:
 2245 03af 6576656E 		.ascii	"eventmask_t\000"
 2245      746D6173 
ARM GAS  /tmp/ccPdPQHS.s 			page 43


 2245      6B5F7400 
 2246              	.LASF7:
 2247 03bb 5F5F696E 		.ascii	"__int32_t\000"
 2247      7433325F 
 2247      7400
 2248              	.LASF114:
 2249 03c5 73746B61 		.ascii	"stkalign_t\000"
 2249      6C69676E 
 2249      5F7400
 2250              	.LASF86:
 2251 03d0 4A4F4652 		.ascii	"JOFR1\000"
 2251      3100
 2252              	.LASF87:
 2253 03d6 4A4F4652 		.ascii	"JOFR2\000"
 2253      3200
 2254              	.LASF88:
 2255 03dc 4A4F4652 		.ascii	"JOFR3\000"
 2255      3300
 2256              	.LASF89:
 2257 03e2 4A4F4652 		.ascii	"JOFR4\000"
 2257      3400
 2258              	.LASF19:
 2259 03e8 7274636E 		.ascii	"rtcnt_t\000"
 2259      745F7400 
 2260              	.LASF49:
 2261 03f0 74687265 		.ascii	"thread_reference_t\000"
 2261      61645F72 
 2261      65666572 
 2261      656E6365 
 2261      5F7400
 2262              	.LASF72:
 2263 0403 63685F76 		.ascii	"ch_virtual_timers_list\000"
 2263      69727475 
 2263      616C5F74 
 2263      696D6572 
 2263      735F6C69 
 2264              	.LASF69:
 2265 041a 76745F66 		.ascii	"vt_func\000"
 2265      756E6300 
 2266              	.LASF27:
 2267 0422 636E745F 		.ascii	"cnt_t\000"
 2267      7400
 2268              	.LASF118:
 2269 0428 746D5F63 		.ascii	"tm_calibration_t\000"
 2269      616C6962 
 2269      72617469 
 2269      6F6E5F74 
 2269      00
 2270              	.LASF94:
 2271 0439 4A445231 		.ascii	"JDR1\000"
 2271      00
 2272              	.LASF95:
 2273 043e 4A445232 		.ascii	"JDR2\000"
 2273      00
 2274              	.LASF35:
 2275 0443 705F6F6C 		.ascii	"p_older\000"
 2275      64657200 
ARM GAS  /tmp/ccPdPQHS.s 			page 44


 2276              	.LASF59:
 2277 044b 725F6374 		.ascii	"r_ctx\000"
 2277      7800
 2278              	.LASF84:
 2279 0451 534D5052 		.ascii	"SMPR1\000"
 2279      3100
 2280              	.LASF85:
 2281 0457 534D5052 		.ascii	"SMPR2\000"
 2281      3200
 2282              	.LASF147:
 2283 045d 54494D5F 		.ascii	"TIM_GetITStatus\000"
 2283      47657449 
 2283      54537461 
 2283      74757300 
 2284              	.LASF39:
 2285 046d 705F7265 		.ascii	"p_refs\000"
 2285      667300
 2286              	.LASF62:
 2287 0474 725F6375 		.ascii	"r_current\000"
 2287      7272656E 
 2287      7400
 2288              	.LASF61:
 2289 047e 725F6F6C 		.ascii	"r_older\000"
 2289      64657200 
 2290              	.LASF109:
 2291 0486 444D4152 		.ascii	"DMAR\000"
 2291      00
 2292              	.LASF90:
 2293 048b 53515231 		.ascii	"SQR1\000"
 2293      00
 2294              	.LASF91:
 2295 0490 53515232 		.ascii	"SQR2\000"
 2295      00
 2296              	.LASF92:
 2297 0495 53515233 		.ascii	"SQR3\000"
 2297      00
 2298              	.LASF12:
 2299 049a 5F5F7569 		.ascii	"__uint64_t\000"
 2299      6E743634 
 2299      5F7400
 2300              	.LASF144:
 2301 04a5 4144435F 		.ascii	"ADC_ClearITPendingBit\000"
 2301      436C6561 
 2301      72495450 
 2301      656E6469 
 2301      6E674269 
 2302              	.LASF136:
 2303 04bb 666C6F61 		.ascii	"float\000"
 2303      7400
 2304              	.LASF22:
 2305 04c1 74726566 		.ascii	"trefs_t\000"
 2305      735F7400 
 2306              	.LASF64:
 2307 04c9 76697274 		.ascii	"virtual_timer_t\000"
 2307      75616C5F 
 2307      74696D65 
 2307      725F7400 
ARM GAS  /tmp/ccPdPQHS.s 			page 45


 2308              	.LASF31:
 2309 04d9 705F7072 		.ascii	"p_prev\000"
 2309      657600
 2310              	.LASF111:
 2311 04e0 52455345 		.ascii	"RESET\000"
 2311      5400
 2312              	.LASF24:
 2313 04e6 74707269 		.ascii	"tprio_t\000"
 2313      6F5F7400 
 2314              	.LASF75:
 2315 04ee 63685F73 		.ascii	"ch_system_debug\000"
 2315      79737465 
 2315      6D5F6465 
 2315      62756700 
 2316              	.LASF135:
 2317 04fe 5F426F6F 		.ascii	"_Bool\000"
 2317      6C00
 2318              	.LASF16:
 2319 0504 696E7433 		.ascii	"int32_t\000"
 2319      325F7400 
 2320              	.LASF2:
 2321 050c 756E7369 		.ascii	"unsigned char\000"
 2321      676E6564 
 2321      20636861 
 2321      7200
 2322              	.LASF46:
 2323 051a 705F6D74 		.ascii	"p_mtxlist\000"
 2323      786C6973 
 2323      7400
 2324              	.LASF3:
 2325 0524 73686F72 		.ascii	"short int\000"
 2325      7420696E 
 2325      7400
 2326              	.LASF37:
 2327 052e 705F7374 		.ascii	"p_state\000"
 2327      61746500 
 2328              	.LASF40:
 2329 0536 705F7072 		.ascii	"p_preempt\000"
 2329      65656D70 
 2329      7400
 2330              	.LASF58:
 2331 0540 725F7072 		.ascii	"r_prio\000"
 2331      696F00
 2332              	.LASF125:
 2333 0547 65776D61 		.ascii	"ewmask\000"
 2333      736B00
 2334              	.LASF30:
 2335 054e 705F6E65 		.ascii	"p_next\000"
 2335      787400
 2336              	.LASF38:
 2337 0555 705F666C 		.ascii	"p_flags\000"
 2337      61677300 
 2338              	.LASF53:
 2339 055d 74687265 		.ascii	"threads_queue_t\000"
 2339      6164735F 
 2339      71756575 
 2339      655F7400 
ARM GAS  /tmp/ccPdPQHS.s 			page 46


 2340              	.LASF126:
 2341 056d 63685F73 		.ascii	"ch_semaphore\000"
 2341      656D6170 
 2341      686F7265 
 2341      00
 2342              	.LASF45:
 2343 057a 705F6570 		.ascii	"p_epending\000"
 2343      656E6469 
 2343      6E6700
 2344              	.LASF17:
 2345 0585 75696E74 		.ascii	"uint32_t\000"
 2345      33325F74 
 2345      00
 2346              	.LASF124:
 2347 058e 77746D74 		.ascii	"wtmtxp\000"
 2347      787000
 2348              	.LASF57:
 2349 0595 725F7175 		.ascii	"r_queue\000"
 2349      65756500 
 2350              	.LASF73:
 2351 059d 76745F73 		.ascii	"vt_systime\000"
 2351      79737469 
 2351      6D6500
 2352              	.LASF52:
 2353 05a8 63685F74 		.ascii	"ch_threads_list\000"
 2353      68726561 
 2353      64735F6C 
 2353      69737400 
 2354              	.LASF10:
 2355 05b8 6C6F6E67 		.ascii	"long unsigned int\000"
 2355      20756E73 
 2355      69676E65 
 2355      6420696E 
 2355      7400
 2356              	.LASF133:
 2357 05ca 63686172 		.ascii	"char\000"
 2357      00
 2358              	.LASF99:
 2359 05cf 534D4352 		.ascii	"SMCR\000"
 2359      00
 2360              	.LASF5:
 2361 05d4 5F5F7569 		.ascii	"__uint16_t\000"
 2361      6E743136 
 2361      5F7400
 2362              	.LASF29:
 2363 05df 74687265 		.ascii	"thread_t\000"
 2363      61645F74 
 2363      00
 2364              	.LASF103:
 2365 05e8 43434552 		.ascii	"CCER\000"
 2365      00
 2366              	.LASF132:
 2367 05ed 6D5F6E65 		.ascii	"m_next\000"
 2367      787400
 2368              	.LASF28:
 2369 05f4 73797374 		.ascii	"systime_t\000"
 2369      696D655F 
ARM GAS  /tmp/ccPdPQHS.s 			page 47


 2369      7400
 2370              	.LASF47:
 2371 05fe 705F7265 		.ascii	"p_realprio\000"
 2371      616C7072 
 2371      696F00
 2372              	.LASF63:
 2373 0609 76746675 		.ascii	"vtfunc_t\000"
 2373      6E635F74 
 2373      00
 2374              	.LASF9:
 2375 0612 5F5F7569 		.ascii	"__uint32_t\000"
 2375      6E743332 
 2375      5F7400
 2376              	.LASF76:
 2377 061d 70616E69 		.ascii	"panic_msg\000"
 2377      635F6D73 
 2377      6700
 2378              	.LASF117:
 2379 0627 6F666673 		.ascii	"offset\000"
 2379      657400
 2380              	.LASF41:
 2381 062e 705F7469 		.ascii	"p_time\000"
 2381      6D6500
 2382              	.LASF65:
 2383 0635 63685F76 		.ascii	"ch_virtual_timer\000"
 2383      69727475 
 2383      616C5F74 
 2383      696D6572 
 2383      00
 2384              	.LASF43:
 2385 0646 705F6D73 		.ascii	"p_msgqueue\000"
 2385      67717565 
 2385      756500
 2386              	.LASF70:
 2387 0651 76745F70 		.ascii	"vt_par\000"
 2387      617200
 2388              	.LASF141:
 2389 0658 6D635F69 		.ascii	"mc_interface_adc_inj_int_handler\000"
 2389      6E746572 
 2389      66616365 
 2389      5F616463 
 2389      5F696E6A 
 2390              	.LASF104:
 2391 0679 43435231 		.ascii	"CCR1\000"
 2391      00
 2392              	.LASF105:
 2393 067e 43435232 		.ascii	"CCR2\000"
 2393      00
 2394              	.LASF106:
 2395 0683 43435233 		.ascii	"CCR3\000"
 2395      00
 2396              	.LASF107:
 2397 0688 43435234 		.ascii	"CCR4\000"
 2397      00
 2398              	.LASF137:
 2399 068d 56656374 		.ascii	"Vector88\000"
 2399      6F723838 
ARM GAS  /tmp/ccPdPQHS.s 			page 48


 2399      00
 2400              	.LASF142:
 2401 0696 5F706F72 		.ascii	"_port_irq_epilogue\000"
 2401      745F6972 
 2401      715F6570 
 2401      696C6F67 
 2401      756500
 2402              	.LASF79:
 2403 06a9 726C6973 		.ascii	"rlist\000"
 2403      7400
 2404              	.LASF14:
 2405 06af 75696E74 		.ascii	"uint8_t\000"
 2405      385F7400 
 2406              	.LASF150:
 2407 06b7 6972715F 		.ascii	"irq_handlers.c\000"
 2407      68616E64 
 2407      6C657273 
 2407      2E6300
 2408              	.LASF83:
 2409 06c6 73697A65 		.ascii	"sizetype\000"
 2409      74797065 
 2409      00
 2410              	.LASF96:
 2411 06cf 4A445233 		.ascii	"JDR3\000"
 2411      00
 2412              	.LASF97:
 2413 06d4 4A445234 		.ascii	"JDR4\000"
 2413      00
 2414              	.LASF129:
 2415 06d9 63685F6D 		.ascii	"ch_mutex\000"
 2415      75746578 
 2415      00
 2416              	.LASF36:
 2417 06e2 705F6E61 		.ascii	"p_name\000"
 2417      6D6500
 2418              	.LASF50:
 2419 06e9 74687265 		.ascii	"threads_list_t\000"
 2419      6164735F 
 2419      6C697374 
 2419      5F7400
 2420              	.LASF44:
 2421 06f8 705F6D73 		.ascii	"p_msg\000"
 2421      6700
 2422              	.LASF138:
 2423 06fe 56656374 		.ascii	"VectorE0\000"
 2423      6F724530 
 2423      00
 2424              	.LASF131:
 2425 0707 6D5F6F77 		.ascii	"m_owner\000"
 2425      6E657200 
 2426              	.LASF33:
 2427 070f 705F6374 		.ascii	"p_ctx\000"
 2427      7800
 2428              	.LASF42:
 2429 0715 705F7761 		.ascii	"p_waiting\000"
 2429      6974696E 
 2429      6700
ARM GAS  /tmp/ccPdPQHS.s 			page 49


 2430              		.ident	"GCC: (GNU Tools for ARM Embedded Processors) 4.9.3 20150529 (release) [ARM/embedded-4_9-br
ARM GAS  /tmp/ccPdPQHS.s 			page 50


DEFINED SYMBOLS
                            *ABS*:0000000000000000 irq_handlers.c
     /tmp/ccPdPQHS.s:21     .text.Vector88:0000000000000000 $t
     /tmp/ccPdPQHS.s:27     .text.Vector88:0000000000000000 Vector88
     /tmp/ccPdPQHS.s:57     .text.Vector88:0000000000000018 $d
     /tmp/ccPdPQHS.s:62     .text.VectorE0:0000000000000000 $t
     /tmp/ccPdPQHS.s:68     .text.VectorE0:0000000000000000 VectorE0
     /tmp/ccPdPQHS.s:102    .text.VectorB8:0000000000000000 $t
     /tmp/ccPdPQHS.s:108    .text.VectorB8:0000000000000000 VectorB8
     /tmp/ccPdPQHS.s:143    .text.VectorB8:0000000000000020 $d
                     .debug_frame:0000000000000010 $d

UNDEFINED SYMBOLS
ADC_ClearITPendingBit
mc_interface_adc_inj_int_handler
_port_irq_epilogue
EXTI_GetITStatus
encoder_reset
EXTI_ClearITPendingBit
TIM_GetITStatus
encoder_tim_isr
TIM_ClearITPendingBit
